nohup: ignoring input
2026-03-06 15:39:53,055 | INFO | 输出目录: /home/bcl/wanghongyu/wanghongyu_humx/dynamic/ssem/outputs/20260306_153953
2026-03-06 15:39:53,083 | INFO | preprocess slices shape: torch.Size([125, 1, 312, 312])
/home/bcl/wanghongyu/wanghongyu_humx/dynamic/ssem/models/gpu_utils.py:10: VisibleDeprecationWarning: This function is deprecated and will be removed in a future release. Use the cupy.from_dlpack() array constructor instead.
  def torch_to_cupy(x): return cp.fromDlpack(to_dlpack(x))
/home/bcl/wanghongyu/wanghongyu_humx/dynamic/ssem/models/gpu_utils.py:9: VisibleDeprecationWarning: This function is deprecated and will be removed in a future release. Use the cupy.from_dlpack() array constructor instead.
  def cupy_to_torch(x): return from_dlpack(x.toDlpack())
2026-03-06 15:40:15,087 | INFO | epoch=1 loss_total=9.043651 loss_w2=9.043651 loss_reg=0.000000
2026-03-06 15:40:30,289 | INFO | epoch=2 loss_total=9.033434 loss_w2=9.033434 loss_reg=0.000000
2026-03-06 15:40:46,997 | INFO | epoch=3 loss_total=9.023347 loss_w2=9.023346 loss_reg=0.000001
2026-03-06 15:41:03,315 | INFO | epoch=4 loss_total=9.013404 loss_w2=9.013403 loss_reg=0.000001
2026-03-06 15:41:20,162 | INFO | epoch=5 loss_total=9.003587 loss_w2=9.003585 loss_reg=0.000002
2026-03-06 15:41:37,711 | INFO | epoch=6 loss_total=8.993909 loss_w2=8.993905 loss_reg=0.000004
2026-03-06 15:41:54,245 | INFO | epoch=7 loss_total=8.984355 loss_w2=8.984350 loss_reg=0.000005
2026-03-06 15:42:10,947 | INFO | epoch=8 loss_total=8.974934 loss_w2=8.974927 loss_reg=0.000007
2026-03-06 15:42:27,873 | INFO | epoch=9 loss_total=8.965633 loss_w2=8.965624 loss_reg=0.000009
2026-03-06 15:42:44,813 | INFO | epoch=10 loss_total=8.956460 loss_w2=8.956449 loss_reg=0.000012
2026-03-06 15:43:01,832 | INFO | epoch=11 loss_total=8.947399 loss_w2=8.947385 loss_reg=0.000014
2026-03-06 15:43:19,312 | INFO | epoch=12 loss_total=8.938469 loss_w2=8.938452 loss_reg=0.000017
2026-03-06 15:43:36,126 | INFO | epoch=13 loss_total=8.929642 loss_w2=8.929622 loss_reg=0.000020
2026-03-06 15:43:53,317 | INFO | epoch=14 loss_total=8.920936 loss_w2=8.920912 loss_reg=0.000024
2026-03-06 15:44:09,972 | INFO | epoch=15 loss_total=8.912330 loss_w2=8.912302 loss_reg=0.000028
2026-03-06 15:44:27,152 | INFO | epoch=16 loss_total=8.903837 loss_w2=8.903806 loss_reg=0.000032
2026-03-06 15:44:43,945 | INFO | epoch=17 loss_total=8.895444 loss_w2=8.895408 loss_reg=0.000036
2026-03-06 15:45:01,064 | INFO | epoch=18 loss_total=8.887158 loss_w2=8.887118 loss_reg=0.000040
2026-03-06 15:45:18,070 | INFO | epoch=19 loss_total=8.878970 loss_w2=8.878925 loss_reg=0.000045
2026-03-06 15:45:35,038 | INFO | epoch=20 loss_total=8.870877 loss_w2=8.870827 loss_reg=0.000050
2026-03-06 15:45:52,883 | INFO | epoch=21 loss_total=8.862884 loss_w2=8.862828 loss_reg=0.000055
2026-03-06 15:46:09,512 | INFO | epoch=22 loss_total=8.854979 loss_w2=8.854918 loss_reg=0.000061
2026-03-06 15:46:26,504 | INFO | epoch=23 loss_total=8.847157 loss_w2=8.847091 loss_reg=0.000067
2026-03-06 15:46:44,138 | INFO | epoch=24 loss_total=8.839426 loss_w2=8.839354 loss_reg=0.000073
2026-03-06 15:47:00,937 | INFO | epoch=25 loss_total=8.831777 loss_w2=8.831697 loss_reg=0.000079
2026-03-06 15:47:17,674 | INFO | epoch=26 loss_total=8.824219 loss_w2=8.824134 loss_reg=0.000085
2026-03-06 15:47:34,650 | INFO | epoch=27 loss_total=8.816743 loss_w2=8.816651 loss_reg=0.000092
2026-03-06 15:47:52,183 | INFO | epoch=28 loss_total=8.809337 loss_w2=8.809238 loss_reg=0.000099
2026-03-06 15:48:10,058 | INFO | epoch=29 loss_total=8.802003 loss_w2=8.801897 loss_reg=0.000106
2026-03-06 15:48:27,336 | INFO | epoch=30 loss_total=8.794747 loss_w2=8.794635 loss_reg=0.000113
2026-03-06 15:48:44,176 | INFO | epoch=31 loss_total=8.787560 loss_w2=8.787440 loss_reg=0.000120
2026-03-06 15:49:01,641 | INFO | epoch=32 loss_total=8.780438 loss_w2=8.780311 loss_reg=0.000128
2026-03-06 15:49:19,085 | INFO | epoch=33 loss_total=8.773387 loss_w2=8.773251 loss_reg=0.000136
2026-03-06 15:49:36,343 | INFO | epoch=34 loss_total=8.766401 loss_w2=8.766257 loss_reg=0.000144
2026-03-06 15:49:53,351 | INFO | epoch=35 loss_total=8.759477 loss_w2=8.759324 loss_reg=0.000152
2026-03-06 15:50:10,099 | INFO | epoch=36 loss_total=8.752608 loss_w2=8.752447 loss_reg=0.000161
2026-03-06 15:50:27,484 | INFO | epoch=37 loss_total=8.745804 loss_w2=8.745634 loss_reg=0.000170
2026-03-06 15:50:44,507 | INFO | epoch=38 loss_total=8.739054 loss_w2=8.738875 loss_reg=0.000179
2026-03-06 15:51:01,535 | INFO | epoch=39 loss_total=8.732366 loss_w2=8.732178 loss_reg=0.000188
2026-03-06 15:51:18,291 | INFO | epoch=40 loss_total=8.725723 loss_w2=8.725526 loss_reg=0.000197
2026-03-06 15:51:35,239 | INFO | epoch=41 loss_total=8.719138 loss_w2=8.718931 loss_reg=0.000207
2026-03-06 15:51:52,704 | INFO | epoch=42 loss_total=8.712607 loss_w2=8.712391 loss_reg=0.000216
2026-03-06 15:52:09,774 | INFO | epoch=43 loss_total=8.706116 loss_w2=8.705890 loss_reg=0.000226
2026-03-06 15:52:26,878 | INFO | epoch=44 loss_total=8.699676 loss_w2=8.699439 loss_reg=0.000236
2026-03-06 15:52:44,132 | INFO | epoch=45 loss_total=8.693279 loss_w2=8.693032 loss_reg=0.000247
2026-03-06 15:53:00,854 | INFO | epoch=46 loss_total=8.686929 loss_w2=8.686671 loss_reg=0.000257
2026-03-06 15:53:17,952 | INFO | epoch=47 loss_total=8.680620 loss_w2=8.680352 loss_reg=0.000268
2026-03-06 15:53:35,382 | INFO | epoch=48 loss_total=8.674348 loss_w2=8.674069 loss_reg=0.000279
2026-03-06 15:53:52,612 | INFO | epoch=49 loss_total=8.668121 loss_w2=8.667831 loss_reg=0.000290
2026-03-06 15:54:09,659 | INFO | epoch=50 loss_total=8.661933 loss_w2=8.661632 loss_reg=0.000301
2026-03-06 15:54:30,574 | INFO | epoch=51 loss_total=8.655783 loss_w2=8.655470 loss_reg=0.000312
2026-03-06 15:54:47,508 | INFO | epoch=52 loss_total=8.649665 loss_w2=8.649341 loss_reg=0.000324
2026-03-06 15:55:04,814 | INFO | epoch=53 loss_total=8.643586 loss_w2=8.643250 loss_reg=0.000336
2026-03-06 15:55:21,943 | INFO | epoch=54 loss_total=8.637534 loss_w2=8.637186 loss_reg=0.000348
2026-03-06 15:55:38,826 | INFO | epoch=55 loss_total=8.631516 loss_w2=8.631156 loss_reg=0.000360
2026-03-06 15:55:55,967 | INFO | epoch=56 loss_total=8.625529 loss_w2=8.625157 loss_reg=0.000372
2026-03-06 15:56:13,145 | INFO | epoch=57 loss_total=8.619573 loss_w2=8.619187 loss_reg=0.000385
2026-03-06 15:56:30,172 | INFO | epoch=58 loss_total=8.613638 loss_w2=8.613240 loss_reg=0.000398
2026-03-06 15:56:47,168 | INFO | epoch=59 loss_total=8.607728 loss_w2=8.607318 loss_reg=0.000410
2026-03-06 15:57:04,356 | INFO | epoch=60 loss_total=8.601851 loss_w2=8.601428 loss_reg=0.000424
2026-03-06 15:57:21,435 | INFO | epoch=61 loss_total=8.596003 loss_w2=8.595566 loss_reg=0.000437
2026-03-06 15:57:38,272 | INFO | epoch=62 loss_total=8.590173 loss_w2=8.589723 loss_reg=0.000450
2026-03-06 15:57:55,291 | INFO | epoch=63 loss_total=8.584365 loss_w2=8.583901 loss_reg=0.000464
2026-03-06 15:58:12,256 | INFO | epoch=64 loss_total=8.578573 loss_w2=8.578095 loss_reg=0.000478
2026-03-06 15:58:28,907 | INFO | epoch=65 loss_total=8.572811 loss_w2=8.572320 loss_reg=0.000492
2026-03-06 15:58:46,129 | INFO | epoch=66 loss_total=8.567061 loss_w2=8.566556 loss_reg=0.000506
2026-03-06 15:59:03,105 | INFO | epoch=67 loss_total=8.561327 loss_w2=8.560807 loss_reg=0.000520
2026-03-06 15:59:20,458 | INFO | epoch=68 loss_total=8.555618 loss_w2=8.555084 loss_reg=0.000534
2026-03-06 15:59:37,911 | INFO | epoch=69 loss_total=8.549919 loss_w2=8.549370 loss_reg=0.000549
2026-03-06 15:59:54,654 | INFO | epoch=70 loss_total=8.544238 loss_w2=8.543674 loss_reg=0.000564
2026-03-06 16:00:11,503 | INFO | epoch=71 loss_total=8.538566 loss_w2=8.537987 loss_reg=0.000579
2026-03-06 16:00:28,574 | INFO | epoch=72 loss_total=8.532907 loss_w2=8.532313 loss_reg=0.000594
2026-03-06 16:00:45,566 | INFO | epoch=73 loss_total=8.527252 loss_w2=8.526643 loss_reg=0.000610
2026-03-06 16:01:02,177 | INFO | epoch=74 loss_total=8.521617 loss_w2=8.520992 loss_reg=0.000625
2026-03-06 16:01:19,024 | INFO | epoch=75 loss_total=8.515990 loss_w2=8.515349 loss_reg=0.000641
2026-03-06 16:01:36,312 | INFO | epoch=76 loss_total=8.510371 loss_w2=8.509714 loss_reg=0.000657
2026-03-06 16:01:53,598 | INFO | epoch=77 loss_total=8.504751 loss_w2=8.504079 loss_reg=0.000673
2026-03-06 16:02:10,646 | INFO | epoch=78 loss_total=8.499147 loss_w2=8.498459 loss_reg=0.000689
2026-03-06 16:02:27,784 | INFO | epoch=79 loss_total=8.493539 loss_w2=8.492833 loss_reg=0.000705
2026-03-06 16:02:44,955 | INFO | epoch=80 loss_total=8.487947 loss_w2=8.487225 loss_reg=0.000722
2026-03-06 16:03:01,677 | INFO | epoch=81 loss_total=8.482351 loss_w2=8.481612 loss_reg=0.000739
2026-03-06 16:03:18,467 | INFO | epoch=82 loss_total=8.476754 loss_w2=8.475999 loss_reg=0.000756
2026-03-06 16:03:35,329 | INFO | epoch=83 loss_total=8.471168 loss_w2=8.470395 loss_reg=0.000773
2026-03-06 16:03:52,298 | INFO | epoch=84 loss_total=8.465581 loss_w2=8.464790 loss_reg=0.000790
2026-03-06 16:04:09,150 | INFO | epoch=85 loss_total=8.459984 loss_w2=8.459176 loss_reg=0.000808
2026-03-06 16:04:25,951 | INFO | epoch=86 loss_total=8.454389 loss_w2=8.453564 loss_reg=0.000825
2026-03-06 16:04:43,088 | INFO | epoch=87 loss_total=8.448790 loss_w2=8.447947 loss_reg=0.000843
2026-03-06 16:04:59,830 | INFO | epoch=88 loss_total=8.443187 loss_w2=8.442326 loss_reg=0.000861
2026-03-06 16:05:17,024 | INFO | epoch=89 loss_total=8.437581 loss_w2=8.436702 loss_reg=0.000879
2026-03-06 16:05:34,269 | INFO | epoch=90 loss_total=8.431963 loss_w2=8.431066 loss_reg=0.000898
2026-03-06 16:05:51,186 | INFO | epoch=91 loss_total=8.426340 loss_w2=8.425424 loss_reg=0.000916
2026-03-06 16:06:08,416 | INFO | epoch=92 loss_total=8.420708 loss_w2=8.419773 loss_reg=0.000935
2026-03-06 16:06:25,304 | INFO | epoch=93 loss_total=8.415064 loss_w2=8.414110 loss_reg=0.000954
2026-03-06 16:06:42,703 | INFO | epoch=94 loss_total=8.409406 loss_w2=8.408433 loss_reg=0.000973
2026-03-06 16:06:59,565 | INFO | epoch=95 loss_total=8.403748 loss_w2=8.402756 loss_reg=0.000992
2026-03-06 16:07:16,370 | INFO | epoch=96 loss_total=8.398066 loss_w2=8.397054 loss_reg=0.001012
2026-03-06 16:07:33,615 | INFO | epoch=97 loss_total=8.392363 loss_w2=8.391332 loss_reg=0.001031
2026-03-06 16:07:51,126 | INFO | epoch=98 loss_total=8.386654 loss_w2=8.385603 loss_reg=0.001051
2026-03-06 16:08:08,054 | INFO | epoch=99 loss_total=8.380920 loss_w2=8.379849 loss_reg=0.001071
2026-03-06 16:08:25,309 | INFO | epoch=100 loss_total=8.375171 loss_w2=8.374080 loss_reg=0.001091
2026-03-06 16:08:45,980 | INFO | epoch=101 loss_total=8.369401 loss_w2=8.368289 loss_reg=0.001112
2026-03-06 16:09:02,874 | INFO | epoch=102 loss_total=8.363602 loss_w2=8.362470 loss_reg=0.001132
2026-03-06 16:09:21,149 | INFO | epoch=103 loss_total=8.357788 loss_w2=8.356635 loss_reg=0.001153
2026-03-06 16:09:38,264 | INFO | epoch=104 loss_total=8.351942 loss_w2=8.350768 loss_reg=0.001174
2026-03-06 16:09:55,802 | INFO | epoch=105 loss_total=8.346074 loss_w2=8.344879 loss_reg=0.001195
2026-03-06 16:10:13,129 | INFO | epoch=106 loss_total=8.340177 loss_w2=8.338961 loss_reg=0.001216
2026-03-06 16:10:30,132 | INFO | epoch=107 loss_total=8.334248 loss_w2=8.333011 loss_reg=0.001237
2026-03-06 16:10:47,464 | INFO | epoch=108 loss_total=8.328294 loss_w2=8.327035 loss_reg=0.001259
2026-03-06 16:11:04,931 | INFO | epoch=109 loss_total=8.322309 loss_w2=8.321028 loss_reg=0.001281
2026-03-06 16:11:22,751 | INFO | epoch=110 loss_total=8.316284 loss_w2=8.314981 loss_reg=0.001303
2026-03-06 16:11:39,836 | INFO | epoch=111 loss_total=8.310224 loss_w2=8.308899 loss_reg=0.001325
2026-03-06 16:11:56,864 | INFO | epoch=112 loss_total=8.304143 loss_w2=8.302795 loss_reg=0.001347
2026-03-06 16:12:13,735 | INFO | epoch=113 loss_total=8.298015 loss_w2=8.296645 loss_reg=0.001370
2026-03-06 16:12:31,024 | INFO | epoch=114 loss_total=8.291853 loss_w2=8.290461 loss_reg=0.001392
2026-03-06 16:12:48,019 | INFO | epoch=115 loss_total=8.285667 loss_w2=8.284252 loss_reg=0.001415
2026-03-06 16:13:05,029 | INFO | epoch=116 loss_total=8.279442 loss_w2=8.278004 loss_reg=0.001438
2026-03-06 16:13:22,039 | INFO | epoch=117 loss_total=8.273187 loss_w2=8.271725 loss_reg=0.001462
2026-03-06 16:13:39,289 | INFO | epoch=118 loss_total=8.266905 loss_w2=8.265420 loss_reg=0.001485
2026-03-06 16:13:56,706 | INFO | epoch=119 loss_total=8.260602 loss_w2=8.259093 loss_reg=0.001509
2026-03-06 16:14:13,833 | INFO | epoch=120 loss_total=8.254274 loss_w2=8.252742 loss_reg=0.001532
2026-03-06 16:14:31,069 | INFO | epoch=121 loss_total=8.247938 loss_w2=8.246382 loss_reg=0.001556
2026-03-06 16:14:48,486 | INFO | epoch=122 loss_total=8.241586 loss_w2=8.240005 loss_reg=0.001581
2026-03-06 16:15:05,433 | INFO | epoch=123 loss_total=8.235229 loss_w2=8.233624 loss_reg=0.001605
2026-03-06 16:15:22,740 | INFO | epoch=124 loss_total=8.228862 loss_w2=8.227232 loss_reg=0.001629
2026-03-06 16:15:39,911 | INFO | epoch=125 loss_total=8.222504 loss_w2=8.220850 loss_reg=0.001654
2026-03-06 16:15:57,306 | INFO | epoch=126 loss_total=8.216153 loss_w2=8.214474 loss_reg=0.001679
2026-03-06 16:16:14,932 | INFO | epoch=127 loss_total=8.209811 loss_w2=8.208107 loss_reg=0.001704
2026-03-06 16:16:32,630 | INFO | epoch=128 loss_total=8.203491 loss_w2=8.201762 loss_reg=0.001729
2026-03-06 16:16:50,317 | INFO | epoch=129 loss_total=8.197191 loss_w2=8.195436 loss_reg=0.001755
2026-03-06 16:17:07,997 | INFO | epoch=130 loss_total=8.190922 loss_w2=8.189141 loss_reg=0.001780
2026-03-06 16:17:25,732 | INFO | epoch=131 loss_total=8.184675 loss_w2=8.182870 loss_reg=0.001806
2026-03-06 16:17:43,293 | INFO | epoch=132 loss_total=8.178467 loss_w2=8.176635 loss_reg=0.001832
2026-03-06 16:18:01,076 | INFO | epoch=133 loss_total=8.172283 loss_w2=8.170425 loss_reg=0.001858
2026-03-06 16:18:18,727 | INFO | epoch=134 loss_total=8.166154 loss_w2=8.164270 loss_reg=0.001884
2026-03-06 16:18:36,339 | INFO | epoch=135 loss_total=8.160067 loss_w2=8.158156 loss_reg=0.001910
2026-03-06 16:18:53,921 | INFO | epoch=136 loss_total=8.154042 loss_w2=8.152106 loss_reg=0.001936
2026-03-06 16:19:11,169 | INFO | epoch=137 loss_total=8.148058 loss_w2=8.146095 loss_reg=0.001963
2026-03-06 16:19:28,592 | INFO | epoch=138 loss_total=8.142123 loss_w2=8.140134 loss_reg=0.001990
2026-03-06 16:19:46,109 | INFO | epoch=139 loss_total=8.136250 loss_w2=8.134234 loss_reg=0.002016
2026-03-06 16:20:03,484 | INFO | epoch=140 loss_total=8.130452 loss_w2=8.128409 loss_reg=0.002043
2026-03-06 16:20:21,391 | INFO | epoch=141 loss_total=8.124692 loss_w2=8.122622 loss_reg=0.002070
2026-03-06 16:20:39,223 | INFO | epoch=142 loss_total=8.118999 loss_w2=8.116901 loss_reg=0.002097
2026-03-06 16:20:56,992 | INFO | epoch=143 loss_total=8.113360 loss_w2=8.111236 loss_reg=0.002125
2026-03-06 16:21:14,921 | INFO | epoch=144 loss_total=8.107791 loss_w2=8.105639 loss_reg=0.002152
2026-03-06 16:21:32,176 | INFO | epoch=145 loss_total=8.102284 loss_w2=8.100105 loss_reg=0.002179
2026-03-06 16:21:49,540 | INFO | epoch=146 loss_total=8.096846 loss_w2=8.094639 loss_reg=0.002207
2026-03-06 16:22:07,027 | INFO | epoch=147 loss_total=8.091474 loss_w2=8.089239 loss_reg=0.002234
2026-03-06 16:22:24,541 | INFO | epoch=148 loss_total=8.086170 loss_w2=8.083908 loss_reg=0.002262
2026-03-06 16:22:41,914 | INFO | epoch=149 loss_total=8.080932 loss_w2=8.078642 loss_reg=0.002290
2026-03-06 16:22:59,104 | INFO | epoch=150 loss_total=8.075760 loss_w2=8.073442 loss_reg=0.002318
2026-03-06 16:23:18,504 | INFO | epoch=151 loss_total=8.070655 loss_w2=8.068309 loss_reg=0.002346
2026-03-06 16:23:35,618 | INFO | epoch=152 loss_total=8.065627 loss_w2=8.063253 loss_reg=0.002374
2026-03-06 16:23:52,725 | INFO | epoch=153 loss_total=8.060661 loss_w2=8.058260 loss_reg=0.002402
2026-03-06 16:24:10,043 | INFO | epoch=154 loss_total=8.055754 loss_w2=8.053324 loss_reg=0.002430
2026-03-06 16:24:26,769 | INFO | epoch=155 loss_total=8.050912 loss_w2=8.048454 loss_reg=0.002458
2026-03-06 16:24:43,397 | INFO | epoch=156 loss_total=8.046137 loss_w2=8.043651 loss_reg=0.002486
2026-03-06 16:25:00,092 | INFO | epoch=157 loss_total=8.041425 loss_w2=8.038911 loss_reg=0.002514
2026-03-06 16:25:16,902 | INFO | epoch=158 loss_total=8.036775 loss_w2=8.034232 loss_reg=0.002543
2026-03-06 16:25:33,970 | INFO | epoch=159 loss_total=8.032201 loss_w2=8.029630 loss_reg=0.002571
2026-03-06 16:25:51,608 | INFO | epoch=160 loss_total=8.027680 loss_w2=8.025082 loss_reg=0.002599
2026-03-06 16:26:08,898 | INFO | epoch=161 loss_total=8.023213 loss_w2=8.020586 loss_reg=0.002628
2026-03-06 16:26:26,211 | INFO | epoch=162 loss_total=8.018806 loss_w2=8.016150 loss_reg=0.002656
2026-03-06 16:26:43,215 | INFO | epoch=163 loss_total=8.014457 loss_w2=8.011772 loss_reg=0.002684
2026-03-06 16:27:00,652 | INFO | epoch=164 loss_total=8.010184 loss_w2=8.007471 loss_reg=0.002713
2026-03-06 16:27:17,819 | INFO | epoch=165 loss_total=8.005952 loss_w2=8.003211 loss_reg=0.002741
2026-03-06 16:27:34,479 | INFO | epoch=166 loss_total=8.001772 loss_w2=7.999002 loss_reg=0.002770
2026-03-06 16:27:51,691 | INFO | epoch=167 loss_total=7.997648 loss_w2=7.994850 loss_reg=0.002798
2026-03-06 16:28:09,085 | INFO | epoch=168 loss_total=7.993576 loss_w2=7.990749 loss_reg=0.002827
2026-03-06 16:28:26,744 | INFO | epoch=169 loss_total=7.989558 loss_w2=7.986703 loss_reg=0.002855
2026-03-06 16:28:44,165 | INFO | epoch=170 loss_total=7.985595 loss_w2=7.982711 loss_reg=0.002884
2026-03-06 16:29:01,698 | INFO | epoch=171 loss_total=7.981684 loss_w2=7.978771 loss_reg=0.002912
2026-03-06 16:29:18,914 | INFO | epoch=172 loss_total=7.977818 loss_w2=7.974877 loss_reg=0.002941
2026-03-06 16:29:36,676 | INFO | epoch=173 loss_total=7.974002 loss_w2=7.971033 loss_reg=0.002969
2026-03-06 16:29:54,171 | INFO | epoch=174 loss_total=7.970239 loss_w2=7.967241 loss_reg=0.002998
2026-03-06 16:30:11,696 | INFO | epoch=175 loss_total=7.966530 loss_w2=7.963504 loss_reg=0.003027
2026-03-06 16:30:28,943 | INFO | epoch=176 loss_total=7.962857 loss_w2=7.959802 loss_reg=0.003055
2026-03-06 16:30:46,105 | INFO | epoch=177 loss_total=7.959223 loss_w2=7.956140 loss_reg=0.003084
2026-03-06 16:31:03,026 | INFO | epoch=178 loss_total=7.955635 loss_w2=7.952523 loss_reg=0.003112
2026-03-06 16:31:20,031 | INFO | epoch=179 loss_total=7.952091 loss_w2=7.948951 loss_reg=0.003141
2026-03-06 16:31:37,661 | INFO | epoch=180 loss_total=7.948588 loss_w2=7.945419 loss_reg=0.003169
2026-03-06 16:31:55,044 | INFO | epoch=181 loss_total=7.945135 loss_w2=7.941937 loss_reg=0.003198
2026-03-06 16:32:12,478 | INFO | epoch=182 loss_total=7.941716 loss_w2=7.938490 loss_reg=0.003226
2026-03-06 16:32:29,852 | INFO | epoch=183 loss_total=7.938330 loss_w2=7.935076 loss_reg=0.003255
2026-03-06 16:32:47,454 | INFO | epoch=184 loss_total=7.934985 loss_w2=7.931702 loss_reg=0.003283
2026-03-06 16:33:04,510 | INFO | epoch=185 loss_total=7.931691 loss_w2=7.928380 loss_reg=0.003311
2026-03-06 16:33:22,021 | INFO | epoch=186 loss_total=7.928419 loss_w2=7.925079 loss_reg=0.003340
2026-03-06 16:33:39,221 | INFO | epoch=187 loss_total=7.925183 loss_w2=7.921815 loss_reg=0.003368
2026-03-06 16:33:56,697 | INFO | epoch=188 loss_total=7.921979 loss_w2=7.918582 loss_reg=0.003397
2026-03-06 16:34:13,476 | INFO | epoch=189 loss_total=7.918808 loss_w2=7.915383 loss_reg=0.003425
2026-03-06 16:34:30,454 | INFO | epoch=190 loss_total=7.915673 loss_w2=7.912220 loss_reg=0.003453
2026-03-06 16:34:47,077 | INFO | epoch=191 loss_total=7.912570 loss_w2=7.909088 loss_reg=0.003482
2026-03-06 16:35:03,720 | INFO | epoch=192 loss_total=7.909499 loss_w2=7.905989 loss_reg=0.003510
2026-03-06 16:35:21,238 | INFO | epoch=193 loss_total=7.906458 loss_w2=7.902919 loss_reg=0.003538
2026-03-06 16:35:38,666 | INFO | epoch=194 loss_total=7.903457 loss_w2=7.899890 loss_reg=0.003567
2026-03-06 16:35:55,498 | INFO | epoch=195 loss_total=7.900475 loss_w2=7.896880 loss_reg=0.003595
2026-03-06 16:36:12,349 | INFO | epoch=196 loss_total=7.897519 loss_w2=7.893895 loss_reg=0.003623
2026-03-06 16:36:29,381 | INFO | epoch=197 loss_total=7.894590 loss_w2=7.890939 loss_reg=0.003652
2026-03-06 16:36:46,680 | INFO | epoch=198 loss_total=7.891688 loss_w2=7.888008 loss_reg=0.003680
2026-03-06 16:37:04,629 | INFO | epoch=199 loss_total=7.888814 loss_w2=7.885107 loss_reg=0.003708
2026-03-06 16:37:21,684 | INFO | epoch=200 loss_total=7.885963 loss_w2=7.882227 loss_reg=0.003736
2026-03-06 16:37:40,801 | INFO | epoch=201 loss_total=7.883139 loss_w2=7.879375 loss_reg=0.003764
2026-03-06 16:37:57,559 | INFO | epoch=202 loss_total=7.880339 loss_w2=7.876547 loss_reg=0.003793
2026-03-06 16:38:16,722 | INFO | epoch=203 loss_total=7.877565 loss_w2=7.873744 loss_reg=0.003821
2026-03-06 16:38:34,158 | INFO | epoch=204 loss_total=7.874810 loss_w2=7.870961 loss_reg=0.003849
2026-03-06 16:38:51,658 | INFO | epoch=205 loss_total=7.872080 loss_w2=7.868204 loss_reg=0.003877
2026-03-06 16:39:08,423 | INFO | epoch=206 loss_total=7.869371 loss_w2=7.865466 loss_reg=0.003905
2026-03-06 16:39:25,237 | INFO | epoch=207 loss_total=7.866685 loss_w2=7.862752 loss_reg=0.003933
2026-03-06 16:39:42,363 | INFO | epoch=208 loss_total=7.864018 loss_w2=7.860057 loss_reg=0.003961
2026-03-06 16:39:59,335 | INFO | epoch=209 loss_total=7.861376 loss_w2=7.857387 loss_reg=0.003989
2026-03-06 16:40:16,301 | INFO | epoch=210 loss_total=7.858750 loss_w2=7.854733 loss_reg=0.004017
2026-03-06 16:40:33,457 | INFO | epoch=211 loss_total=7.856143 loss_w2=7.852098 loss_reg=0.004045
2026-03-06 16:40:50,556 | INFO | epoch=212 loss_total=7.853562 loss_w2=7.849489 loss_reg=0.004073
2026-03-06 16:41:07,190 | INFO | epoch=213 loss_total=7.850997 loss_w2=7.846896 loss_reg=0.004101
2026-03-06 16:41:24,337 | INFO | epoch=214 loss_total=7.848461 loss_w2=7.844332 loss_reg=0.004129
2026-03-06 16:41:41,528 | INFO | epoch=215 loss_total=7.845938 loss_w2=7.841781 loss_reg=0.004157
2026-03-06 16:41:58,475 | INFO | epoch=216 loss_total=7.843425 loss_w2=7.839240 loss_reg=0.004185
2026-03-06 16:42:16,041 | INFO | epoch=217 loss_total=7.840936 loss_w2=7.836723 loss_reg=0.004213
2026-03-06 16:42:33,027 | INFO | epoch=218 loss_total=7.838476 loss_w2=7.834236 loss_reg=0.004241
2026-03-06 16:42:49,739 | INFO | epoch=219 loss_total=7.836030 loss_w2=7.831761 loss_reg=0.004269
2026-03-06 16:43:06,835 | INFO | epoch=220 loss_total=7.833586 loss_w2=7.829289 loss_reg=0.004296
2026-03-06 16:43:23,704 | INFO | epoch=221 loss_total=7.831160 loss_w2=7.826835 loss_reg=0.004324
2026-03-06 16:43:41,169 | INFO | epoch=222 loss_total=7.828750 loss_w2=7.824398 loss_reg=0.004352
2026-03-06 16:43:58,045 | INFO | epoch=223 loss_total=7.826355 loss_w2=7.821975 loss_reg=0.004380
2026-03-06 16:44:15,771 | INFO | epoch=224 loss_total=7.823977 loss_w2=7.819569 loss_reg=0.004408
2026-03-06 16:44:32,598 | INFO | epoch=225 loss_total=7.821615 loss_w2=7.817179 loss_reg=0.004435
2026-03-06 16:44:49,361 | INFO | epoch=226 loss_total=7.819278 loss_w2=7.814815 loss_reg=0.004463
2026-03-06 16:45:06,566 | INFO | epoch=227 loss_total=7.816950 loss_w2=7.812459 loss_reg=0.004491
2026-03-06 16:45:23,576 | INFO | epoch=228 loss_total=7.814634 loss_w2=7.810115 loss_reg=0.004519
2026-03-06 16:45:40,325 | INFO | epoch=229 loss_total=7.812349 loss_w2=7.807803 loss_reg=0.004546
2026-03-06 16:45:57,123 | INFO | epoch=230 loss_total=7.810065 loss_w2=7.805491 loss_reg=0.004574
2026-03-06 16:46:14,098 | INFO | epoch=231 loss_total=7.807802 loss_w2=7.803200 loss_reg=0.004602
2026-03-06 16:46:31,000 | INFO | epoch=232 loss_total=7.805557 loss_w2=7.800928 loss_reg=0.004630
2026-03-06 16:46:47,625 | INFO | epoch=233 loss_total=7.803320 loss_w2=7.798663 loss_reg=0.004657
2026-03-06 16:47:04,339 | INFO | epoch=234 loss_total=7.801102 loss_w2=7.796417 loss_reg=0.004685
2026-03-06 16:47:21,474 | INFO | epoch=235 loss_total=7.798896 loss_w2=7.794183 loss_reg=0.004713
2026-03-06 16:47:38,439 | INFO | epoch=236 loss_total=7.796708 loss_w2=7.791967 loss_reg=0.004740
2026-03-06 16:47:55,370 | INFO | epoch=237 loss_total=7.794530 loss_w2=7.789762 loss_reg=0.004768
2026-03-06 16:48:12,418 | INFO | epoch=238 loss_total=7.792369 loss_w2=7.787573 loss_reg=0.004795
2026-03-06 16:48:29,536 | INFO | epoch=239 loss_total=7.790228 loss_w2=7.785405 loss_reg=0.004823
2026-03-06 16:48:46,531 | INFO | epoch=240 loss_total=7.788099 loss_w2=7.783248 loss_reg=0.004851
2026-03-06 16:49:03,532 | INFO | epoch=241 loss_total=7.785986 loss_w2=7.781108 loss_reg=0.004878
2026-03-06 16:49:20,124 | INFO | epoch=242 loss_total=7.783896 loss_w2=7.778991 loss_reg=0.004906
2026-03-06 16:49:37,404 | INFO | epoch=243 loss_total=7.781817 loss_w2=7.776884 loss_reg=0.004933
2026-03-06 16:49:54,943 | INFO | epoch=244 loss_total=7.779753 loss_w2=7.774792 loss_reg=0.004961
2026-03-06 16:50:12,075 | INFO | epoch=245 loss_total=7.777719 loss_w2=7.772730 loss_reg=0.004988
2026-03-06 16:50:29,023 | INFO | epoch=246 loss_total=7.775685 loss_w2=7.770669 loss_reg=0.005016
2026-03-06 16:50:45,780 | INFO | epoch=247 loss_total=7.773670 loss_w2=7.768627 loss_reg=0.005043
2026-03-06 16:51:02,855 | INFO | epoch=248 loss_total=7.771671 loss_w2=7.766601 loss_reg=0.005071
2026-03-06 16:51:19,761 | INFO | epoch=249 loss_total=7.769690 loss_w2=7.764591 loss_reg=0.005098
2026-03-06 16:51:36,737 | INFO | epoch=250 loss_total=7.767714 loss_w2=7.762589 loss_reg=0.005126
2026-03-06 16:51:57,144 | INFO | epoch=251 loss_total=7.765766 loss_w2=7.760612 loss_reg=0.005153
2026-03-06 16:52:13,863 | INFO | epoch=252 loss_total=7.763836 loss_w2=7.758656 loss_reg=0.005180
2026-03-06 16:52:30,875 | INFO | epoch=253 loss_total=7.761916 loss_w2=7.756708 loss_reg=0.005208
2026-03-06 16:52:48,522 | INFO | epoch=254 loss_total=7.760018 loss_w2=7.754783 loss_reg=0.005235
2026-03-06 16:53:05,755 | INFO | epoch=255 loss_total=7.758128 loss_w2=7.752866 loss_reg=0.005263
2026-03-06 16:53:22,673 | INFO | epoch=256 loss_total=7.756254 loss_w2=7.750964 loss_reg=0.005290
2026-03-06 16:53:39,631 | INFO | epoch=257 loss_total=7.754397 loss_w2=7.749080 loss_reg=0.005317
2026-03-06 16:53:56,891 | INFO | epoch=258 loss_total=7.752558 loss_w2=7.747214 loss_reg=0.005345
2026-03-06 16:54:13,919 | INFO | epoch=259 loss_total=7.750730 loss_w2=7.745358 loss_reg=0.005372
2026-03-06 16:54:31,422 | INFO | epoch=260 loss_total=7.748917 loss_w2=7.743517 loss_reg=0.005399
2026-03-06 16:54:48,306 | INFO | epoch=261 loss_total=7.747117 loss_w2=7.741690 loss_reg=0.005426
2026-03-06 16:55:05,642 | INFO | epoch=262 loss_total=7.745335 loss_w2=7.739882 loss_reg=0.005453
2026-03-06 16:55:22,594 | INFO | epoch=263 loss_total=7.743581 loss_w2=7.738101 loss_reg=0.005481
2026-03-06 16:55:40,025 | INFO | epoch=264 loss_total=7.741836 loss_w2=7.736328 loss_reg=0.005508
2026-03-06 16:55:57,646 | INFO | epoch=265 loss_total=7.740097 loss_w2=7.734561 loss_reg=0.005535
2026-03-06 16:56:14,567 | INFO | epoch=266 loss_total=7.738370 loss_w2=7.732808 loss_reg=0.005562
2026-03-06 16:56:31,750 | INFO | epoch=267 loss_total=7.736660 loss_w2=7.731071 loss_reg=0.005589
2026-03-06 16:56:49,106 | INFO | epoch=268 loss_total=7.734980 loss_w2=7.729364 loss_reg=0.005616
2026-03-06 16:57:06,392 | INFO | epoch=269 loss_total=7.733300 loss_w2=7.727657 loss_reg=0.005643
2026-03-06 16:57:23,832 | INFO | epoch=270 loss_total=7.731633 loss_w2=7.725963 loss_reg=0.005670
2026-03-06 16:57:40,692 | INFO | epoch=271 loss_total=7.729982 loss_w2=7.724285 loss_reg=0.005697
2026-03-06 16:57:58,243 | INFO | epoch=272 loss_total=7.728358 loss_w2=7.722634 loss_reg=0.005724
2026-03-06 16:58:15,554 | INFO | epoch=273 loss_total=7.726734 loss_w2=7.720983 loss_reg=0.005751
2026-03-06 16:58:32,521 | INFO | epoch=274 loss_total=7.725123 loss_w2=7.719345 loss_reg=0.005778
2026-03-06 16:58:49,353 | INFO | epoch=275 loss_total=7.723529 loss_w2=7.717723 loss_reg=0.005805
2026-03-06 16:59:06,341 | INFO | epoch=276 loss_total=7.721945 loss_w2=7.716113 loss_reg=0.005832
2026-03-06 16:59:23,676 | INFO | epoch=277 loss_total=7.720397 loss_w2=7.714538 loss_reg=0.005859
2026-03-06 16:59:40,333 | INFO | epoch=278 loss_total=7.718841 loss_w2=7.712955 loss_reg=0.005886
2026-03-06 16:59:58,125 | INFO | epoch=279 loss_total=7.717300 loss_w2=7.711388 loss_reg=0.005913
2026-03-06 17:00:15,394 | INFO | epoch=280 loss_total=7.715780 loss_w2=7.709841 loss_reg=0.005940
2026-03-06 17:00:32,519 | INFO | epoch=281 loss_total=7.714265 loss_w2=7.708299 loss_reg=0.005966
2026-03-06 17:00:49,705 | INFO | epoch=282 loss_total=7.712763 loss_w2=7.706770 loss_reg=0.005993
2026-03-06 17:01:06,831 | INFO | epoch=283 loss_total=7.711270 loss_w2=7.705251 loss_reg=0.006020
2026-03-06 17:01:23,621 | INFO | epoch=284 loss_total=7.709795 loss_w2=7.703748 loss_reg=0.006047
2026-03-06 17:01:40,525 | INFO | epoch=285 loss_total=7.708331 loss_w2=7.702258 loss_reg=0.006073
2026-03-06 17:01:57,701 | INFO | epoch=286 loss_total=7.706876 loss_w2=7.700776 loss_reg=0.006100
2026-03-06 17:02:14,879 | INFO | epoch=287 loss_total=7.705439 loss_w2=7.699312 loss_reg=0.006127
2026-03-06 17:02:32,074 | INFO | epoch=288 loss_total=7.704024 loss_w2=7.697871 loss_reg=0.006153
2026-03-06 17:02:49,329 | INFO | epoch=289 loss_total=7.702608 loss_w2=7.696428 loss_reg=0.006180
2026-03-06 17:03:06,391 | INFO | epoch=290 loss_total=7.701204 loss_w2=7.694998 loss_reg=0.006206
2026-03-06 17:03:23,294 | INFO | epoch=291 loss_total=7.699819 loss_w2=7.693586 loss_reg=0.006233
2026-03-06 17:03:40,733 | INFO | epoch=292 loss_total=7.698446 loss_w2=7.692186 loss_reg=0.006259
2026-03-06 17:03:58,449 | INFO | epoch=293 loss_total=7.697075 loss_w2=7.690789 loss_reg=0.006286
2026-03-06 17:04:15,536 | INFO | epoch=294 loss_total=7.695716 loss_w2=7.689404 loss_reg=0.006312
2026-03-06 17:04:32,964 | INFO | epoch=295 loss_total=7.694371 loss_w2=7.688033 loss_reg=0.006339
2026-03-06 17:04:50,246 | INFO | epoch=296 loss_total=7.693034 loss_w2=7.686668 loss_reg=0.006365
2026-03-06 17:05:07,525 | INFO | epoch=297 loss_total=7.691709 loss_w2=7.685318 loss_reg=0.006391
2026-03-06 17:05:24,859 | INFO | epoch=298 loss_total=7.690412 loss_w2=7.683994 loss_reg=0.006418
2026-03-06 17:05:41,845 | INFO | epoch=299 loss_total=7.689106 loss_w2=7.682662 loss_reg=0.006444
2026-03-06 17:05:59,159 | INFO | epoch=300 loss_total=7.687815 loss_w2=7.681344 loss_reg=0.006470
2026-03-06 17:06:18,635 | INFO | epoch=301 loss_total=7.686530 loss_w2=7.680033 loss_reg=0.006497
2026-03-06 17:06:35,635 | INFO | epoch=302 loss_total=7.685261 loss_w2=7.678738 loss_reg=0.006523
2026-03-06 17:06:55,758 | INFO | epoch=303 loss_total=7.683997 loss_w2=7.677447 loss_reg=0.006549
2026-03-06 17:07:13,325 | INFO | epoch=304 loss_total=7.682747 loss_w2=7.676171 loss_reg=0.006575
2026-03-06 17:07:30,276 | INFO | epoch=305 loss_total=7.681507 loss_w2=7.674905 loss_reg=0.006602
2026-03-06 17:07:47,274 | INFO | epoch=306 loss_total=7.680274 loss_w2=7.673646 loss_reg=0.006628
2026-03-06 17:08:04,642 | INFO | epoch=307 loss_total=7.679052 loss_w2=7.672398 loss_reg=0.006654
2026-03-06 17:08:21,630 | INFO | epoch=308 loss_total=7.677845 loss_w2=7.671165 loss_reg=0.006680
2026-03-06 17:08:38,519 | INFO | epoch=309 loss_total=7.676643 loss_w2=7.669937 loss_reg=0.006706
2026-03-06 17:08:55,880 | INFO | epoch=310 loss_total=7.675451 loss_w2=7.668719 loss_reg=0.006732
2026-03-06 17:09:13,034 | INFO | epoch=311 loss_total=7.674265 loss_w2=7.667507 loss_reg=0.006758
2026-03-06 17:09:30,318 | INFO | epoch=312 loss_total=7.673090 loss_w2=7.666306 loss_reg=0.006784
2026-03-06 17:09:47,078 | INFO | epoch=313 loss_total=7.671926 loss_w2=7.665117 loss_reg=0.006810
2026-03-06 17:10:04,056 | INFO | epoch=314 loss_total=7.670769 loss_w2=7.663933 loss_reg=0.006836
2026-03-06 17:10:21,204 | INFO | epoch=315 loss_total=7.669621 loss_w2=7.662760 loss_reg=0.006862
2026-03-06 17:10:38,138 | INFO | epoch=316 loss_total=7.668483 loss_w2=7.661595 loss_reg=0.006888
2026-03-06 17:10:55,741 | INFO | epoch=317 loss_total=7.667355 loss_w2=7.660441 loss_reg=0.006913
2026-03-06 17:11:13,461 | INFO | epoch=318 loss_total=7.666245 loss_w2=7.659305 loss_reg=0.006939
2026-03-06 17:11:31,262 | INFO | epoch=319 loss_total=7.665138 loss_w2=7.658173 loss_reg=0.006965
2026-03-06 17:11:48,233 | INFO | epoch=320 loss_total=7.664043 loss_w2=7.657053 loss_reg=0.006991
2026-03-06 17:12:05,136 | INFO | epoch=321 loss_total=7.662948 loss_w2=7.655931 loss_reg=0.007017
2026-03-06 17:12:22,506 | INFO | epoch=322 loss_total=7.661860 loss_w2=7.654817 loss_reg=0.007042
2026-03-06 17:12:39,542 | INFO | epoch=323 loss_total=7.660779 loss_w2=7.653710 loss_reg=0.007068
2026-03-06 17:12:56,948 | INFO | epoch=324 loss_total=7.659705 loss_w2=7.652612 loss_reg=0.007094
2026-03-06 17:13:14,054 | INFO | epoch=325 loss_total=7.658642 loss_w2=7.651523 loss_reg=0.007119
2026-03-06 17:13:31,786 | INFO | epoch=326 loss_total=7.657598 loss_w2=7.650454 loss_reg=0.007145
2026-03-06 17:13:49,482 | INFO | epoch=327 loss_total=7.656550 loss_w2=7.649380 loss_reg=0.007170
2026-03-06 17:14:06,659 | INFO | epoch=328 loss_total=7.655512 loss_w2=7.648316 loss_reg=0.007196
2026-03-06 17:14:24,375 | INFO | epoch=329 loss_total=7.654480 loss_w2=7.647259 loss_reg=0.007221
2026-03-06 17:14:41,831 | INFO | epoch=330 loss_total=7.653458 loss_w2=7.646211 loss_reg=0.007247
2026-03-06 17:14:59,169 | INFO | epoch=331 loss_total=7.652445 loss_w2=7.645173 loss_reg=0.007272
2026-03-06 17:15:16,226 | INFO | epoch=332 loss_total=7.651439 loss_w2=7.644141 loss_reg=0.007298
2026-03-06 17:15:33,684 | INFO | epoch=333 loss_total=7.650438 loss_w2=7.643115 loss_reg=0.007323
2026-03-06 17:15:50,959 | INFO | epoch=334 loss_total=7.649446 loss_w2=7.642098 loss_reg=0.007349
2026-03-06 17:16:08,402 | INFO | epoch=335 loss_total=7.648460 loss_w2=7.641087 loss_reg=0.007374
2026-03-06 17:16:26,295 | INFO | epoch=336 loss_total=7.647479 loss_w2=7.640079 loss_reg=0.007399
2026-03-06 17:16:43,798 | INFO | epoch=337 loss_total=7.646506 loss_w2=7.639082 loss_reg=0.007424
2026-03-06 17:17:00,791 | INFO | epoch=338 loss_total=7.645551 loss_w2=7.638102 loss_reg=0.007450
2026-03-06 17:17:18,040 | INFO | epoch=339 loss_total=7.644593 loss_w2=7.637118 loss_reg=0.007475
2026-03-06 17:17:35,364 | INFO | epoch=340 loss_total=7.643642 loss_w2=7.636142 loss_reg=0.007500
2026-03-06 17:17:52,656 | INFO | epoch=341 loss_total=7.642698 loss_w2=7.635173 loss_reg=0.007525
2026-03-06 17:18:10,214 | INFO | epoch=342 loss_total=7.641760 loss_w2=7.634210 loss_reg=0.007550
2026-03-06 17:18:27,251 | INFO | epoch=343 loss_total=7.640831 loss_w2=7.633255 loss_reg=0.007576
2026-03-06 17:18:45,103 | INFO | epoch=344 loss_total=7.639907 loss_w2=7.632306 loss_reg=0.007601
2026-03-06 17:19:02,368 | INFO | epoch=345 loss_total=7.638989 loss_w2=7.631363 loss_reg=0.007626
2026-03-06 17:19:19,816 | INFO | epoch=346 loss_total=7.638078 loss_w2=7.630427 loss_reg=0.007651
2026-03-06 17:19:36,864 | INFO | epoch=347 loss_total=7.637179 loss_w2=7.629503 loss_reg=0.007676
2026-03-06 17:19:53,891 | INFO | epoch=348 loss_total=7.636281 loss_w2=7.628580 loss_reg=0.007701
2026-03-06 17:20:11,099 | INFO | epoch=349 loss_total=7.635391 loss_w2=7.627666 loss_reg=0.007726
2026-03-06 17:20:27,933 | INFO | epoch=350 loss_total=7.634507 loss_w2=7.626756 loss_reg=0.007751
2026-03-06 17:20:48,569 | INFO | epoch=351 loss_total=7.633633 loss_w2=7.625857 loss_reg=0.007776
2026-03-06 17:21:05,567 | INFO | epoch=352 loss_total=7.632762 loss_w2=7.624962 loss_reg=0.007800
2026-03-06 17:21:23,413 | INFO | epoch=353 loss_total=7.631901 loss_w2=7.624076 loss_reg=0.007825
2026-03-06 17:21:40,755 | INFO | epoch=354 loss_total=7.631042 loss_w2=7.623192 loss_reg=0.007850
2026-03-06 17:21:58,010 | INFO | epoch=355 loss_total=7.630189 loss_w2=7.622314 loss_reg=0.007875
2026-03-06 17:22:15,641 | INFO | epoch=356 loss_total=7.629346 loss_w2=7.621446 loss_reg=0.007900
2026-03-06 17:22:32,461 | INFO | epoch=357 loss_total=7.628504 loss_w2=7.620580 loss_reg=0.007924
2026-03-06 17:22:49,967 | INFO | epoch=358 loss_total=7.627674 loss_w2=7.619725 loss_reg=0.007949
2026-03-06 17:23:06,999 | INFO | epoch=359 loss_total=7.626851 loss_w2=7.618877 loss_reg=0.007974
2026-03-06 17:23:24,149 | INFO | epoch=360 loss_total=7.626029 loss_w2=7.618030 loss_reg=0.007998
2026-03-06 17:23:41,373 | INFO | epoch=361 loss_total=7.625220 loss_w2=7.617197 loss_reg=0.008023
2026-03-06 17:23:58,456 | INFO | epoch=362 loss_total=7.624419 loss_w2=7.616372 loss_reg=0.008047
2026-03-06 17:24:15,795 | INFO | epoch=363 loss_total=7.623624 loss_w2=7.615552 loss_reg=0.008072
2026-03-06 17:24:32,855 | INFO | epoch=364 loss_total=7.622859 loss_w2=7.614762 loss_reg=0.008097
2026-03-06 17:24:50,297 | INFO | epoch=365 loss_total=7.622066 loss_w2=7.613945 loss_reg=0.008121
2026-03-06 17:25:07,279 | INFO | epoch=366 loss_total=7.621280 loss_w2=7.613134 loss_reg=0.008146
2026-03-06 17:25:24,501 | INFO | epoch=367 loss_total=7.620496 loss_w2=7.612326 loss_reg=0.008170
2026-03-06 17:25:42,185 | INFO | epoch=368 loss_total=7.619719 loss_w2=7.611525 loss_reg=0.008194
2026-03-06 17:25:59,192 | INFO | epoch=369 loss_total=7.618946 loss_w2=7.610727 loss_reg=0.008219
2026-03-06 17:26:16,310 | INFO | epoch=370 loss_total=7.618182 loss_w2=7.609939 loss_reg=0.008243
2026-03-06 17:26:33,323 | INFO | epoch=371 loss_total=7.617431 loss_w2=7.609163 loss_reg=0.008267
2026-03-06 17:26:50,948 | INFO | epoch=372 loss_total=7.616677 loss_w2=7.608386 loss_reg=0.008292
2026-03-06 17:27:08,528 | INFO | epoch=373 loss_total=7.615927 loss_w2=7.607611 loss_reg=0.008316
2026-03-06 17:27:25,872 | INFO | epoch=374 loss_total=7.615185 loss_w2=7.606845 loss_reg=0.008340
2026-03-06 17:27:43,274 | INFO | epoch=375 loss_total=7.614443 loss_w2=7.606078 loss_reg=0.008365
2026-03-06 17:28:00,921 | INFO | epoch=376 loss_total=7.613721 loss_w2=7.605332 loss_reg=0.008389
2026-03-06 17:28:17,949 | INFO | epoch=377 loss_total=7.612992 loss_w2=7.604579 loss_reg=0.008413
2026-03-06 17:28:35,411 | INFO | epoch=378 loss_total=7.612275 loss_w2=7.603838 loss_reg=0.008437
2026-03-06 17:28:52,590 | INFO | epoch=379 loss_total=7.611557 loss_w2=7.603096 loss_reg=0.008461
2026-03-06 17:29:09,715 | INFO | epoch=380 loss_total=7.610842 loss_w2=7.602356 loss_reg=0.008485
2026-03-06 17:29:26,993 | INFO | epoch=381 loss_total=7.610131 loss_w2=7.601622 loss_reg=0.008509
2026-03-06 17:29:44,238 | INFO | epoch=382 loss_total=7.609427 loss_w2=7.600894 loss_reg=0.008533
2026-03-06 17:30:00,786 | INFO | epoch=383 loss_total=7.608727 loss_w2=7.600170 loss_reg=0.008557
2026-03-06 17:30:17,790 | INFO | epoch=384 loss_total=7.608039 loss_w2=7.599458 loss_reg=0.008581
2026-03-06 17:30:35,272 | INFO | epoch=385 loss_total=7.607351 loss_w2=7.598746 loss_reg=0.008605
2026-03-06 17:30:52,458 | INFO | epoch=386 loss_total=7.606665 loss_w2=7.598036 loss_reg=0.008629
2026-03-06 17:31:09,707 | INFO | epoch=387 loss_total=7.605990 loss_w2=7.597337 loss_reg=0.008653
2026-03-06 17:31:26,599 | INFO | epoch=388 loss_total=7.605314 loss_w2=7.596637 loss_reg=0.008677
2026-03-06 17:31:44,001 | INFO | epoch=389 loss_total=7.604640 loss_w2=7.595940 loss_reg=0.008701
2026-03-06 17:32:01,162 | INFO | epoch=390 loss_total=7.603975 loss_w2=7.595251 loss_reg=0.008725
2026-03-06 17:32:18,607 | INFO | epoch=391 loss_total=7.603316 loss_w2=7.594568 loss_reg=0.008748
2026-03-06 17:32:35,763 | INFO | epoch=392 loss_total=7.602656 loss_w2=7.593884 loss_reg=0.008772
2026-03-06 17:32:53,103 | INFO | epoch=393 loss_total=7.602014 loss_w2=7.593218 loss_reg=0.008796
2026-03-06 17:33:10,662 | INFO | epoch=394 loss_total=7.601369 loss_w2=7.592549 loss_reg=0.008819
2026-03-06 17:33:27,452 | INFO | epoch=395 loss_total=7.600730 loss_w2=7.591887 loss_reg=0.008843
2026-03-06 17:33:44,575 | INFO | epoch=396 loss_total=7.600089 loss_w2=7.591222 loss_reg=0.008867
2026-03-06 17:34:01,722 | INFO | epoch=397 loss_total=7.599452 loss_w2=7.590562 loss_reg=0.008890
2026-03-06 17:34:19,039 | INFO | epoch=398 loss_total=7.598814 loss_w2=7.589900 loss_reg=0.008914
2026-03-06 17:34:35,835 | INFO | epoch=399 loss_total=7.598184 loss_w2=7.589247 loss_reg=0.008937
2026-03-06 17:34:52,645 | INFO | epoch=400 loss_total=7.597560 loss_w2=7.588599 loss_reg=0.008961
2026-03-06 17:35:11,818 | INFO | epoch=401 loss_total=7.596941 loss_w2=7.587956 loss_reg=0.008984
2026-03-06 17:35:28,899 | INFO | epoch=402 loss_total=7.596307 loss_w2=7.587299 loss_reg=0.009008
2026-03-06 17:35:48,235 | INFO | epoch=403 loss_total=7.595685 loss_w2=7.586654 loss_reg=0.009031
2026-03-06 17:36:05,115 | INFO | epoch=404 loss_total=7.595084 loss_w2=7.586030 loss_reg=0.009055
2026-03-06 17:36:22,430 | INFO | epoch=405 loss_total=7.594484 loss_w2=7.585406 loss_reg=0.009078
2026-03-06 17:36:39,138 | INFO | epoch=406 loss_total=7.593891 loss_w2=7.584789 loss_reg=0.009102
2026-03-06 17:36:55,841 | INFO | epoch=407 loss_total=7.593298 loss_w2=7.584173 loss_reg=0.009125
2026-03-06 17:37:12,773 | INFO | epoch=408 loss_total=7.592708 loss_w2=7.583560 loss_reg=0.009148
2026-03-06 17:37:30,128 | INFO | epoch=409 loss_total=7.592129 loss_w2=7.582957 loss_reg=0.009171
2026-03-06 17:37:47,305 | INFO | epoch=410 loss_total=7.591550 loss_w2=7.582355 loss_reg=0.009195
2026-03-06 17:38:05,217 | INFO | epoch=411 loss_total=7.590986 loss_w2=7.581769 loss_reg=0.009218
2026-03-06 17:38:22,261 | INFO | epoch=412 loss_total=7.590418 loss_w2=7.581177 loss_reg=0.009241
2026-03-06 17:38:39,029 | INFO | epoch=413 loss_total=7.589854 loss_w2=7.580589 loss_reg=0.009264
2026-03-06 17:38:55,837 | INFO | epoch=414 loss_total=7.589290 loss_w2=7.580002 loss_reg=0.009287
2026-03-06 17:39:13,228 | INFO | epoch=415 loss_total=7.588735 loss_w2=7.579424 loss_reg=0.009311
2026-03-06 17:39:30,249 | INFO | epoch=416 loss_total=7.588177 loss_w2=7.578844 loss_reg=0.009334
2026-03-06 17:39:47,469 | INFO | epoch=417 loss_total=7.587626 loss_w2=7.578269 loss_reg=0.009357
2026-03-06 17:40:04,790 | INFO | epoch=418 loss_total=7.587076 loss_w2=7.577696 loss_reg=0.009380
2026-03-06 17:40:22,074 | INFO | epoch=419 loss_total=7.586532 loss_w2=7.577129 loss_reg=0.009403
2026-03-06 17:40:38,932 | INFO | epoch=420 loss_total=7.585990 loss_w2=7.576564 loss_reg=0.009426
2026-03-06 17:40:55,845 | INFO | epoch=421 loss_total=7.585453 loss_w2=7.576004 loss_reg=0.009449
2026-03-06 17:41:13,104 | INFO | epoch=422 loss_total=7.584919 loss_w2=7.575448 loss_reg=0.009471
2026-03-06 17:41:30,034 | INFO | epoch=423 loss_total=7.584387 loss_w2=7.574893 loss_reg=0.009494
2026-03-06 17:41:47,291 | INFO | epoch=424 loss_total=7.583865 loss_w2=7.574347 loss_reg=0.009517
2026-03-06 17:42:04,020 | INFO | epoch=425 loss_total=7.583347 loss_w2=7.573807 loss_reg=0.009540
2026-03-06 17:42:21,450 | INFO | epoch=426 loss_total=7.582826 loss_w2=7.573263 loss_reg=0.009563
2026-03-06 17:42:38,444 | INFO | epoch=427 loss_total=7.582313 loss_w2=7.572727 loss_reg=0.009586
2026-03-06 17:42:55,919 | INFO | epoch=428 loss_total=7.581798 loss_w2=7.572190 loss_reg=0.009608
2026-03-06 17:43:13,346 | INFO | epoch=429 loss_total=7.581301 loss_w2=7.571670 loss_reg=0.009631
2026-03-06 17:43:30,739 | INFO | epoch=430 loss_total=7.580796 loss_w2=7.571142 loss_reg=0.009654
2026-03-06 17:43:48,496 | INFO | epoch=431 loss_total=7.580295 loss_w2=7.570619 loss_reg=0.009677
2026-03-06 17:44:05,222 | INFO | epoch=432 loss_total=7.579824 loss_w2=7.570125 loss_reg=0.009699
2026-03-06 17:44:22,460 | INFO | epoch=433 loss_total=7.579330 loss_w2=7.569608 loss_reg=0.009722
2026-03-06 17:44:39,888 | INFO | epoch=434 loss_total=7.578841 loss_w2=7.569097 loss_reg=0.009744
2026-03-06 17:44:57,553 | INFO | epoch=435 loss_total=7.578367 loss_w2=7.568600 loss_reg=0.009767
2026-03-06 17:45:14,458 | INFO | epoch=436 loss_total=7.577849 loss_w2=7.568059 loss_reg=0.009789
2026-03-06 17:45:31,284 | INFO | epoch=437 loss_total=7.577388 loss_w2=7.567576 loss_reg=0.009812
2026-03-06 17:45:48,344 | INFO | epoch=438 loss_total=7.576910 loss_w2=7.567075 loss_reg=0.009834
2026-03-06 17:46:05,093 | INFO | epoch=439 loss_total=7.576433 loss_w2=7.566576 loss_reg=0.009857
2026-03-06 17:46:22,328 | INFO | epoch=440 loss_total=7.575962 loss_w2=7.566083 loss_reg=0.009879
2026-03-06 17:46:39,630 | INFO | epoch=441 loss_total=7.575493 loss_w2=7.565591 loss_reg=0.009902
2026-03-06 17:46:56,517 | INFO | epoch=442 loss_total=7.575031 loss_w2=7.565107 loss_reg=0.009924
2026-03-06 17:47:13,803 | INFO | epoch=443 loss_total=7.574571 loss_w2=7.564625 loss_reg=0.009946
2026-03-06 17:47:31,422 | INFO | epoch=444 loss_total=7.574111 loss_w2=7.564143 loss_reg=0.009969
2026-03-06 17:47:48,270 | INFO | epoch=445 loss_total=7.573653 loss_w2=7.563662 loss_reg=0.009991
2026-03-06 17:48:05,330 | INFO | epoch=446 loss_total=7.573200 loss_w2=7.563187 loss_reg=0.010013
2026-03-06 17:48:22,752 | INFO | epoch=447 loss_total=7.572728 loss_w2=7.562692 loss_reg=0.010036
2026-03-06 17:48:39,517 | INFO | epoch=448 loss_total=7.572279 loss_w2=7.562222 loss_reg=0.010058
2026-03-06 17:48:57,224 | INFO | epoch=449 loss_total=7.571831 loss_w2=7.561751 loss_reg=0.010080
2026-03-06 17:49:14,792 | INFO | epoch=450 loss_total=7.571393 loss_w2=7.561291 loss_reg=0.010102
2026-03-06 17:49:34,029 | INFO | epoch=451 loss_total=7.570950 loss_w2=7.560826 loss_reg=0.010124
2026-03-06 17:49:51,398 | INFO | epoch=452 loss_total=7.570521 loss_w2=7.560374 loss_reg=0.010146
2026-03-06 17:50:12,652 | INFO | epoch=453 loss_total=7.570087 loss_w2=7.559918 loss_reg=0.010169
2026-03-06 17:50:30,535 | INFO | epoch=454 loss_total=7.569661 loss_w2=7.559471 loss_reg=0.010191
2026-03-06 17:50:47,349 | INFO | epoch=455 loss_total=7.569234 loss_w2=7.559021 loss_reg=0.010213
2026-03-06 17:51:04,475 | INFO | epoch=456 loss_total=7.568809 loss_w2=7.558574 loss_reg=0.010235
2026-03-06 17:51:21,656 | INFO | epoch=457 loss_total=7.568382 loss_w2=7.558125 loss_reg=0.010257
2026-03-06 17:51:39,228 | INFO | epoch=458 loss_total=7.567966 loss_w2=7.557688 loss_reg=0.010279
2026-03-06 17:51:56,878 | INFO | epoch=459 loss_total=7.567548 loss_w2=7.557248 loss_reg=0.010300
2026-03-06 17:52:14,327 | INFO | epoch=460 loss_total=7.567128 loss_w2=7.556806 loss_reg=0.010322
2026-03-06 17:52:31,115 | INFO | epoch=461 loss_total=7.566715 loss_w2=7.556370 loss_reg=0.010344
2026-03-06 17:52:47,880 | INFO | epoch=462 loss_total=7.566309 loss_w2=7.555943 loss_reg=0.010366
2026-03-06 17:53:04,880 | INFO | epoch=463 loss_total=7.565916 loss_w2=7.555528 loss_reg=0.010388
2026-03-06 17:53:21,764 | INFO | epoch=464 loss_total=7.565508 loss_w2=7.555099 loss_reg=0.010410
2026-03-06 17:53:38,424 | INFO | epoch=465 loss_total=7.565109 loss_w2=7.554677 loss_reg=0.010432
2026-03-06 17:53:55,427 | INFO | epoch=466 loss_total=7.564709 loss_w2=7.554256 loss_reg=0.010453
2026-03-06 17:54:12,203 | INFO | epoch=467 loss_total=7.564317 loss_w2=7.553842 loss_reg=0.010475
2026-03-06 17:54:29,029 | INFO | epoch=468 loss_total=7.563921 loss_w2=7.553425 loss_reg=0.010497
2026-03-06 17:54:45,861 | INFO | epoch=469 loss_total=7.563533 loss_w2=7.553014 loss_reg=0.010518
2026-03-06 17:55:02,999 | INFO | epoch=470 loss_total=7.563146 loss_w2=7.552606 loss_reg=0.010540
2026-03-06 17:55:20,914 | INFO | epoch=471 loss_total=7.562760 loss_w2=7.552199 loss_reg=0.010562
2026-03-06 17:55:37,868 | INFO | epoch=472 loss_total=7.562379 loss_w2=7.551796 loss_reg=0.010583
2026-03-06 17:55:54,659 | INFO | epoch=473 loss_total=7.562002 loss_w2=7.551397 loss_reg=0.010605
2026-03-06 17:56:11,307 | INFO | epoch=474 loss_total=7.561626 loss_w2=7.551000 loss_reg=0.010626
2026-03-06 17:56:27,597 | INFO | epoch=475 loss_total=7.561255 loss_w2=7.550607 loss_reg=0.010648
2026-03-06 17:56:44,561 | INFO | epoch=476 loss_total=7.560884 loss_w2=7.550215 loss_reg=0.010669
2026-03-06 17:57:01,568 | INFO | epoch=477 loss_total=7.560521 loss_w2=7.549830 loss_reg=0.010691
2026-03-06 17:57:18,559 | INFO | epoch=478 loss_total=7.560157 loss_w2=7.549445 loss_reg=0.010712
2026-03-06 17:57:35,524 | INFO | epoch=479 loss_total=7.559792 loss_w2=7.549058 loss_reg=0.010734
2026-03-06 17:57:52,751 | INFO | epoch=480 loss_total=7.559428 loss_w2=7.548673 loss_reg=0.010755
2026-03-06 17:58:09,353 | INFO | epoch=481 loss_total=7.559066 loss_w2=7.548290 loss_reg=0.010776
2026-03-06 17:58:26,357 | INFO | epoch=482 loss_total=7.558709 loss_w2=7.547912 loss_reg=0.010798
2026-03-06 17:58:43,271 | INFO | epoch=483 loss_total=7.558352 loss_w2=7.547533 loss_reg=0.010819
2026-03-06 17:59:00,329 | INFO | epoch=484 loss_total=7.558000 loss_w2=7.547160 loss_reg=0.010840
2026-03-06 17:59:17,544 | INFO | epoch=485 loss_total=7.557648 loss_w2=7.546787 loss_reg=0.010862
2026-03-06 17:59:34,909 | INFO | epoch=486 loss_total=7.557298 loss_w2=7.546415 loss_reg=0.010883
2026-03-06 17:59:51,856 | INFO | epoch=487 loss_total=7.556951 loss_w2=7.546047 loss_reg=0.010904
2026-03-06 18:00:08,826 | INFO | epoch=488 loss_total=7.556607 loss_w2=7.545681 loss_reg=0.010925
2026-03-06 18:00:26,782 | INFO | epoch=489 loss_total=7.556267 loss_w2=7.545321 loss_reg=0.010946
2026-03-06 18:00:43,734 | INFO | epoch=490 loss_total=7.555926 loss_w2=7.544959 loss_reg=0.010967
2026-03-06 18:01:01,212 | INFO | epoch=491 loss_total=7.555601 loss_w2=7.544612 loss_reg=0.010989
2026-03-06 18:01:18,666 | INFO | epoch=492 loss_total=7.555266 loss_w2=7.544256 loss_reg=0.011010
2026-03-06 18:01:36,438 | INFO | epoch=493 loss_total=7.554933 loss_w2=7.543902 loss_reg=0.011031
2026-03-06 18:01:53,943 | INFO | epoch=494 loss_total=7.554593 loss_w2=7.543541 loss_reg=0.011052
2026-03-06 18:02:10,738 | INFO | epoch=495 loss_total=7.554253 loss_w2=7.543180 loss_reg=0.011073
2026-03-06 18:02:27,500 | INFO | epoch=496 loss_total=7.553913 loss_w2=7.542819 loss_reg=0.011094
2026-03-06 18:02:44,700 | INFO | epoch=497 loss_total=7.553586 loss_w2=7.542471 loss_reg=0.011115
2026-03-06 18:03:01,706 | INFO | epoch=498 loss_total=7.553261 loss_w2=7.542126 loss_reg=0.011136
2026-03-06 18:03:18,900 | INFO | epoch=499 loss_total=7.552938 loss_w2=7.541781 loss_reg=0.011156
2026-03-06 18:03:35,432 | INFO | epoch=500 loss_total=7.552621 loss_w2=7.541444 loss_reg=0.011177
2026-03-06 18:03:55,753 | INFO | epoch=501 loss_total=7.552305 loss_w2=7.541107 loss_reg=0.011198
2026-03-06 18:04:13,087 | INFO | epoch=502 loss_total=7.551973 loss_w2=7.540754 loss_reg=0.011219
2026-03-06 18:04:30,327 | INFO | epoch=503 loss_total=7.551656 loss_w2=7.540416 loss_reg=0.011240
2026-03-06 18:04:47,074 | INFO | epoch=504 loss_total=7.551345 loss_w2=7.540085 loss_reg=0.011261
2026-03-06 18:05:04,008 | INFO | epoch=505 loss_total=7.551035 loss_w2=7.539754 loss_reg=0.011281
2026-03-06 18:05:21,003 | INFO | epoch=506 loss_total=7.550727 loss_w2=7.539425 loss_reg=0.011302
2026-03-06 18:05:37,797 | INFO | epoch=507 loss_total=7.550423 loss_w2=7.539100 loss_reg=0.011323
2026-03-06 18:05:54,944 | INFO | epoch=508 loss_total=7.550120 loss_w2=7.538777 loss_reg=0.011344
2026-03-06 18:06:12,126 | INFO | epoch=509 loss_total=7.549819 loss_w2=7.538455 loss_reg=0.011364
2026-03-06 18:06:29,561 | INFO | epoch=510 loss_total=7.549520 loss_w2=7.538135 loss_reg=0.011385
2026-03-06 18:06:46,764 | INFO | epoch=511 loss_total=7.549228 loss_w2=7.537823 loss_reg=0.011405
2026-03-06 18:07:03,763 | INFO | epoch=512 loss_total=7.548932 loss_w2=7.537506 loss_reg=0.011426
2026-03-06 18:07:21,010 | INFO | epoch=513 loss_total=7.548635 loss_w2=7.537189 loss_reg=0.011447
2026-03-06 18:07:37,869 | INFO | epoch=514 loss_total=7.548340 loss_w2=7.536873 loss_reg=0.011467
2026-03-06 18:07:54,875 | INFO | epoch=515 loss_total=7.548057 loss_w2=7.536569 loss_reg=0.011488
2026-03-06 18:08:11,755 | INFO | epoch=516 loss_total=7.547767 loss_w2=7.536259 loss_reg=0.011508
2026-03-06 18:08:28,803 | INFO | epoch=517 loss_total=7.547479 loss_w2=7.535950 loss_reg=0.011529
2026-03-06 18:08:45,768 | INFO | epoch=518 loss_total=7.547197 loss_w2=7.535648 loss_reg=0.011549
2026-03-06 18:09:02,852 | INFO | epoch=519 loss_total=7.546930 loss_w2=7.535361 loss_reg=0.011569
2026-03-06 18:09:19,804 | INFO | epoch=520 loss_total=7.546648 loss_w2=7.535058 loss_reg=0.011590
2026-03-06 18:09:37,083 | INFO | epoch=521 loss_total=7.546365 loss_w2=7.534755 loss_reg=0.011610
2026-03-06 18:09:54,391 | INFO | epoch=522 loss_total=7.546089 loss_w2=7.534458 loss_reg=0.011631
2026-03-06 18:10:11,289 | INFO | epoch=523 loss_total=7.545809 loss_w2=7.534158 loss_reg=0.011651
2026-03-06 18:10:28,242 | INFO | epoch=524 loss_total=7.545537 loss_w2=7.533866 loss_reg=0.011671
2026-03-06 18:10:45,433 | INFO | epoch=525 loss_total=7.545264 loss_w2=7.533572 loss_reg=0.011691
2026-03-06 18:11:02,416 | INFO | epoch=526 loss_total=7.544992 loss_w2=7.533281 loss_reg=0.011712
2026-03-06 18:11:19,324 | INFO | epoch=527 loss_total=7.544724 loss_w2=7.532992 loss_reg=0.011732
2026-03-06 18:11:35,934 | INFO | epoch=528 loss_total=7.544456 loss_w2=7.532704 loss_reg=0.011752
2026-03-06 18:11:52,784 | INFO | epoch=529 loss_total=7.544190 loss_w2=7.532418 loss_reg=0.011772
2026-03-06 18:12:09,455 | INFO | epoch=530 loss_total=7.543942 loss_w2=7.532149 loss_reg=0.011793
2026-03-06 18:12:26,229 | INFO | epoch=531 loss_total=7.543692 loss_w2=7.531879 loss_reg=0.011813
2026-03-06 18:12:43,532 | INFO | epoch=532 loss_total=7.543427 loss_w2=7.531595 loss_reg=0.011833
2026-03-06 18:13:01,005 | INFO | epoch=533 loss_total=7.543149 loss_w2=7.531296 loss_reg=0.011853
2026-03-06 18:13:18,082 | INFO | epoch=534 loss_total=7.542887 loss_w2=7.531014 loss_reg=0.011873
2026-03-06 18:13:34,953 | INFO | epoch=535 loss_total=7.542629 loss_w2=7.530736 loss_reg=0.011893
2026-03-06 18:13:52,551 | INFO | epoch=536 loss_total=7.542374 loss_w2=7.530461 loss_reg=0.011913
2026-03-06 18:14:09,834 | INFO | epoch=537 loss_total=7.542117 loss_w2=7.530184 loss_reg=0.011933
2026-03-06 18:14:27,078 | INFO | epoch=538 loss_total=7.541866 loss_w2=7.529913 loss_reg=0.011953
2026-03-06 18:14:44,112 | INFO | epoch=539 loss_total=7.541608 loss_w2=7.529635 loss_reg=0.011973
2026-03-06 18:15:00,607 | INFO | epoch=540 loss_total=7.541362 loss_w2=7.529369 loss_reg=0.011993
2026-03-06 18:15:18,078 | INFO | epoch=541 loss_total=7.541116 loss_w2=7.529103 loss_reg=0.012013
2026-03-06 18:15:35,574 | INFO | epoch=542 loss_total=7.540872 loss_w2=7.528840 loss_reg=0.012033
2026-03-06 18:15:52,454 | INFO | epoch=543 loss_total=7.540625 loss_w2=7.528573 loss_reg=0.012052
2026-03-06 18:16:09,770 | INFO | epoch=544 loss_total=7.540382 loss_w2=7.528310 loss_reg=0.012072
2026-03-06 18:16:26,825 | INFO | epoch=545 loss_total=7.540140 loss_w2=7.528048 loss_reg=0.012092
2026-03-06 18:16:43,674 | INFO | epoch=546 loss_total=7.539911 loss_w2=7.527800 loss_reg=0.012112
2026-03-06 18:17:00,693 | INFO | epoch=547 loss_total=7.539673 loss_w2=7.527541 loss_reg=0.012132
2026-03-06 18:17:17,907 | INFO | epoch=548 loss_total=7.539437 loss_w2=7.527286 loss_reg=0.012151
2026-03-06 18:17:35,323 | INFO | epoch=549 loss_total=7.539205 loss_w2=7.527033 loss_reg=0.012171
2026-03-06 18:17:52,870 | INFO | epoch=550 loss_total=7.538956 loss_w2=7.526765 loss_reg=0.012191
2026-03-06 18:18:13,753 | INFO | epoch=551 loss_total=7.538719 loss_w2=7.526508 loss_reg=0.012210
2026-03-06 18:18:30,600 | INFO | epoch=552 loss_total=7.538456 loss_w2=7.526226 loss_reg=0.012230
2026-03-06 18:18:47,745 | INFO | epoch=553 loss_total=7.538226 loss_w2=7.525977 loss_reg=0.012250
2026-03-06 18:19:05,092 | INFO | epoch=554 loss_total=7.538003 loss_w2=7.525734 loss_reg=0.012269
2026-03-06 18:19:22,135 | INFO | epoch=555 loss_total=7.537776 loss_w2=7.525487 loss_reg=0.012289
2026-03-06 18:19:39,297 | INFO | epoch=556 loss_total=7.537549 loss_w2=7.525241 loss_reg=0.012308
2026-03-06 18:19:56,225 | INFO | epoch=557 loss_total=7.537327 loss_w2=7.524999 loss_reg=0.012328
2026-03-06 18:20:13,341 | INFO | epoch=558 loss_total=7.537103 loss_w2=7.524755 loss_reg=0.012347
2026-03-06 18:20:30,411 | INFO | epoch=559 loss_total=7.536879 loss_w2=7.524512 loss_reg=0.012367
2026-03-06 18:20:47,444 | INFO | epoch=560 loss_total=7.536660 loss_w2=7.524274 loss_reg=0.012386
2026-03-06 18:21:04,264 | INFO | epoch=561 loss_total=7.536444 loss_w2=7.524038 loss_reg=0.012406
2026-03-06 18:21:21,475 | INFO | epoch=562 loss_total=7.536222 loss_w2=7.523797 loss_reg=0.012425
2026-03-06 18:21:38,539 | INFO | epoch=563 loss_total=7.536007 loss_w2=7.523562 loss_reg=0.012445
2026-03-06 18:21:55,950 | INFO | epoch=564 loss_total=7.535793 loss_w2=7.523329 loss_reg=0.012464
2026-03-06 18:22:13,298 | INFO | epoch=565 loss_total=7.535580 loss_w2=7.523097 loss_reg=0.012483
2026-03-06 18:22:30,348 | INFO | epoch=566 loss_total=7.535366 loss_w2=7.522863 loss_reg=0.012503
2026-03-06 18:22:47,758 | INFO | epoch=567 loss_total=7.535159 loss_w2=7.522636 loss_reg=0.012522
2026-03-06 18:23:04,953 | INFO | epoch=568 loss_total=7.534951 loss_w2=7.522410 loss_reg=0.012541
2026-03-06 18:23:21,848 | INFO | epoch=569 loss_total=7.534743 loss_w2=7.522182 loss_reg=0.012561
2026-03-06 18:23:38,845 | INFO | epoch=570 loss_total=7.534534 loss_w2=7.521954 loss_reg=0.012580
2026-03-06 18:23:55,961 | INFO | epoch=571 loss_total=7.534325 loss_w2=7.521726 loss_reg=0.012599
2026-03-06 18:24:12,930 | INFO | epoch=572 loss_total=7.534119 loss_w2=7.521501 loss_reg=0.012618
2026-03-06 18:24:29,962 | INFO | epoch=573 loss_total=7.533912 loss_w2=7.521275 loss_reg=0.012637
2026-03-06 18:24:47,032 | INFO | epoch=574 loss_total=7.533711 loss_w2=7.521055 loss_reg=0.012656
2026-03-06 18:25:04,630 | INFO | epoch=575 loss_total=7.533511 loss_w2=7.520835 loss_reg=0.012676
2026-03-06 18:25:21,632 | INFO | epoch=576 loss_total=7.533313 loss_w2=7.520618 loss_reg=0.012695
2026-03-06 18:25:38,657 | INFO | epoch=577 loss_total=7.533113 loss_w2=7.520399 loss_reg=0.012714
2026-03-06 18:25:55,835 | INFO | epoch=578 loss_total=7.532914 loss_w2=7.520181 loss_reg=0.012733
2026-03-06 18:26:12,884 | INFO | epoch=579 loss_total=7.532719 loss_w2=7.519967 loss_reg=0.012752
2026-03-06 18:26:29,764 | INFO | epoch=580 loss_total=7.532488 loss_w2=7.519717 loss_reg=0.012771
2026-03-06 18:26:46,923 | INFO | epoch=581 loss_total=7.532293 loss_w2=7.519503 loss_reg=0.012790
2026-03-06 18:27:04,205 | INFO | epoch=582 loss_total=7.532099 loss_w2=7.519290 loss_reg=0.012809
2026-03-06 18:27:21,417 | INFO | epoch=583 loss_total=7.531906 loss_w2=7.519078 loss_reg=0.012828
2026-03-06 18:27:38,455 | INFO | epoch=584 loss_total=7.531718 loss_w2=7.518871 loss_reg=0.012847
2026-03-06 18:27:55,582 | INFO | epoch=585 loss_total=7.531542 loss_w2=7.518676 loss_reg=0.012866
2026-03-06 18:28:12,597 | INFO | epoch=586 loss_total=7.531355 loss_w2=7.518470 loss_reg=0.012884
2026-03-06 18:28:29,736 | INFO | epoch=587 loss_total=7.531168 loss_w2=7.518264 loss_reg=0.012903
2026-03-06 18:28:46,755 | INFO | epoch=588 loss_total=7.530981 loss_w2=7.518059 loss_reg=0.012922
2026-03-06 18:29:03,919 | INFO | epoch=589 loss_total=7.530800 loss_w2=7.517859 loss_reg=0.012941
2026-03-06 18:29:20,699 | INFO | epoch=590 loss_total=7.530623 loss_w2=7.517663 loss_reg=0.012960
2026-03-06 18:29:38,279 | INFO | epoch=591 loss_total=7.530438 loss_w2=7.517460 loss_reg=0.012978
2026-03-06 18:29:56,104 | INFO | epoch=592 loss_total=7.530260 loss_w2=7.517263 loss_reg=0.012997
2026-03-06 18:30:13,951 | INFO | epoch=593 loss_total=7.530080 loss_w2=7.517065 loss_reg=0.013016
2026-03-06 18:30:30,924 | INFO | epoch=594 loss_total=7.529923 loss_w2=7.516888 loss_reg=0.013035
2026-03-06 18:30:48,234 | INFO | epoch=595 loss_total=7.529756 loss_w2=7.516702 loss_reg=0.013053
2026-03-06 18:31:05,461 | INFO | epoch=596 loss_total=7.529580 loss_w2=7.516508 loss_reg=0.013072
2026-03-06 18:31:22,754 | INFO | epoch=597 loss_total=7.529400 loss_w2=7.516309 loss_reg=0.013091
2026-03-06 18:31:39,870 | INFO | epoch=598 loss_total=7.529224 loss_w2=7.516115 loss_reg=0.013109
2026-03-06 18:31:56,951 | INFO | epoch=599 loss_total=7.529048 loss_w2=7.515920 loss_reg=0.013128
2026-03-06 18:32:14,092 | INFO | epoch=600 loss_total=7.528876 loss_w2=7.515729 loss_reg=0.013146
2026-03-06 18:32:34,551 | INFO | epoch=601 loss_total=7.528705 loss_w2=7.515540 loss_reg=0.013165
2026-03-06 18:32:52,459 | INFO | epoch=602 loss_total=7.528532 loss_w2=7.515348 loss_reg=0.013183
2026-03-06 18:33:09,768 | INFO | epoch=603 loss_total=7.528364 loss_w2=7.515162 loss_reg=0.013202
2026-03-06 18:33:26,831 | INFO | epoch=604 loss_total=7.528201 loss_w2=7.514980 loss_reg=0.013220
2026-03-06 18:33:43,970 | INFO | epoch=605 loss_total=7.528030 loss_w2=7.514791 loss_reg=0.013239
2026-03-06 18:34:00,752 | INFO | epoch=606 loss_total=7.527866 loss_w2=7.514608 loss_reg=0.013257
2026-03-06 18:34:17,930 | INFO | epoch=607 loss_total=7.527703 loss_w2=7.514428 loss_reg=0.013276
2026-03-06 18:34:35,337 | INFO | epoch=608 loss_total=7.527534 loss_w2=7.514240 loss_reg=0.013294
2026-03-06 18:34:52,234 | INFO | epoch=609 loss_total=7.527371 loss_w2=7.514059 loss_reg=0.013312
2026-03-06 18:35:09,458 | INFO | epoch=610 loss_total=7.527206 loss_w2=7.513875 loss_reg=0.013331
2026-03-06 18:35:26,616 | INFO | epoch=611 loss_total=7.527042 loss_w2=7.513693 loss_reg=0.013349
2026-03-06 18:35:43,780 | INFO | epoch=612 loss_total=7.526873 loss_w2=7.513505 loss_reg=0.013367
2026-03-06 18:36:01,480 | INFO | epoch=613 loss_total=7.526711 loss_w2=7.513326 loss_reg=0.013386
2026-03-06 18:36:18,821 | INFO | epoch=614 loss_total=7.526552 loss_w2=7.513148 loss_reg=0.013404
2026-03-06 18:36:35,752 | INFO | epoch=615 loss_total=7.526375 loss_w2=7.512953 loss_reg=0.013422
2026-03-06 18:36:52,868 | INFO | epoch=616 loss_total=7.526215 loss_w2=7.512774 loss_reg=0.013441
2026-03-06 18:37:10,097 | INFO | epoch=617 loss_total=7.526048 loss_w2=7.512589 loss_reg=0.013459
2026-03-06 18:37:26,924 | INFO | epoch=618 loss_total=7.525892 loss_w2=7.512415 loss_reg=0.013477
2026-03-06 18:37:44,010 | INFO | epoch=619 loss_total=7.525738 loss_w2=7.512243 loss_reg=0.013495
2026-03-06 18:38:01,213 | INFO | epoch=620 loss_total=7.525581 loss_w2=7.512068 loss_reg=0.013513
2026-03-06 18:38:17,995 | INFO | epoch=621 loss_total=7.525428 loss_w2=7.511897 loss_reg=0.013531
2026-03-06 18:38:35,136 | INFO | epoch=622 loss_total=7.525274 loss_w2=7.511724 loss_reg=0.013549
2026-03-06 18:38:51,880 | INFO | epoch=623 loss_total=7.525033 loss_w2=7.511466 loss_reg=0.013567
2026-03-06 18:39:08,668 | INFO | epoch=624 loss_total=7.524880 loss_w2=7.511294 loss_reg=0.013586
2026-03-06 18:39:25,690 | INFO | epoch=625 loss_total=7.524740 loss_w2=7.511136 loss_reg=0.013604
2026-03-06 18:39:41,827 | INFO | epoch=626 loss_total=7.524591 loss_w2=7.510970 loss_reg=0.013622
2026-03-06 18:39:58,431 | INFO | epoch=627 loss_total=7.524453 loss_w2=7.510814 loss_reg=0.013640
2026-03-06 18:40:15,041 | INFO | epoch=628 loss_total=7.524393 loss_w2=7.510736 loss_reg=0.013658
2026-03-06 18:40:31,652 | INFO | epoch=629 loss_total=7.524264 loss_w2=7.510588 loss_reg=0.013675
2026-03-06 18:40:48,412 | INFO | epoch=630 loss_total=7.524107 loss_w2=7.510414 loss_reg=0.013693
2026-03-06 18:41:05,141 | INFO | epoch=631 loss_total=7.523972 loss_w2=7.510260 loss_reg=0.013711
2026-03-06 18:41:22,186 | INFO | epoch=632 loss_total=7.523821 loss_w2=7.510092 loss_reg=0.013729
2026-03-06 18:41:39,395 | INFO | epoch=633 loss_total=7.523673 loss_w2=7.509926 loss_reg=0.013747
2026-03-06 18:41:56,367 | INFO | epoch=634 loss_total=7.523528 loss_w2=7.509763 loss_reg=0.013765
2026-03-06 18:42:13,061 | INFO | epoch=635 loss_total=7.523395 loss_w2=7.509612 loss_reg=0.013783
2026-03-06 18:42:29,886 | INFO | epoch=636 loss_total=7.523161 loss_w2=7.509361 loss_reg=0.013801
2026-03-06 18:42:46,767 | INFO | epoch=637 loss_total=7.523012 loss_w2=7.509193 loss_reg=0.013818
2026-03-06 18:43:03,857 | INFO | epoch=638 loss_total=7.522887 loss_w2=7.509051 loss_reg=0.013836
2026-03-06 18:43:20,807 | INFO | epoch=639 loss_total=7.522759 loss_w2=7.508905 loss_reg=0.013854
2026-03-06 18:43:38,257 | INFO | epoch=640 loss_total=7.522615 loss_w2=7.508743 loss_reg=0.013871
2026-03-06 18:43:55,384 | INFO | epoch=641 loss_total=7.522568 loss_w2=7.508678 loss_reg=0.013889
2026-03-06 18:44:12,578 | INFO | epoch=642 loss_total=7.522427 loss_w2=7.508520 loss_reg=0.013907
2026-03-06 18:44:29,754 | INFO | epoch=643 loss_total=7.522292 loss_w2=7.508368 loss_reg=0.013925
2026-03-06 18:44:46,841 | INFO | epoch=644 loss_total=7.522143 loss_w2=7.508201 loss_reg=0.013942
2026-03-06 18:45:04,395 | INFO | epoch=645 loss_total=7.521906 loss_w2=7.507946 loss_reg=0.013960
2026-03-06 18:45:21,816 | INFO | epoch=646 loss_total=7.521769 loss_w2=7.507792 loss_reg=0.013977
2026-03-06 18:45:39,332 | INFO | epoch=647 loss_total=7.521635 loss_w2=7.507640 loss_reg=0.013995
2026-03-06 18:45:56,975 | INFO | epoch=648 loss_total=7.521595 loss_w2=7.507582 loss_reg=0.014012
2026-03-06 18:46:14,331 | INFO | epoch=649 loss_total=7.521476 loss_w2=7.507446 loss_reg=0.014030
2026-03-06 18:46:31,363 | INFO | epoch=650 loss_total=7.521258 loss_w2=7.507211 loss_reg=0.014047
2026-03-06 18:46:52,134 | INFO | epoch=651 loss_total=7.521129 loss_w2=7.507064 loss_reg=0.014065
2026-03-06 18:47:09,366 | INFO | epoch=652 loss_total=7.521076 loss_w2=7.506993 loss_reg=0.014082
2026-03-06 18:47:26,251 | INFO | epoch=653 loss_total=7.520955 loss_w2=7.506855 loss_reg=0.014100
2026-03-06 18:47:43,431 | INFO | epoch=654 loss_total=7.520723 loss_w2=7.506606 loss_reg=0.014117
2026-03-06 18:48:00,455 | INFO | epoch=655 loss_total=7.520597 loss_w2=7.506463 loss_reg=0.014135
2026-03-06 18:48:17,504 | INFO | epoch=656 loss_total=7.520554 loss_w2=7.506402 loss_reg=0.014152
2026-03-06 18:48:34,553 | INFO | epoch=657 loss_total=7.520426 loss_w2=7.506256 loss_reg=0.014169
2026-03-06 18:48:51,404 | INFO | epoch=658 loss_total=7.520225 loss_w2=7.506038 loss_reg=0.014187
2026-03-06 18:49:08,965 | INFO | epoch=659 loss_total=7.520095 loss_w2=7.505891 loss_reg=0.014204
2026-03-06 18:49:26,058 | INFO | epoch=660 loss_total=7.520062 loss_w2=7.505841 loss_reg=0.014221
2026-03-06 18:49:43,541 | INFO | epoch=661 loss_total=7.519949 loss_w2=7.505710 loss_reg=0.014239
2026-03-06 18:50:00,867 | INFO | epoch=662 loss_total=7.519738 loss_w2=7.505482 loss_reg=0.014256
2026-03-06 18:50:17,777 | INFO | epoch=663 loss_total=7.519616 loss_w2=7.505343 loss_reg=0.014273
2026-03-06 18:50:34,598 | INFO | epoch=664 loss_total=7.519573 loss_w2=7.505283 loss_reg=0.014290
2026-03-06 18:50:51,426 | INFO | epoch=665 loss_total=7.519464 loss_w2=7.505156 loss_reg=0.014308
2026-03-06 18:51:07,926 | INFO | epoch=666 loss_total=7.519279 loss_w2=7.504955 loss_reg=0.014325
2026-03-06 18:51:24,594 | INFO | epoch=667 loss_total=7.519137 loss_w2=7.504796 loss_reg=0.014342
2026-03-06 18:51:41,858 | INFO | epoch=668 loss_total=7.519097 loss_w2=7.504738 loss_reg=0.014359
2026-03-06 18:51:44,199 | INFO | 早停触发: 波动小于阈值，停止训练。
