nohup: ignoring input
2026-01-29 16:39:22,271 | INFO | 输出目录: /home/bcl/wanghongyu/wanghongyu_humx/dynamic/ssem/outputs/20260129_163922
2026-01-29 16:39:22,535 | INFO | preprocess slices shape: torch.Size([125, 1, 312, 312])
2026-01-29 16:39:53,663 | INFO | epoch=1 loss_total=65.316635 loss_w2=65.316635 loss_reg=0.000000
2026-01-29 16:39:57,096 | INFO | epoch=2 loss_total=64.344032 loss_w2=64.344032 loss_reg=0.000003
2026-01-29 16:40:01,920 | INFO | epoch=3 loss_total=63.394482 loss_w2=63.394470 loss_reg=0.000012
2026-01-29 16:40:09,307 | INFO | epoch=4 loss_total=62.467735 loss_w2=62.467709 loss_reg=0.000028
2026-01-29 16:40:16,113 | INFO | epoch=5 loss_total=61.563530 loss_w2=61.563480 loss_reg=0.000049
2026-01-29 16:40:20,430 | INFO | epoch=6 loss_total=60.681496 loss_w2=60.681419 loss_reg=0.000076
2026-01-29 16:40:25,061 | INFO | epoch=7 loss_total=59.821201 loss_w2=59.821091 loss_reg=0.000109
2026-01-29 16:40:29,074 | INFO | epoch=8 loss_total=58.982147 loss_w2=58.981998 loss_reg=0.000148
2026-01-29 16:40:33,550 | INFO | epoch=9 loss_total=58.163807 loss_w2=58.163616 loss_reg=0.000192
2026-01-29 16:40:40,550 | INFO | epoch=10 loss_total=57.365669 loss_w2=57.365429 loss_reg=0.000242
2026-01-29 16:40:44,367 | INFO | epoch=11 loss_total=56.587147 loss_w2=56.586849 loss_reg=0.000297
2026-01-29 16:40:48,007 | INFO | epoch=12 loss_total=55.827656 loss_w2=55.827297 loss_reg=0.000357
2026-01-29 16:40:51,833 | INFO | epoch=13 loss_total=55.086578 loss_w2=55.086155 loss_reg=0.000422
2026-01-29 16:40:55,743 | INFO | epoch=14 loss_total=54.363361 loss_w2=54.362869 loss_reg=0.000492
2026-01-29 16:40:59,595 | INFO | epoch=15 loss_total=53.657413 loss_w2=53.656845 loss_reg=0.000566
2026-01-29 16:41:05,124 | INFO | epoch=16 loss_total=52.968189 loss_w2=52.967545 loss_reg=0.000646
2026-01-29 16:41:08,875 | INFO | epoch=17 loss_total=52.295059 loss_w2=52.294331 loss_reg=0.000729
2026-01-29 16:41:12,826 | INFO | epoch=18 loss_total=51.637505 loss_w2=51.636688 loss_reg=0.000817
2026-01-29 16:41:17,074 | INFO | epoch=19 loss_total=50.994976 loss_w2=50.994068 loss_reg=0.000909
2026-01-29 16:41:21,909 | INFO | epoch=20 loss_total=50.366943 loss_w2=50.365940 loss_reg=0.001005
2026-01-29 16:41:25,958 | INFO | epoch=21 loss_total=49.752903 loss_w2=49.751797 loss_reg=0.001105
2026-01-29 16:41:30,174 | INFO | epoch=22 loss_total=49.152348 loss_w2=49.151138 loss_reg=0.001209
2026-01-29 16:41:33,837 | INFO | epoch=23 loss_total=48.564819 loss_w2=48.563503 loss_reg=0.001316
2026-01-29 16:41:38,441 | INFO | epoch=24 loss_total=47.989841 loss_w2=47.988415 loss_reg=0.001427
2026-01-29 16:41:42,661 | INFO | epoch=25 loss_total=47.426971 loss_w2=47.425430 loss_reg=0.001541
2026-01-29 16:41:46,541 | INFO | epoch=26 loss_total=46.875816 loss_w2=46.874157 loss_reg=0.001659
2026-01-29 16:41:50,387 | INFO | epoch=27 loss_total=46.335918 loss_w2=46.334137 loss_reg=0.001780
2026-01-29 16:41:54,000 | INFO | epoch=28 loss_total=45.806946 loss_w2=45.805042 loss_reg=0.001904
2026-01-29 16:41:58,159 | INFO | epoch=29 loss_total=45.288460 loss_w2=45.286430 loss_reg=0.002031
2026-01-29 16:42:02,658 | INFO | epoch=30 loss_total=44.780182 loss_w2=44.778019 loss_reg=0.002161
2026-01-29 16:42:06,606 | INFO | epoch=31 loss_total=44.281704 loss_w2=44.279411 loss_reg=0.002294
2026-01-29 16:42:10,483 | INFO | epoch=32 loss_total=43.792732 loss_w2=43.790302 loss_reg=0.002430
2026-01-29 16:42:14,508 | INFO | epoch=33 loss_total=43.312908 loss_w2=43.310341 loss_reg=0.002569
2026-01-29 16:42:18,248 | INFO | epoch=34 loss_total=42.841980 loss_w2=42.839268 loss_reg=0.002710
2026-01-29 16:42:21,992 | INFO | epoch=35 loss_total=42.379604 loss_w2=42.376751 loss_reg=0.002854
2026-01-29 16:42:28,531 | INFO | epoch=36 loss_total=41.925549 loss_w2=41.922546 loss_reg=0.003001
2026-01-29 16:42:32,755 | INFO | epoch=37 loss_total=41.479515 loss_w2=41.476364 loss_reg=0.003150
2026-01-29 16:42:36,840 | INFO | epoch=38 loss_total=41.041267 loss_w2=41.037968 loss_reg=0.003301
2026-01-29 16:42:41,075 | INFO | epoch=39 loss_total=40.610565 loss_w2=40.607109 loss_reg=0.003455
2026-01-29 16:42:44,399 | INFO | epoch=40 loss_total=40.187141 loss_w2=40.183529 loss_reg=0.003611
2026-01-29 16:42:48,197 | INFO | epoch=41 loss_total=39.770798 loss_w2=39.767029 loss_reg=0.003770
2026-01-29 16:42:53,375 | INFO | epoch=42 loss_total=39.361282 loss_w2=39.357353 loss_reg=0.003930
2026-01-29 16:42:57,097 | INFO | epoch=43 loss_total=38.958420 loss_w2=38.954327 loss_reg=0.004093
2026-01-29 16:43:01,430 | INFO | epoch=44 loss_total=38.561993 loss_w2=38.557735 loss_reg=0.004258
2026-01-29 16:43:06,572 | INFO | epoch=45 loss_total=38.171814 loss_w2=38.167389 loss_reg=0.004425
2026-01-29 16:43:10,442 | INFO | epoch=46 loss_total=37.787708 loss_w2=37.783115 loss_reg=0.004594
2026-01-29 16:43:16,130 | INFO | epoch=47 loss_total=37.409447 loss_w2=37.404682 loss_reg=0.004765
2026-01-29 16:43:20,164 | INFO | epoch=48 loss_total=37.036903 loss_w2=37.031963 loss_reg=0.004938
2026-01-29 16:43:24,374 | INFO | epoch=49 loss_total=36.669907 loss_w2=36.664795 loss_reg=0.005113
2026-01-29 16:43:28,164 | INFO | epoch=50 loss_total=36.308247 loss_w2=36.302956 loss_reg=0.005290
2026-01-29 16:43:35,938 | INFO | epoch=51 loss_total=35.951847 loss_w2=35.946377 loss_reg=0.005469
2026-01-29 16:43:44,181 | INFO | epoch=52 loss_total=35.600491 loss_w2=35.594841 loss_reg=0.005650
2026-01-29 16:43:47,893 | INFO | epoch=53 loss_total=35.254063 loss_w2=35.248230 loss_reg=0.005832
2026-01-29 16:43:52,224 | INFO | epoch=54 loss_total=34.912415 loss_w2=34.906399 loss_reg=0.006016
2026-01-29 16:43:56,543 | INFO | epoch=55 loss_total=34.575420 loss_w2=34.569218 loss_reg=0.006202
2026-01-29 16:44:00,000 | INFO | epoch=56 loss_total=34.242962 loss_w2=34.236572 loss_reg=0.006390
2026-01-29 16:44:04,013 | INFO | epoch=57 loss_total=33.914883 loss_w2=33.908302 loss_reg=0.006579
2026-01-29 16:44:13,178 | INFO | epoch=58 loss_total=33.591072 loss_w2=33.584301 loss_reg=0.006770
2026-01-29 16:44:17,465 | INFO | epoch=59 loss_total=33.271427 loss_w2=33.264465 loss_reg=0.006963
2026-01-29 16:44:21,488 | INFO | epoch=60 loss_total=32.955837 loss_w2=32.948681 loss_reg=0.007157
2026-01-29 16:44:25,092 | INFO | epoch=61 loss_total=32.644176 loss_w2=32.636822 loss_reg=0.007353
2026-01-29 16:44:28,930 | INFO | epoch=62 loss_total=32.336349 loss_w2=32.328800 loss_reg=0.007551
2026-01-29 16:44:32,547 | INFO | epoch=63 loss_total=32.032257 loss_w2=32.024509 loss_reg=0.007750
2026-01-29 16:44:38,060 | INFO | epoch=64 loss_total=31.731804 loss_w2=31.723854 loss_reg=0.007950
2026-01-29 16:44:41,943 | INFO | epoch=65 loss_total=31.434887 loss_w2=31.426735 loss_reg=0.008152
2026-01-29 16:44:46,208 | INFO | epoch=66 loss_total=31.141420 loss_w2=31.133064 loss_reg=0.008355
2026-01-29 16:44:51,490 | INFO | epoch=67 loss_total=30.851322 loss_w2=30.842762 loss_reg=0.008560
2026-01-29 16:44:55,670 | INFO | epoch=68 loss_total=30.564499 loss_w2=30.555733 loss_reg=0.008766
2026-01-29 16:44:58,959 | INFO | epoch=69 loss_total=30.280869 loss_w2=30.271894 loss_reg=0.008974
2026-01-29 16:45:02,612 | INFO | epoch=70 loss_total=30.000357 loss_w2=29.991173 loss_reg=0.009183
2026-01-29 16:45:08,691 | INFO | epoch=71 loss_total=29.722870 loss_w2=29.713476 loss_reg=0.009393
2026-01-29 16:45:12,634 | INFO | epoch=72 loss_total=29.448355 loss_w2=29.438749 loss_reg=0.009605
2026-01-29 16:45:17,316 | INFO | epoch=73 loss_total=29.176718 loss_w2=29.166901 loss_reg=0.009818
2026-01-29 16:45:22,690 | INFO | epoch=74 loss_total=28.907904 loss_w2=28.897871 loss_reg=0.010032
2026-01-29 16:45:26,619 | INFO | epoch=75 loss_total=28.641830 loss_w2=28.631582 loss_reg=0.010248
2026-01-29 16:45:33,792 | INFO | epoch=76 loss_total=28.378445 loss_w2=28.367981 loss_reg=0.010465
2026-01-29 16:45:38,411 | INFO | epoch=77 loss_total=28.117682 loss_w2=28.106998 loss_reg=0.010683
2026-01-29 16:45:43,105 | INFO | epoch=78 loss_total=27.859476 loss_w2=27.848574 loss_reg=0.010902
2026-01-29 16:45:46,752 | INFO | epoch=79 loss_total=27.603764 loss_w2=27.592642 loss_reg=0.011122
2026-01-29 16:45:50,462 | INFO | epoch=80 loss_total=27.350494 loss_w2=27.339151 loss_reg=0.011344
2026-01-29 16:45:54,522 | INFO | epoch=81 loss_total=27.099613 loss_w2=27.088047 loss_reg=0.011566
2026-01-29 16:46:00,270 | INFO | epoch=82 loss_total=26.851053 loss_w2=26.839264 loss_reg=0.011790
2026-01-29 16:46:04,002 | INFO | epoch=83 loss_total=26.604778 loss_w2=26.592764 loss_reg=0.012015
2026-01-29 16:46:07,804 | INFO | epoch=84 loss_total=26.360718 loss_w2=26.348476 loss_reg=0.012241
2026-01-29 16:46:11,448 | INFO | epoch=85 loss_total=26.118837 loss_w2=26.106369 loss_reg=0.012468
2026-01-29 16:46:16,069 | INFO | epoch=86 loss_total=25.879084 loss_w2=25.866388 loss_reg=0.012696
2026-01-29 16:46:19,777 | INFO | epoch=87 loss_total=25.641405 loss_w2=25.628479 loss_reg=0.012925
2026-01-29 16:46:26,942 | INFO | epoch=88 loss_total=25.405752 loss_w2=25.392597 loss_reg=0.013155
2026-01-29 16:46:30,826 | INFO | epoch=89 loss_total=25.172096 loss_w2=25.158710 loss_reg=0.013386
2026-01-29 16:46:34,943 | INFO | epoch=90 loss_total=24.940397 loss_w2=24.926779 loss_reg=0.013618
2026-01-29 16:46:38,814 | INFO | epoch=91 loss_total=24.710602 loss_w2=24.696751 loss_reg=0.013851
2026-01-29 16:46:44,268 | INFO | epoch=92 loss_total=24.482697 loss_w2=24.468611 loss_reg=0.014085
2026-01-29 16:46:52,666 | INFO | epoch=93 loss_total=24.256624 loss_w2=24.242304 loss_reg=0.014320
2026-01-29 16:46:58,829 | INFO | epoch=94 loss_total=24.032362 loss_w2=24.017807 loss_reg=0.014556
2026-01-29 16:47:02,539 | INFO | epoch=95 loss_total=23.809881 loss_w2=23.795090 loss_reg=0.014792
2026-01-29 16:47:06,726 | INFO | epoch=96 loss_total=23.589149 loss_w2=23.574120 loss_reg=0.015030
2026-01-29 16:47:11,208 | INFO | epoch=97 loss_total=23.370136 loss_w2=23.354868 loss_reg=0.015268
2026-01-29 16:47:15,053 | INFO | epoch=98 loss_total=23.152824 loss_w2=23.137318 loss_reg=0.015507
2026-01-29 16:47:22,394 | INFO | epoch=99 loss_total=22.937181 loss_w2=22.921434 loss_reg=0.015746
2026-01-29 16:47:26,511 | INFO | epoch=100 loss_total=22.723198 loss_w2=22.707211 loss_reg=0.015987
2026-01-29 16:47:34,807 | INFO | epoch=101 loss_total=22.510849 loss_w2=22.494621 loss_reg=0.016228
2026-01-29 16:47:39,554 | INFO | epoch=102 loss_total=22.300112 loss_w2=22.283642 loss_reg=0.016470
2026-01-29 16:47:44,719 | INFO | epoch=103 loss_total=22.090988 loss_w2=22.074276 loss_reg=0.016712
2026-01-29 16:47:53,815 | INFO | epoch=104 loss_total=21.883484 loss_w2=21.866528 loss_reg=0.016956
2026-01-29 16:47:57,321 | INFO | epoch=105 loss_total=21.677572 loss_w2=21.660374 loss_reg=0.017199
2026-01-29 16:48:00,602 | INFO | epoch=106 loss_total=21.473284 loss_w2=21.455839 loss_reg=0.017444
2026-01-29 16:48:08,239 | INFO | epoch=107 loss_total=21.270617 loss_w2=21.252928 loss_reg=0.017689
2026-01-29 16:48:13,154 | INFO | epoch=108 loss_total=21.069618 loss_w2=21.051683 loss_reg=0.017934
2026-01-29 16:48:17,955 | INFO | epoch=109 loss_total=20.870287 loss_w2=20.852106 loss_reg=0.018180
2026-01-29 16:48:22,997 | INFO | epoch=110 loss_total=20.672672 loss_w2=20.654245 loss_reg=0.018427
2026-01-29 16:48:27,947 | INFO | epoch=111 loss_total=20.476839 loss_w2=20.458164 loss_reg=0.018674
2026-01-29 16:48:32,501 | INFO | epoch=112 loss_total=20.282793 loss_w2=20.263872 loss_reg=0.018921
2026-01-29 16:48:36,303 | INFO | epoch=113 loss_total=20.090616 loss_w2=20.071447 loss_reg=0.019169
2026-01-29 16:48:40,289 | INFO | epoch=114 loss_total=19.900349 loss_w2=19.880932 loss_reg=0.019418
2026-01-29 16:48:46,247 | INFO | epoch=115 loss_total=19.712061 loss_w2=19.692394 loss_reg=0.019666
2026-01-29 16:48:50,573 | INFO | epoch=116 loss_total=19.525791 loss_w2=19.505877 loss_reg=0.019915
2026-01-29 16:48:55,071 | INFO | epoch=117 loss_total=19.341618 loss_w2=19.321453 loss_reg=0.020164
2026-01-29 16:49:00,146 | INFO | epoch=118 loss_total=19.159580 loss_w2=19.139166 loss_reg=0.020413
2026-01-29 16:49:04,012 | INFO | epoch=119 loss_total=18.979757 loss_w2=18.959095 loss_reg=0.020663
2026-01-29 16:49:09,152 | INFO | epoch=120 loss_total=18.802191 loss_w2=18.781279 loss_reg=0.020913
2026-01-29 16:49:13,991 | INFO | epoch=121 loss_total=18.626928 loss_w2=18.605766 loss_reg=0.021162
2026-01-29 16:49:17,934 | INFO | epoch=122 loss_total=18.454031 loss_w2=18.432619 loss_reg=0.021412
2026-01-29 16:49:22,270 | INFO | epoch=123 loss_total=18.283529 loss_w2=18.261868 loss_reg=0.021662
2026-01-29 16:49:26,702 | INFO | epoch=124 loss_total=18.115482 loss_w2=18.093571 loss_reg=0.021912
2026-01-29 16:49:33,357 | INFO | epoch=125 loss_total=17.949907 loss_w2=17.927746 loss_reg=0.022162
2026-01-29 16:49:37,854 | INFO | epoch=126 loss_total=17.786852 loss_w2=17.764441 loss_reg=0.022411
2026-01-29 16:49:41,889 | INFO | epoch=127 loss_total=17.626326 loss_w2=17.603664 loss_reg=0.022661
2026-01-29 16:49:47,241 | INFO | epoch=128 loss_total=17.468365 loss_w2=17.445454 loss_reg=0.022910
2026-01-29 16:49:52,687 | INFO | epoch=129 loss_total=17.312962 loss_w2=17.289803 loss_reg=0.023159
2026-01-29 16:49:56,868 | INFO | epoch=130 loss_total=17.160147 loss_w2=17.136740 loss_reg=0.023408
2026-01-29 16:50:01,262 | INFO | epoch=131 loss_total=17.009912 loss_w2=16.986256 loss_reg=0.023656
2026-01-29 16:50:07,189 | INFO | epoch=132 loss_total=16.862253 loss_w2=16.838348 loss_reg=0.023904
2026-01-29 16:50:11,493 | INFO | epoch=133 loss_total=16.717175 loss_w2=16.693024 loss_reg=0.024152
2026-01-29 16:50:15,972 | INFO | epoch=134 loss_total=16.574677 loss_w2=16.550278 loss_reg=0.024399
2026-01-29 16:50:20,860 | INFO | epoch=135 loss_total=16.434715 loss_w2=16.410070 loss_reg=0.024645
2026-01-29 16:50:25,415 | INFO | epoch=136 loss_total=16.297308 loss_w2=16.272417 loss_reg=0.024891
2026-01-29 16:50:30,081 | INFO | epoch=137 loss_total=16.162405 loss_w2=16.137268 loss_reg=0.025137
2026-01-29 16:50:35,412 | INFO | epoch=138 loss_total=16.029999 loss_w2=16.004618 loss_reg=0.025381
2026-01-29 16:50:41,051 | INFO | epoch=139 loss_total=15.900050 loss_w2=15.874425 loss_reg=0.025625
2026-01-29 16:50:46,266 | INFO | epoch=140 loss_total=15.772533 loss_w2=15.746665 loss_reg=0.025869
2026-01-29 16:50:50,951 | INFO | epoch=141 loss_total=15.647426 loss_w2=15.621314 loss_reg=0.026111
2026-01-29 16:50:56,081 | INFO | epoch=142 loss_total=15.524678 loss_w2=15.498325 loss_reg=0.026353
2026-01-29 16:51:01,604 | INFO | epoch=143 loss_total=15.404256 loss_w2=15.377662 loss_reg=0.026594
2026-01-29 16:51:06,195 | INFO | epoch=144 loss_total=15.286119 loss_w2=15.259284 loss_reg=0.026834
2026-01-29 16:51:09,755 | INFO | epoch=145 loss_total=15.170238 loss_w2=15.143164 loss_reg=0.027074
2026-01-29 16:51:13,703 | INFO | epoch=146 loss_total=15.056560 loss_w2=15.029247 loss_reg=0.027312
2026-01-29 16:51:20,690 | INFO | epoch=147 loss_total=14.945050 loss_w2=14.917500 loss_reg=0.027549
2026-01-29 16:51:24,461 | INFO | epoch=148 loss_total=14.835659 loss_w2=14.807873 loss_reg=0.027786
2026-01-29 16:51:28,249 | INFO | epoch=149 loss_total=14.728342 loss_w2=14.700320 loss_reg=0.028021
2026-01-29 16:51:31,999 | INFO | epoch=150 loss_total=14.623075 loss_w2=14.594820 loss_reg=0.028256
2026-01-29 16:51:40,080 | INFO | epoch=151 loss_total=14.519794 loss_w2=14.491304 loss_reg=0.028489
2026-01-29 16:51:43,952 | INFO | epoch=152 loss_total=14.418461 loss_w2=14.389739 loss_reg=0.028722
2026-01-29 16:51:50,954 | INFO | epoch=153 loss_total=14.319049 loss_w2=14.290095 loss_reg=0.028953
2026-01-29 16:51:56,873 | INFO | epoch=154 loss_total=14.221491 loss_w2=14.192307 loss_reg=0.029184
2026-01-29 16:52:01,915 | INFO | epoch=155 loss_total=14.125761 loss_w2=14.096348 loss_reg=0.029413
2026-01-29 16:52:05,681 | INFO | epoch=156 loss_total=14.031804 loss_w2=14.002163 loss_reg=0.029641
2026-01-29 16:52:16,583 | INFO | epoch=157 loss_total=13.939589 loss_w2=13.909720 loss_reg=0.029869
2026-01-29 16:52:22,220 | INFO | epoch=158 loss_total=13.849061 loss_w2=13.818966 loss_reg=0.030095
2026-01-29 16:52:28,348 | INFO | epoch=159 loss_total=13.760191 loss_w2=13.729871 loss_reg=0.030320
2026-01-29 16:52:32,994 | INFO | epoch=160 loss_total=13.672922 loss_w2=13.642379 loss_reg=0.030544
2026-01-29 16:52:38,351 | INFO | epoch=161 loss_total=13.587231 loss_w2=13.556464 loss_reg=0.030766
2026-01-29 16:52:43,060 | INFO | epoch=162 loss_total=13.503068 loss_w2=13.472080 loss_reg=0.030988
2026-01-29 16:52:48,658 | INFO | epoch=163 loss_total=13.420402 loss_w2=13.389193 loss_reg=0.031209
2026-01-29 16:52:53,379 | INFO | epoch=164 loss_total=13.339197 loss_w2=13.307769 loss_reg=0.031428
2026-01-29 16:52:58,066 | INFO | epoch=165 loss_total=13.259399 loss_w2=13.227753 loss_reg=0.031647
2026-01-29 16:53:02,032 | INFO | epoch=166 loss_total=13.180997 loss_w2=13.149133 loss_reg=0.031864
2026-01-29 16:53:06,035 | INFO | epoch=167 loss_total=13.103931 loss_w2=13.071851 loss_reg=0.032080
2026-01-29 16:53:10,850 | INFO | epoch=168 loss_total=13.028186 loss_w2=12.995891 loss_reg=0.032295
2026-01-29 16:53:16,925 | INFO | epoch=169 loss_total=12.953726 loss_w2=12.921216 loss_reg=0.032510
2026-01-29 16:53:21,541 | INFO | epoch=170 loss_total=12.880513 loss_w2=12.847791 loss_reg=0.032723
2026-01-29 16:53:25,935 | INFO | epoch=171 loss_total=12.808515 loss_w2=12.775580 loss_reg=0.032934
2026-01-29 16:53:30,010 | INFO | epoch=172 loss_total=12.737713 loss_w2=12.704568 loss_reg=0.033145
2026-01-29 16:53:34,160 | INFO | epoch=173 loss_total=12.668063 loss_w2=12.634708 loss_reg=0.033355
2026-01-29 16:53:40,914 | INFO | epoch=174 loss_total=12.599539 loss_w2=12.565975 loss_reg=0.033564
2026-01-29 16:53:44,607 | INFO | epoch=175 loss_total=12.532116 loss_w2=12.498344 loss_reg=0.033772
2026-01-29 16:53:48,384 | INFO | epoch=176 loss_total=12.465762 loss_w2=12.431784 loss_reg=0.033978
2026-01-29 16:53:51,981 | INFO | epoch=177 loss_total=12.400450 loss_w2=12.366266 loss_reg=0.034184
2026-01-29 16:53:55,674 | INFO | epoch=178 loss_total=12.336157 loss_w2=12.301768 loss_reg=0.034388
2026-01-29 16:53:59,049 | INFO | epoch=179 loss_total=12.272851 loss_w2=12.238259 loss_reg=0.034592
2026-01-29 16:54:04,561 | INFO | epoch=180 loss_total=12.210519 loss_w2=12.175724 loss_reg=0.034795
2026-01-29 16:54:08,101 | INFO | epoch=181 loss_total=12.149128 loss_w2=12.114132 loss_reg=0.034996
2026-01-29 16:54:12,326 | INFO | epoch=182 loss_total=12.088657 loss_w2=12.053460 loss_reg=0.035197
2026-01-29 16:54:16,329 | INFO | epoch=183 loss_total=12.029089 loss_w2=11.993692 loss_reg=0.035397
2026-01-29 16:54:21,358 | INFO | epoch=184 loss_total=11.970400 loss_w2=11.934805 loss_reg=0.035595
2026-01-29 16:54:25,605 | INFO | epoch=185 loss_total=11.912563 loss_w2=11.876770 loss_reg=0.035793
2026-01-29 16:54:32,639 | INFO | epoch=186 loss_total=11.855554 loss_w2=11.819564 loss_reg=0.035990
2026-01-29 16:54:36,916 | INFO | epoch=187 loss_total=11.799373 loss_w2=11.763186 loss_reg=0.036186
2026-01-29 16:54:41,026 | INFO | epoch=188 loss_total=11.743975 loss_w2=11.707594 loss_reg=0.036381
2026-01-29 16:54:45,299 | INFO | epoch=189 loss_total=11.689344 loss_w2=11.652769 loss_reg=0.036575
2026-01-29 16:54:50,848 | INFO | epoch=190 loss_total=11.635476 loss_w2=11.598708 loss_reg=0.036768
2026-01-29 16:54:55,957 | INFO | epoch=191 loss_total=11.582342 loss_w2=11.545382 loss_reg=0.036961
2026-01-29 16:55:00,433 | INFO | epoch=192 loss_total=11.529924 loss_w2=11.492772 loss_reg=0.037152
2026-01-29 16:55:04,823 | INFO | epoch=193 loss_total=11.478204 loss_w2=11.440861 loss_reg=0.037343
2026-01-29 16:55:10,838 | INFO | epoch=194 loss_total=11.427183 loss_w2=11.389650 loss_reg=0.037533
2026-01-29 16:55:18,539 | INFO | epoch=195 loss_total=11.376819 loss_w2=11.339097 loss_reg=0.037722
2026-01-29 16:55:23,634 | INFO | epoch=196 loss_total=11.327111 loss_w2=11.289202 loss_reg=0.037910
2026-01-29 16:55:28,658 | INFO | epoch=197 loss_total=11.278042 loss_w2=11.239944 loss_reg=0.038097
2026-01-29 16:55:33,135 | INFO | epoch=198 loss_total=11.229598 loss_w2=11.191315 loss_reg=0.038283
2026-01-29 16:55:38,003 | INFO | epoch=199 loss_total=11.181765 loss_w2=11.143295 loss_reg=0.038469
2026-01-29 16:55:43,591 | INFO | epoch=200 loss_total=11.134530 loss_w2=11.095876 loss_reg=0.038654
2026-01-29 16:55:53,063 | INFO | epoch=201 loss_total=11.087880 loss_w2=11.049042 loss_reg=0.038838
2026-01-29 16:55:57,301 | INFO | epoch=202 loss_total=11.041803 loss_w2=11.002782 loss_reg=0.039022
2026-01-29 16:56:01,462 | INFO | epoch=203 loss_total=10.996293 loss_w2=10.957088 loss_reg=0.039204
2026-01-29 16:56:07,777 | INFO | epoch=204 loss_total=10.951330 loss_w2=10.911944 loss_reg=0.039386
2026-01-29 16:56:11,885 | INFO | epoch=205 loss_total=10.906906 loss_w2=10.867339 loss_reg=0.039567
2026-01-29 16:56:15,986 | INFO | epoch=206 loss_total=10.863014 loss_w2=10.823266 loss_reg=0.039748
2026-01-29 16:56:20,801 | INFO | epoch=207 loss_total=10.819644 loss_w2=10.779716 loss_reg=0.039928
2026-01-29 16:56:27,736 | INFO | epoch=208 loss_total=10.776782 loss_w2=10.736675 loss_reg=0.040107
2026-01-29 16:56:33,257 | INFO | epoch=209 loss_total=10.734420 loss_w2=10.694135 loss_reg=0.040285
2026-01-29 16:56:38,229 | INFO | epoch=210 loss_total=10.692539 loss_w2=10.652077 loss_reg=0.040463
2026-01-29 16:56:42,182 | INFO | epoch=211 loss_total=10.651152 loss_w2=10.610512 loss_reg=0.040639
2026-01-29 16:56:46,321 | INFO | epoch=212 loss_total=10.610222 loss_w2=10.569407 loss_reg=0.040816
2026-01-29 16:56:53,076 | INFO | epoch=213 loss_total=10.569765 loss_w2=10.528773 loss_reg=0.040991
2026-01-29 16:56:57,303 | INFO | epoch=214 loss_total=10.529760 loss_w2=10.488594 loss_reg=0.041166
2026-01-29 16:57:01,388 | INFO | epoch=215 loss_total=10.490200 loss_w2=10.448859 loss_reg=0.041341
2026-01-29 16:57:05,378 | INFO | epoch=216 loss_total=10.451075 loss_w2=10.409560 loss_reg=0.041514
2026-01-29 16:57:10,288 | INFO | epoch=217 loss_total=10.412374 loss_w2=10.370687 loss_reg=0.041687
2026-01-29 16:57:15,919 | INFO | epoch=218 loss_total=10.374109 loss_w2=10.332250 loss_reg=0.041860
2026-01-29 16:57:20,301 | INFO | epoch=219 loss_total=10.336259 loss_w2=10.294228 loss_reg=0.042031
2026-01-29 16:57:24,177 | INFO | epoch=220 loss_total=10.298814 loss_w2=10.256612 loss_reg=0.042202
2026-01-29 16:57:28,352 | INFO | epoch=221 loss_total=10.261780 loss_w2=10.219407 loss_reg=0.042373
2026-01-29 16:57:32,558 | INFO | epoch=222 loss_total=10.225132 loss_w2=10.182590 loss_reg=0.042543
2026-01-29 16:57:37,098 | INFO | epoch=223 loss_total=10.188884 loss_w2=10.146172 loss_reg=0.042712
2026-01-29 16:57:46,070 | INFO | epoch=224 loss_total=10.153012 loss_w2=10.110131 loss_reg=0.042881
2026-01-29 16:57:50,584 | INFO | epoch=225 loss_total=10.117516 loss_w2=10.074467 loss_reg=0.043049
2026-01-29 16:57:54,326 | INFO | epoch=226 loss_total=10.082393 loss_w2=10.039176 loss_reg=0.043217
2026-01-29 16:58:00,102 | INFO | epoch=227 loss_total=10.047631 loss_w2=10.004248 loss_reg=0.043384
2026-01-29 16:58:03,948 | INFO | epoch=228 loss_total=10.013236 loss_w2=9.969686 loss_reg=0.043550
2026-01-29 16:58:08,570 | INFO | epoch=229 loss_total=9.979190 loss_w2=9.935474 loss_reg=0.043716
2026-01-29 16:58:13,044 | INFO | epoch=230 loss_total=9.945491 loss_w2=9.901609 loss_reg=0.043881
2026-01-29 16:58:18,235 | INFO | epoch=231 loss_total=9.912134 loss_w2=9.868088 loss_reg=0.044046
2026-01-29 16:58:22,449 | INFO | epoch=232 loss_total=9.879117 loss_w2=9.834907 loss_reg=0.044210
2026-01-29 16:58:27,277 | INFO | epoch=233 loss_total=9.846432 loss_w2=9.802058 loss_reg=0.044374
2026-01-29 16:58:31,450 | INFO | epoch=234 loss_total=9.814075 loss_w2=9.769539 loss_reg=0.044537
2026-01-29 16:58:36,183 | INFO | epoch=235 loss_total=9.782043 loss_w2=9.737344 loss_reg=0.044699
2026-01-29 16:58:39,545 | INFO | epoch=236 loss_total=9.750329 loss_w2=9.705467 loss_reg=0.044862
2026-01-29 16:58:43,505 | INFO | epoch=237 loss_total=9.718926 loss_w2=9.673903 loss_reg=0.045023
2026-01-29 16:58:49,303 | INFO | epoch=238 loss_total=9.687832 loss_w2=9.642648 loss_reg=0.045184
2026-01-29 16:58:53,963 | INFO | epoch=239 loss_total=9.657041 loss_w2=9.611696 loss_reg=0.045345
2026-01-29 16:58:57,918 | INFO | epoch=240 loss_total=9.626552 loss_w2=9.581047 loss_reg=0.045505
2026-01-29 16:59:02,344 | INFO | epoch=241 loss_total=9.596354 loss_w2=9.550691 loss_reg=0.045664
2026-01-29 16:59:07,033 | INFO | epoch=242 loss_total=9.566452 loss_w2=9.520629 loss_reg=0.045823
2026-01-29 16:59:10,738 | INFO | epoch=243 loss_total=9.536841 loss_w2=9.490860 loss_reg=0.045982
2026-01-29 16:59:15,775 | INFO | epoch=244 loss_total=9.507513 loss_w2=9.461373 loss_reg=0.046139
2026-01-29 16:59:19,616 | INFO | epoch=245 loss_total=9.478462 loss_w2=9.432165 loss_reg=0.046297
2026-01-29 16:59:23,296 | INFO | epoch=246 loss_total=9.449688 loss_w2=9.403234 loss_reg=0.046454
2026-01-29 16:59:26,970 | INFO | epoch=247 loss_total=9.421189 loss_w2=9.374578 loss_reg=0.046611
2026-01-29 16:59:31,108 | INFO | epoch=248 loss_total=9.392962 loss_w2=9.346196 loss_reg=0.046767
2026-01-29 16:59:36,840 | INFO | epoch=249 loss_total=9.364992 loss_w2=9.318070 loss_reg=0.046922
2026-01-29 16:59:43,073 | INFO | epoch=250 loss_total=9.337288 loss_w2=9.290211 loss_reg=0.047077
2026-01-29 16:59:50,260 | INFO | epoch=251 loss_total=9.309843 loss_w2=9.262611 loss_reg=0.047232
2026-01-29 16:59:53,565 | INFO | epoch=252 loss_total=9.282659 loss_w2=9.235272 loss_reg=0.047386
2026-01-29 16:59:57,029 | INFO | epoch=253 loss_total=9.255724 loss_w2=9.208184 loss_reg=0.047540
2026-01-29 17:00:00,489 | INFO | epoch=254 loss_total=9.229036 loss_w2=9.181343 loss_reg=0.047693
2026-01-29 17:00:03,906 | INFO | epoch=255 loss_total=9.202597 loss_w2=9.154751 loss_reg=0.047846
2026-01-29 17:00:10,473 | INFO | epoch=256 loss_total=9.176401 loss_w2=9.128403 loss_reg=0.047998
2026-01-29 17:00:14,968 | INFO | epoch=257 loss_total=9.150442 loss_w2=9.102292 loss_reg=0.048150
2026-01-29 17:00:19,750 | INFO | epoch=258 loss_total=9.124727 loss_w2=9.076426 loss_reg=0.048301
2026-01-29 17:00:26,151 | INFO | epoch=259 loss_total=9.099245 loss_w2=9.050793 loss_reg=0.048452
2026-01-29 17:00:29,920 | INFO | epoch=260 loss_total=9.073996 loss_w2=9.025393 loss_reg=0.048603
2026-01-29 17:00:35,808 | INFO | epoch=261 loss_total=9.048972 loss_w2=9.000219 loss_reg=0.048753
2026-01-29 17:00:39,755 | INFO | epoch=262 loss_total=9.024181 loss_w2=8.975279 loss_reg=0.048903
2026-01-29 17:00:43,867 | INFO | epoch=263 loss_total=8.999613 loss_w2=8.950561 loss_reg=0.049052
2026-01-29 17:00:48,217 | INFO | epoch=264 loss_total=8.975268 loss_w2=8.926067 loss_reg=0.049201
2026-01-29 17:00:52,962 | INFO | epoch=265 loss_total=8.951139 loss_w2=8.901791 loss_reg=0.049349
2026-01-29 17:00:57,199 | INFO | epoch=266 loss_total=8.927228 loss_w2=8.877730 loss_reg=0.049497
2026-01-29 17:01:01,331 | INFO | epoch=267 loss_total=8.903527 loss_w2=8.853883 loss_reg=0.049645
2026-01-29 17:01:05,228 | INFO | epoch=268 loss_total=8.880040 loss_w2=8.830248 loss_reg=0.049792
2026-01-29 17:01:09,141 | INFO | epoch=269 loss_total=8.856760 loss_w2=8.806822 loss_reg=0.049939
2026-01-29 17:01:14,230 | INFO | epoch=270 loss_total=8.833688 loss_w2=8.783603 loss_reg=0.050085
2026-01-29 17:01:18,418 | INFO | epoch=271 loss_total=8.810811 loss_w2=8.760580 loss_reg=0.050231
2026-01-29 17:01:22,754 | INFO | epoch=272 loss_total=8.788141 loss_w2=8.737765 loss_reg=0.050376
2026-01-29 17:01:26,634 | INFO | epoch=273 loss_total=8.765670 loss_w2=8.715149 loss_reg=0.050521
2026-01-29 17:01:30,344 | INFO | epoch=274 loss_total=8.743391 loss_w2=8.692725 loss_reg=0.050666
2026-01-29 17:01:33,951 | INFO | epoch=275 loss_total=8.721309 loss_w2=8.670499 loss_reg=0.050810
2026-01-29 17:01:37,512 | INFO | epoch=276 loss_total=8.699413 loss_w2=8.648459 loss_reg=0.050954
2026-01-29 17:01:41,736 | INFO | epoch=277 loss_total=8.677710 loss_w2=8.626612 loss_reg=0.051098
2026-01-29 17:01:45,584 | INFO | epoch=278 loss_total=8.656192 loss_w2=8.604951 loss_reg=0.051241
2026-01-29 17:01:50,095 | INFO | epoch=279 loss_total=8.634852 loss_w2=8.583469 loss_reg=0.051383
2026-01-29 17:01:53,415 | INFO | epoch=280 loss_total=8.613695 loss_w2=8.562170 loss_reg=0.051526
2026-01-29 17:01:57,040 | INFO | epoch=281 loss_total=8.592720 loss_w2=8.541053 loss_reg=0.051667
2026-01-29 17:02:00,352 | INFO | epoch=282 loss_total=8.571920 loss_w2=8.520111 loss_reg=0.051809
2026-01-29 17:02:04,216 | INFO | epoch=283 loss_total=8.551291 loss_w2=8.499340 loss_reg=0.051950
2026-01-29 17:02:07,773 | INFO | epoch=284 loss_total=8.530835 loss_w2=8.478745 loss_reg=0.052091
2026-01-29 17:02:12,228 | INFO | epoch=285 loss_total=8.510549 loss_w2=8.458318 loss_reg=0.052231
2026-01-29 17:02:15,867 | INFO | epoch=286 loss_total=8.490432 loss_w2=8.438061 loss_reg=0.052371
2026-01-29 17:02:19,383 | INFO | epoch=287 loss_total=8.470478 loss_w2=8.417967 loss_reg=0.052511
2026-01-29 17:02:23,103 | INFO | epoch=288 loss_total=8.450689 loss_w2=8.398039 loss_reg=0.052650
2026-01-29 17:02:26,670 | INFO | epoch=289 loss_total=8.431057 loss_w2=8.378268 loss_reg=0.052789
2026-01-29 17:02:30,454 | INFO | epoch=290 loss_total=8.411590 loss_w2=8.358663 loss_reg=0.052927
2026-01-29 17:02:33,794 | INFO | epoch=291 loss_total=8.392276 loss_w2=8.339211 loss_reg=0.053065
2026-01-29 17:02:37,603 | INFO | epoch=292 loss_total=8.373120 loss_w2=8.319917 loss_reg=0.053203
2026-01-29 17:02:41,159 | INFO | epoch=293 loss_total=8.354117 loss_w2=8.300776 loss_reg=0.053341
2026-01-29 17:02:45,586 | INFO | epoch=294 loss_total=8.335265 loss_w2=8.281788 loss_reg=0.053478
2026-01-29 17:02:48,619 | INFO | epoch=295 loss_total=8.316568 loss_w2=8.262954 loss_reg=0.053614
2026-01-29 17:02:53,230 | INFO | epoch=296 loss_total=8.298018 loss_w2=8.244267 loss_reg=0.053751
2026-01-29 17:02:56,677 | INFO | epoch=297 loss_total=8.279620 loss_w2=8.225734 loss_reg=0.053887
2026-01-29 17:02:59,800 | INFO | epoch=298 loss_total=8.261370 loss_w2=8.207348 loss_reg=0.054022
2026-01-29 17:03:03,129 | INFO | epoch=299 loss_total=8.243258 loss_w2=8.189100 loss_reg=0.054157
2026-01-29 17:03:08,002 | INFO | epoch=300 loss_total=8.225293 loss_w2=8.171000 loss_reg=0.054292
2026-01-29 17:03:14,630 | INFO | epoch=301 loss_total=8.207471 loss_w2=8.153044 loss_reg=0.054427
2026-01-29 17:03:17,968 | INFO | epoch=302 loss_total=8.189791 loss_w2=8.135229 loss_reg=0.054561
2026-01-29 17:03:21,642 | INFO | epoch=303 loss_total=8.172250 loss_w2=8.117555 loss_reg=0.054695
2026-01-29 17:03:25,400 | INFO | epoch=304 loss_total=8.154846 loss_w2=8.100018 loss_reg=0.054829
2026-01-29 17:03:30,136 | INFO | epoch=305 loss_total=8.137576 loss_w2=8.082614 loss_reg=0.054962
2026-01-29 17:03:33,826 | INFO | epoch=306 loss_total=8.120442 loss_w2=8.065348 loss_reg=0.055095
2026-01-29 17:03:38,981 | INFO | epoch=307 loss_total=8.103439 loss_w2=8.048212 loss_reg=0.055227
2026-01-29 17:03:42,085 | INFO | epoch=308 loss_total=8.086561 loss_w2=8.031202 loss_reg=0.055359
2026-01-29 17:03:45,518 | INFO | epoch=309 loss_total=8.069818 loss_w2=8.014326 loss_reg=0.055491
2026-01-29 17:03:51,139 | INFO | epoch=310 loss_total=8.053194 loss_w2=7.997571 loss_reg=0.055623
2026-01-29 17:03:54,623 | INFO | epoch=311 loss_total=8.036697 loss_w2=7.980944 loss_reg=0.055754
2026-01-29 17:03:58,011 | INFO | epoch=312 loss_total=8.020319 loss_w2=7.964435 loss_reg=0.055885
2026-01-29 17:04:01,809 | INFO | epoch=313 loss_total=8.004064 loss_w2=7.948048 loss_reg=0.056015
2026-01-29 17:04:05,475 | INFO | epoch=314 loss_total=7.987928 loss_w2=7.931783 loss_reg=0.056146
2026-01-29 17:04:09,669 | INFO | epoch=315 loss_total=7.971908 loss_w2=7.915632 loss_reg=0.056275
2026-01-29 17:04:13,032 | INFO | epoch=316 loss_total=7.956009 loss_w2=7.899604 loss_reg=0.056405
2026-01-29 17:04:16,382 | INFO | epoch=317 loss_total=7.940227 loss_w2=7.883692 loss_reg=0.056534
2026-01-29 17:04:20,239 | INFO | epoch=318 loss_total=7.924562 loss_w2=7.867898 loss_reg=0.056663
2026-01-29 17:04:23,715 | INFO | epoch=319 loss_total=7.909017 loss_w2=7.852225 loss_reg=0.056792
2026-01-29 17:04:27,011 | INFO | epoch=320 loss_total=7.893584 loss_w2=7.836664 loss_reg=0.056920
2026-01-29 17:04:30,447 | INFO | epoch=321 loss_total=7.878263 loss_w2=7.821214 loss_reg=0.057048
2026-01-29 17:04:33,828 | INFO | epoch=322 loss_total=7.863061 loss_w2=7.805885 loss_reg=0.057176
2026-01-29 17:04:38,229 | INFO | epoch=323 loss_total=7.847967 loss_w2=7.790663 loss_reg=0.057303
2026-01-29 17:04:41,558 | INFO | epoch=324 loss_total=7.832982 loss_w2=7.775552 loss_reg=0.057431
2026-01-29 17:04:44,952 | INFO | epoch=325 loss_total=7.818107 loss_w2=7.760550 loss_reg=0.057557
2026-01-29 17:04:49,473 | INFO | epoch=326 loss_total=7.803339 loss_w2=7.745655 loss_reg=0.057684
2026-01-29 17:04:53,772 | INFO | epoch=327 loss_total=7.788674 loss_w2=7.730864 loss_reg=0.057810
2026-01-29 17:04:57,077 | INFO | epoch=328 loss_total=7.774118 loss_w2=7.716183 loss_reg=0.057936
2026-01-29 17:05:02,017 | INFO | epoch=329 loss_total=7.759667 loss_w2=7.701606 loss_reg=0.058062
2026-01-29 17:05:05,497 | INFO | epoch=330 loss_total=7.745319 loss_w2=7.687132 loss_reg=0.058187
2026-01-29 17:05:09,519 | INFO | epoch=331 loss_total=7.731074 loss_w2=7.672762 loss_reg=0.058312
2026-01-29 17:05:13,178 | INFO | epoch=332 loss_total=7.716928 loss_w2=7.658492 loss_reg=0.058437
2026-01-29 17:05:17,223 | INFO | epoch=333 loss_total=7.702886 loss_w2=7.644325 loss_reg=0.058561
2026-01-29 17:05:21,600 | INFO | epoch=334 loss_total=7.688941 loss_w2=7.630256 loss_reg=0.058685
2026-01-29 17:05:26,446 | INFO | epoch=335 loss_total=7.675097 loss_w2=7.616288 loss_reg=0.058809
2026-01-29 17:05:30,313 | INFO | epoch=336 loss_total=7.661348 loss_w2=7.602416 loss_reg=0.058933
2026-01-29 17:05:33,768 | INFO | epoch=337 loss_total=7.647694 loss_w2=7.588638 loss_reg=0.059056
2026-01-29 17:05:37,835 | INFO | epoch=338 loss_total=7.634141 loss_w2=7.574963 loss_reg=0.059179
2026-01-29 17:05:42,727 | INFO | epoch=339 loss_total=7.620680 loss_w2=7.561378 loss_reg=0.059302
2026-01-29 17:05:47,284 | INFO | epoch=340 loss_total=7.607308 loss_w2=7.547884 loss_reg=0.059424
2026-01-29 17:05:50,768 | INFO | epoch=341 loss_total=7.594028 loss_w2=7.534482 loss_reg=0.059546
2026-01-29 17:05:55,001 | INFO | epoch=342 loss_total=7.580838 loss_w2=7.521170 loss_reg=0.059668
2026-01-29 17:05:59,932 | INFO | epoch=343 loss_total=7.567744 loss_w2=7.507954 loss_reg=0.059790
2026-01-29 17:06:03,726 | INFO | epoch=344 loss_total=7.554729 loss_w2=7.494819 loss_reg=0.059911
2026-01-29 17:06:08,002 | INFO | epoch=345 loss_total=7.541810 loss_w2=7.481778 loss_reg=0.060032
2026-01-29 17:06:12,011 | INFO | epoch=346 loss_total=7.528975 loss_w2=7.468822 loss_reg=0.060153
2026-01-29 17:06:15,996 | INFO | epoch=347 loss_total=7.516226 loss_w2=7.455953 loss_reg=0.060273
2026-01-29 17:06:19,856 | INFO | epoch=348 loss_total=7.503562 loss_w2=7.443169 loss_reg=0.060393
2026-01-29 17:06:24,293 | INFO | epoch=349 loss_total=7.490980 loss_w2=7.430466 loss_reg=0.060513
2026-01-29 17:06:29,919 | INFO | epoch=350 loss_total=7.478477 loss_w2=7.417844 loss_reg=0.060633
2026-01-29 17:06:38,143 | INFO | epoch=351 loss_total=7.466054 loss_w2=7.405302 loss_reg=0.060753
2026-01-29 17:06:42,808 | INFO | epoch=352 loss_total=7.453712 loss_w2=7.392840 loss_reg=0.060872
2026-01-29 17:06:46,920 | INFO | epoch=353 loss_total=7.441443 loss_w2=7.380452 loss_reg=0.060991
2026-01-29 17:06:51,188 | INFO | epoch=354 loss_total=7.429255 loss_w2=7.368146 loss_reg=0.061109
2026-01-29 17:06:54,966 | INFO | epoch=355 loss_total=7.417146 loss_w2=7.355918 loss_reg=0.061228
2026-01-29 17:06:58,781 | INFO | epoch=356 loss_total=7.405113 loss_w2=7.343767 loss_reg=0.061346
2026-01-29 17:07:02,470 | INFO | epoch=357 loss_total=7.393163 loss_w2=7.331700 loss_reg=0.061464
2026-01-29 17:07:05,652 | INFO | epoch=358 loss_total=7.381288 loss_w2=7.319706 loss_reg=0.061581
2026-01-29 17:07:13,626 | INFO | epoch=359 loss_total=7.369497 loss_w2=7.307798 loss_reg=0.061698
2026-01-29 17:07:17,273 | INFO | epoch=360 loss_total=7.357780 loss_w2=7.295964 loss_reg=0.061816
2026-01-29 17:07:20,957 | INFO | epoch=361 loss_total=7.346145 loss_w2=7.284213 loss_reg=0.061932
2026-01-29 17:07:25,026 | INFO | epoch=362 loss_total=7.334587 loss_w2=7.272538 loss_reg=0.062049
2026-01-29 17:07:28,734 | INFO | epoch=363 loss_total=7.323111 loss_w2=7.260945 loss_reg=0.062165
2026-01-29 17:07:32,659 | INFO | epoch=364 loss_total=7.311715 loss_w2=7.249434 loss_reg=0.062281
2026-01-29 17:07:36,997 | INFO | epoch=365 loss_total=7.300391 loss_w2=7.237994 loss_reg=0.062397
2026-01-29 17:07:40,978 | INFO | epoch=366 loss_total=7.289143 loss_w2=7.226631 loss_reg=0.062513
2026-01-29 17:07:44,389 | INFO | epoch=367 loss_total=7.277969 loss_w2=7.215342 loss_reg=0.062628
2026-01-29 17:07:48,985 | INFO | epoch=368 loss_total=7.266870 loss_w2=7.204127 loss_reg=0.062743
2026-01-29 17:07:52,900 | INFO | epoch=369 loss_total=7.255846 loss_w2=7.192988 loss_reg=0.062858
2026-01-29 17:07:57,293 | INFO | epoch=370 loss_total=7.244890 loss_w2=7.181917 loss_reg=0.062972
2026-01-29 17:08:01,329 | INFO | epoch=371 loss_total=7.234004 loss_w2=7.170917 loss_reg=0.063087
2026-01-29 17:08:04,874 | INFO | epoch=372 loss_total=7.223187 loss_w2=7.159986 loss_reg=0.063201
2026-01-29 17:08:08,409 | INFO | epoch=373 loss_total=7.212443 loss_w2=7.149128 loss_reg=0.063315
2026-01-29 17:08:12,292 | INFO | epoch=374 loss_total=7.201771 loss_w2=7.138342 loss_reg=0.063428
2026-01-29 17:08:16,414 | INFO | epoch=375 loss_total=7.191164 loss_w2=7.127623 loss_reg=0.063542
2026-01-29 17:08:20,068 | INFO | epoch=376 loss_total=7.180622 loss_w2=7.116968 loss_reg=0.063655
2026-01-29 17:08:24,225 | INFO | epoch=377 loss_total=7.170151 loss_w2=7.106383 loss_reg=0.063767
2026-01-29 17:08:27,937 | INFO | epoch=378 loss_total=7.159739 loss_w2=7.095859 loss_reg=0.063880
2026-01-29 17:08:31,470 | INFO | epoch=379 loss_total=7.149394 loss_w2=7.085402 loss_reg=0.063993
2026-01-29 17:08:34,907 | INFO | epoch=380 loss_total=7.139113 loss_w2=7.075008 loss_reg=0.064105
2026-01-29 17:08:39,263 | INFO | epoch=381 loss_total=7.128898 loss_w2=7.064681 loss_reg=0.064217
2026-01-29 17:08:42,657 | INFO | epoch=382 loss_total=7.118744 loss_w2=7.054416 loss_reg=0.064328
2026-01-29 17:08:48,301 | INFO | epoch=383 loss_total=7.108656 loss_w2=7.044217 loss_reg=0.064440
2026-01-29 17:08:52,061 | INFO | epoch=384 loss_total=7.098636 loss_w2=7.034085 loss_reg=0.064551
2026-01-29 17:08:55,470 | INFO | epoch=385 loss_total=7.088676 loss_w2=7.024014 loss_reg=0.064662
2026-01-29 17:08:59,026 | INFO | epoch=386 loss_total=7.078775 loss_w2=7.014003 loss_reg=0.064773
2026-01-29 17:09:02,622 | INFO | epoch=387 loss_total=7.068939 loss_w2=7.004056 loss_reg=0.064883
2026-01-29 17:09:06,184 | INFO | epoch=388 loss_total=7.059163 loss_w2=6.994169 loss_reg=0.064994
2026-01-29 17:09:11,441 | INFO | epoch=389 loss_total=7.049448 loss_w2=6.984344 loss_reg=0.065104
2026-01-29 17:09:14,967 | INFO | epoch=390 loss_total=7.039793 loss_w2=6.974580 loss_reg=0.065213
2026-01-29 17:09:18,450 | INFO | epoch=391 loss_total=7.030196 loss_w2=6.964873 loss_reg=0.065323
2026-01-29 17:09:22,296 | INFO | epoch=392 loss_total=7.020656 loss_w2=6.955223 loss_reg=0.065432
2026-01-29 17:09:25,904 | INFO | epoch=393 loss_total=7.011175 loss_w2=6.945633 loss_reg=0.065542
2026-01-29 17:09:29,483 | INFO | epoch=394 loss_total=7.001755 loss_w2=6.936104 loss_reg=0.065651
2026-01-29 17:09:34,809 | INFO | epoch=395 loss_total=6.992386 loss_w2=6.926627 loss_reg=0.065759
2026-01-29 17:09:38,709 | INFO | epoch=396 loss_total=6.983082 loss_w2=6.917214 loss_reg=0.065868
2026-01-29 17:09:42,489 | INFO | epoch=397 loss_total=6.973828 loss_w2=6.907852 loss_reg=0.065976
2026-01-29 17:09:46,098 | INFO | epoch=398 loss_total=6.964632 loss_w2=6.898547 loss_reg=0.066084
2026-01-29 17:09:49,471 | INFO | epoch=399 loss_total=6.955485 loss_w2=6.889293 loss_reg=0.066192
2026-01-29 17:09:52,944 | INFO | epoch=400 loss_total=6.946391 loss_w2=6.880091 loss_reg=0.066300
2026-01-29 17:10:00,653 | INFO | epoch=401 loss_total=6.937346 loss_w2=6.870938 loss_reg=0.066407
2026-01-29 17:10:04,087 | INFO | epoch=402 loss_total=6.928347 loss_w2=6.861833 loss_reg=0.066514
2026-01-29 17:10:07,718 | INFO | epoch=403 loss_total=6.919404 loss_w2=6.852782 loss_reg=0.066621
2026-01-29 17:10:12,253 | INFO | epoch=404 loss_total=6.910505 loss_w2=6.843777 loss_reg=0.066728
2026-01-29 17:10:15,830 | INFO | epoch=405 loss_total=6.901661 loss_w2=6.834826 loss_reg=0.066835
2026-01-29 17:10:19,417 | INFO | epoch=406 loss_total=6.892866 loss_w2=6.825925 loss_reg=0.066941
2026-01-29 17:10:22,848 | INFO | epoch=407 loss_total=6.884122 loss_w2=6.817075 loss_reg=0.067047
2026-01-29 17:10:26,880 | INFO | epoch=408 loss_total=6.875429 loss_w2=6.808276 loss_reg=0.067153
2026-01-29 17:10:30,923 | INFO | epoch=409 loss_total=6.866788 loss_w2=6.799529 loss_reg=0.067259
2026-01-29 17:10:36,554 | INFO | epoch=410 loss_total=6.858198 loss_w2=6.790833 loss_reg=0.067364
2026-01-29 17:10:39,980 | INFO | epoch=411 loss_total=6.849653 loss_w2=6.782183 loss_reg=0.067470
2026-01-29 17:10:43,882 | INFO | epoch=412 loss_total=6.841155 loss_w2=6.773580 loss_reg=0.067575
2026-01-29 17:10:47,538 | INFO | epoch=413 loss_total=6.832708 loss_w2=6.765028 loss_reg=0.067680
2026-01-29 17:10:50,766 | INFO | epoch=414 loss_total=6.824304 loss_w2=6.756519 loss_reg=0.067785
2026-01-29 17:10:54,844 | INFO | epoch=415 loss_total=6.815943 loss_w2=6.748054 loss_reg=0.067889
2026-01-29 17:11:00,202 | INFO | epoch=416 loss_total=6.807626 loss_w2=6.739633 loss_reg=0.067993
2026-01-29 17:11:03,813 | INFO | epoch=417 loss_total=6.799353 loss_w2=6.731256 loss_reg=0.068097
2026-01-29 17:11:07,545 | INFO | epoch=418 loss_total=6.791124 loss_w2=6.722922 loss_reg=0.068201
2026-01-29 17:11:10,813 | INFO | epoch=419 loss_total=6.782934 loss_w2=6.714629 loss_reg=0.068305
2026-01-29 17:11:14,121 | INFO | epoch=420 loss_total=6.774787 loss_w2=6.706378 loss_reg=0.068409
2026-01-29 17:11:17,942 | INFO | epoch=421 loss_total=6.766677 loss_w2=6.698165 loss_reg=0.068512
2026-01-29 17:11:21,133 | INFO | epoch=422 loss_total=6.758615 loss_w2=6.690000 loss_reg=0.068615
2026-01-29 17:11:25,989 | INFO | epoch=423 loss_total=6.750591 loss_w2=6.681873 loss_reg=0.068718
2026-01-29 17:11:29,569 | INFO | epoch=424 loss_total=6.742610 loss_w2=6.673790 loss_reg=0.068821
2026-01-29 17:11:32,914 | INFO | epoch=425 loss_total=6.734666 loss_w2=6.665743 loss_reg=0.068923
2026-01-29 17:11:36,780 | INFO | epoch=426 loss_total=6.726770 loss_w2=6.657744 loss_reg=0.069025
2026-01-29 17:11:40,349 | INFO | epoch=427 loss_total=6.718918 loss_w2=6.649791 loss_reg=0.069128
2026-01-29 17:11:47,521 | INFO | epoch=428 loss_total=6.711111 loss_w2=6.641881 loss_reg=0.069230
2026-01-29 17:11:50,998 | INFO | epoch=429 loss_total=6.703343 loss_w2=6.634012 loss_reg=0.069331
2026-01-29 17:11:54,426 | INFO | epoch=430 loss_total=6.695624 loss_w2=6.626192 loss_reg=0.069433
2026-01-29 17:11:58,827 | INFO | epoch=431 loss_total=6.687950 loss_w2=6.618416 loss_reg=0.069534
2026-01-29 17:12:01,942 | INFO | epoch=432 loss_total=6.680315 loss_w2=6.610679 loss_reg=0.069635
2026-01-29 17:12:05,362 | INFO | epoch=433 loss_total=6.672730 loss_w2=6.602994 loss_reg=0.069736
2026-01-29 17:12:11,614 | INFO | epoch=434 loss_total=6.665186 loss_w2=6.595349 loss_reg=0.069837
2026-01-29 17:12:15,276 | INFO | epoch=435 loss_total=6.657689 loss_w2=6.587751 loss_reg=0.069938
2026-01-29 17:12:18,532 | INFO | epoch=436 loss_total=6.650236 loss_w2=6.580198 loss_reg=0.070038
2026-01-29 17:12:21,706 | INFO | epoch=437 loss_total=6.642830 loss_w2=6.572692 loss_reg=0.070138
2026-01-29 17:12:25,182 | INFO | epoch=438 loss_total=6.635467 loss_w2=6.565229 loss_reg=0.070238
2026-01-29 17:12:32,156 | INFO | epoch=439 loss_total=6.628151 loss_w2=6.557813 loss_reg=0.070338
2026-01-29 17:12:35,581 | INFO | epoch=440 loss_total=6.620880 loss_w2=6.550442 loss_reg=0.070438
2026-01-29 17:12:38,844 | INFO | epoch=441 loss_total=6.613645 loss_w2=6.543108 loss_reg=0.070537
2026-01-29 17:12:41,917 | INFO | epoch=442 loss_total=6.606453 loss_w2=6.535817 loss_reg=0.070636
2026-01-29 17:12:45,547 | INFO | epoch=443 loss_total=6.599301 loss_w2=6.528566 loss_reg=0.070735
2026-01-29 17:12:48,961 | INFO | epoch=444 loss_total=6.592184 loss_w2=6.521350 loss_reg=0.070834
2026-01-29 17:12:52,438 | INFO | epoch=445 loss_total=6.585107 loss_w2=6.514174 loss_reg=0.070933
2026-01-29 17:12:55,724 | INFO | epoch=446 loss_total=6.578066 loss_w2=6.507035 loss_reg=0.071032
2026-01-29 17:12:59,791 | INFO | epoch=447 loss_total=6.571069 loss_w2=6.499939 loss_reg=0.071130
2026-01-29 17:13:03,068 | INFO | epoch=448 loss_total=6.564107 loss_w2=6.492879 loss_reg=0.071228
2026-01-29 17:13:07,416 | INFO | epoch=449 loss_total=6.557181 loss_w2=6.485855 loss_reg=0.071326
2026-01-29 17:13:10,751 | INFO | epoch=450 loss_total=6.550295 loss_w2=6.478871 loss_reg=0.071424
2026-01-29 17:13:17,596 | INFO | epoch=451 loss_total=6.543442 loss_w2=6.471920 loss_reg=0.071521
2026-01-29 17:13:20,979 | INFO | epoch=452 loss_total=6.536623 loss_w2=6.465004 loss_reg=0.071619
2026-01-29 17:13:24,756 | INFO | epoch=453 loss_total=6.529842 loss_w2=6.458126 loss_reg=0.071716
2026-01-29 17:13:28,201 | INFO | epoch=454 loss_total=6.523092 loss_w2=6.451279 loss_reg=0.071813
2026-01-29 17:13:33,906 | INFO | epoch=455 loss_total=6.516376 loss_w2=6.444466 loss_reg=0.071910
2026-01-29 17:13:37,168 | INFO | epoch=456 loss_total=6.509690 loss_w2=6.437683 loss_reg=0.072007
2026-01-29 17:13:40,798 | INFO | epoch=457 loss_total=6.503039 loss_w2=6.430936 loss_reg=0.072103
2026-01-29 17:13:43,838 | INFO | epoch=458 loss_total=6.496417 loss_w2=6.424218 loss_reg=0.072200
2026-01-29 17:13:47,051 | INFO | epoch=459 loss_total=6.489830 loss_w2=6.417534 loss_reg=0.072296
2026-01-29 17:13:52,474 | INFO | epoch=460 loss_total=6.483275 loss_w2=6.410883 loss_reg=0.072392
2026-01-29 17:13:55,885 | INFO | epoch=461 loss_total=6.476755 loss_w2=6.404267 loss_reg=0.072488
2026-01-29 17:13:59,503 | INFO | epoch=462 loss_total=6.470264 loss_w2=6.397681 loss_reg=0.072583
2026-01-29 17:14:02,993 | INFO | epoch=463 loss_total=6.463809 loss_w2=6.391130 loss_reg=0.072679
2026-01-29 17:14:06,586 | INFO | epoch=464 loss_total=6.457386 loss_w2=6.384613 loss_reg=0.072774
2026-01-29 17:14:09,839 | INFO | epoch=465 loss_total=6.450992 loss_w2=6.378122 loss_reg=0.072869
2026-01-29 17:14:13,548 | INFO | epoch=466 loss_total=6.444630 loss_w2=6.371665 loss_reg=0.072964
2026-01-29 17:14:17,094 | INFO | epoch=467 loss_total=6.438299 loss_w2=6.365240 loss_reg=0.073059
2026-01-29 17:14:21,207 | INFO | epoch=468 loss_total=6.431999 loss_w2=6.358846 loss_reg=0.073154
2026-01-29 17:14:24,742 | INFO | epoch=469 loss_total=6.425729 loss_w2=6.352481 loss_reg=0.073248
2026-01-29 17:14:28,252 | INFO | epoch=470 loss_total=6.419495 loss_w2=6.346152 loss_reg=0.073342
2026-01-29 17:14:32,063 | INFO | epoch=471 loss_total=6.413291 loss_w2=6.339854 loss_reg=0.073436
2026-01-29 17:14:35,576 | INFO | epoch=472 loss_total=6.407118 loss_w2=6.333588 loss_reg=0.073530
2026-01-29 17:14:39,178 | INFO | epoch=473 loss_total=6.400980 loss_w2=6.327355 loss_reg=0.073624
2026-01-29 17:14:42,829 | INFO | epoch=474 loss_total=6.394874 loss_w2=6.321157 loss_reg=0.073718
2026-01-29 17:14:47,213 | INFO | epoch=475 loss_total=6.388800 loss_w2=6.314989 loss_reg=0.073811
2026-01-29 17:14:52,856 | INFO | epoch=476 loss_total=6.382757 loss_w2=6.308852 loss_reg=0.073905
2026-01-29 17:14:56,025 | INFO | epoch=477 loss_total=6.376740 loss_w2=6.302742 loss_reg=0.073998
2026-01-29 17:14:59,388 | INFO | epoch=478 loss_total=6.370760 loss_w2=6.296669 loss_reg=0.074091
2026-01-29 17:15:02,921 | INFO | epoch=479 loss_total=6.364803 loss_w2=6.290619 loss_reg=0.074183
2026-01-29 17:15:06,213 | INFO | epoch=480 loss_total=6.358883 loss_w2=6.284607 loss_reg=0.074276
2026-01-29 17:15:10,494 | INFO | epoch=481 loss_total=6.352985 loss_w2=6.278617 loss_reg=0.074368
2026-01-29 17:15:15,788 | INFO | epoch=482 loss_total=6.347119 loss_w2=6.272658 loss_reg=0.074461
2026-01-29 17:15:19,159 | INFO | epoch=483 loss_total=6.341280 loss_w2=6.266727 loss_reg=0.074553
2026-01-29 17:15:22,376 | INFO | epoch=484 loss_total=6.335472 loss_w2=6.260827 loss_reg=0.074645
2026-01-29 17:15:26,029 | INFO | epoch=485 loss_total=6.329694 loss_w2=6.254958 loss_reg=0.074737
2026-01-29 17:15:29,504 | INFO | epoch=486 loss_total=6.323949 loss_w2=6.249120 loss_reg=0.074828
2026-01-29 17:15:32,979 | INFO | epoch=487 loss_total=6.318229 loss_w2=6.243309 loss_reg=0.074920
2026-01-29 17:15:36,598 | INFO | epoch=488 loss_total=6.312541 loss_w2=6.237530 loss_reg=0.075011
2026-01-29 17:15:39,962 | INFO | epoch=489 loss_total=6.306876 loss_w2=6.231774 loss_reg=0.075102
2026-01-29 17:15:43,203 | INFO | epoch=490 loss_total=6.301244 loss_w2=6.226050 loss_reg=0.075193
2026-01-29 17:15:46,887 | INFO | epoch=491 loss_total=6.295637 loss_w2=6.220352 loss_reg=0.075284
2026-01-29 17:15:50,409 | INFO | epoch=492 loss_total=6.290060 loss_w2=6.214684 loss_reg=0.075375
2026-01-29 17:15:53,906 | INFO | epoch=493 loss_total=6.284505 loss_w2=6.209039 loss_reg=0.075466
2026-01-29 17:15:57,298 | INFO | epoch=494 loss_total=6.278979 loss_w2=6.203424 loss_reg=0.075556
2026-01-29 17:16:01,324 | INFO | epoch=495 loss_total=6.273482 loss_w2=6.197836 loss_reg=0.075646
2026-01-29 17:16:05,531 | INFO | epoch=496 loss_total=6.268011 loss_w2=6.192275 loss_reg=0.075736
2026-01-29 17:16:09,813 | INFO | epoch=497 loss_total=6.262569 loss_w2=6.186743 loss_reg=0.075826
2026-01-29 17:16:13,087 | INFO | epoch=498 loss_total=6.257147 loss_w2=6.181231 loss_reg=0.075916
2026-01-29 17:16:16,525 | INFO | epoch=499 loss_total=6.251754 loss_w2=6.175748 loss_reg=0.076006
2026-01-29 17:16:19,867 | INFO | epoch=500 loss_total=6.246392 loss_w2=6.170297 loss_reg=0.076095
2026-01-29 17:16:26,800 | INFO | epoch=501 loss_total=6.241049 loss_w2=6.164865 loss_reg=0.076184
2026-01-29 17:16:29,919 | INFO | epoch=502 loss_total=6.235733 loss_w2=6.159459 loss_reg=0.076273
2026-01-29 17:16:33,200 | INFO | epoch=503 loss_total=6.230439 loss_w2=6.154077 loss_reg=0.076362
2026-01-29 17:16:37,683 | INFO | epoch=504 loss_total=6.225171 loss_w2=6.148720 loss_reg=0.076451
2026-01-29 17:16:41,107 | INFO | epoch=505 loss_total=6.219928 loss_w2=6.143388 loss_reg=0.076540
2026-01-29 17:16:44,826 | INFO | epoch=506 loss_total=6.214705 loss_w2=6.138077 loss_reg=0.076629
2026-01-29 17:16:49,248 | INFO | epoch=507 loss_total=6.209504 loss_w2=6.132787 loss_reg=0.076717
2026-01-29 17:16:55,263 | INFO | epoch=508 loss_total=6.204329 loss_w2=6.127524 loss_reg=0.076805
2026-01-29 17:17:00,271 | INFO | epoch=509 loss_total=6.199178 loss_w2=6.122284 loss_reg=0.076893
2026-01-29 17:17:03,732 | INFO | epoch=510 loss_total=6.194045 loss_w2=6.117064 loss_reg=0.076981
2026-01-29 17:17:06,993 | INFO | epoch=511 loss_total=6.188940 loss_w2=6.111871 loss_reg=0.077069
2026-01-29 17:17:11,067 | INFO | epoch=512 loss_total=6.183856 loss_w2=6.106699 loss_reg=0.077157
2026-01-29 17:17:15,144 | INFO | epoch=513 loss_total=6.178792 loss_w2=6.101548 loss_reg=0.077244
2026-01-29 17:17:19,978 | INFO | epoch=514 loss_total=6.173753 loss_w2=6.096421 loss_reg=0.077332
2026-01-29 17:17:24,173 | INFO | epoch=515 loss_total=6.168736 loss_w2=6.091318 loss_reg=0.077419
2026-01-29 17:17:27,889 | INFO | epoch=516 loss_total=6.163740 loss_w2=6.086234 loss_reg=0.077506
2026-01-29 17:17:31,517 | INFO | epoch=517 loss_total=6.158772 loss_w2=6.081179 loss_reg=0.077593
2026-01-29 17:17:34,674 | INFO | epoch=518 loss_total=6.153822 loss_w2=6.076143 loss_reg=0.077680
2026-01-29 17:17:38,519 | INFO | epoch=519 loss_total=6.148903 loss_w2=6.071137 loss_reg=0.077766
2026-01-29 17:17:41,868 | INFO | epoch=520 loss_total=6.144004 loss_w2=6.066152 loss_reg=0.077853
2026-01-29 17:17:45,492 | INFO | epoch=521 loss_total=6.139126 loss_w2=6.061187 loss_reg=0.077939
2026-01-29 17:17:48,690 | INFO | epoch=522 loss_total=6.134275 loss_w2=6.056250 loss_reg=0.078025
2026-01-29 17:17:51,934 | INFO | epoch=523 loss_total=6.129446 loss_w2=6.051334 loss_reg=0.078111
2026-01-29 17:17:55,359 | INFO | epoch=524 loss_total=6.124640 loss_w2=6.046443 loss_reg=0.078197
2026-01-29 17:17:58,489 | INFO | epoch=525 loss_total=6.119855 loss_w2=6.041572 loss_reg=0.078283
2026-01-29 17:18:02,002 | INFO | epoch=526 loss_total=6.115092 loss_w2=6.036723 loss_reg=0.078369
2026-01-29 17:18:06,338 | INFO | epoch=527 loss_total=6.110350 loss_w2=6.031896 loss_reg=0.078454
2026-01-29 17:18:10,460 | INFO | epoch=528 loss_total=6.105632 loss_w2=6.027093 loss_reg=0.078539
2026-01-29 17:18:14,863 | INFO | epoch=529 loss_total=6.100935 loss_w2=6.022311 loss_reg=0.078624
2026-01-29 17:18:18,865 | INFO | epoch=530 loss_total=6.096259 loss_w2=6.017550 loss_reg=0.078710
2026-01-29 17:18:22,553 | INFO | epoch=531 loss_total=6.091602 loss_w2=6.012807 loss_reg=0.078795
2026-01-29 17:18:26,210 | INFO | epoch=532 loss_total=6.086965 loss_w2=6.008086 loss_reg=0.078879
2026-01-29 17:18:29,424 | INFO | epoch=533 loss_total=6.082347 loss_w2=6.003384 loss_reg=0.078964
2026-01-29 17:18:33,389 | INFO | epoch=534 loss_total=6.077751 loss_w2=5.998703 loss_reg=0.079048
2026-01-29 17:18:36,690 | INFO | epoch=535 loss_total=6.073174 loss_w2=5.994041 loss_reg=0.079133
2026-01-29 17:18:39,951 | INFO | epoch=536 loss_total=6.068611 loss_w2=5.989394 loss_reg=0.079217
2026-01-29 17:18:43,907 | INFO | epoch=537 loss_total=6.064068 loss_w2=5.984767 loss_reg=0.079301
2026-01-29 17:18:47,196 | INFO | epoch=538 loss_total=6.059543 loss_w2=5.980158 loss_reg=0.079385
2026-01-29 17:18:52,482 | INFO | epoch=539 loss_total=6.055044 loss_w2=5.975575 loss_reg=0.079469
2026-01-29 17:18:57,244 | INFO | epoch=540 loss_total=6.050559 loss_w2=5.971006 loss_reg=0.079553
2026-01-29 17:19:01,401 | INFO | epoch=541 loss_total=6.046094 loss_w2=5.966458 loss_reg=0.079636
2026-01-29 17:19:05,190 | INFO | epoch=542 loss_total=6.041650 loss_w2=5.961930 loss_reg=0.079719
2026-01-29 17:19:09,155 | INFO | epoch=543 loss_total=6.037225 loss_w2=5.957422 loss_reg=0.079803
2026-01-29 17:19:12,948 | INFO | epoch=544 loss_total=6.032817 loss_w2=5.952931 loss_reg=0.079886
2026-01-29 17:19:16,202 | INFO | epoch=545 loss_total=6.028428 loss_w2=5.948459 loss_reg=0.079969
2026-01-29 17:19:19,595 | INFO | epoch=546 loss_total=6.024060 loss_w2=5.944008 loss_reg=0.080052
2026-01-29 17:19:22,838 | INFO | epoch=547 loss_total=6.019710 loss_w2=5.939575 loss_reg=0.080134
2026-01-29 17:19:26,257 | INFO | epoch=548 loss_total=6.015372 loss_w2=5.935155 loss_reg=0.080217
2026-01-29 17:19:29,742 | INFO | epoch=549 loss_total=6.011061 loss_w2=5.930761 loss_reg=0.080300
2026-01-29 17:19:33,466 | INFO | epoch=550 loss_total=6.006760 loss_w2=5.926378 loss_reg=0.080382
2026-01-29 17:19:40,402 | INFO | epoch=551 loss_total=6.002478 loss_w2=5.922014 loss_reg=0.080464
2026-01-29 17:19:44,201 | INFO | epoch=552 loss_total=5.998214 loss_w2=5.917668 loss_reg=0.080546
2026-01-29 17:19:48,416 | INFO | epoch=553 loss_total=5.993967 loss_w2=5.913339 loss_reg=0.080628
2026-01-29 17:19:51,754 | INFO | epoch=554 loss_total=5.989737 loss_w2=5.909027 loss_reg=0.080710
2026-01-29 17:19:56,129 | INFO | epoch=555 loss_total=5.985520 loss_w2=5.904729 loss_reg=0.080791
2026-01-29 17:19:59,548 | INFO | epoch=556 loss_total=5.981317 loss_w2=5.900444 loss_reg=0.080873
2026-01-29 17:20:03,029 | INFO | epoch=557 loss_total=5.977130 loss_w2=5.896176 loss_reg=0.080954
2026-01-29 17:20:06,396 | INFO | epoch=558 loss_total=5.972954 loss_w2=5.891919 loss_reg=0.081036
2026-01-29 17:20:09,893 | INFO | epoch=559 loss_total=5.968798 loss_w2=5.887681 loss_reg=0.081117
2026-01-29 17:20:14,758 | INFO | epoch=560 loss_total=5.964652 loss_w2=5.883454 loss_reg=0.081198
2026-01-29 17:20:19,156 | INFO | epoch=561 loss_total=5.960524 loss_w2=5.879245 loss_reg=0.081279
2026-01-29 17:20:22,485 | INFO | epoch=562 loss_total=5.956408 loss_w2=5.875049 loss_reg=0.081359
2026-01-29 17:20:25,802 | INFO | epoch=563 loss_total=5.952313 loss_w2=5.870873 loss_reg=0.081440
2026-01-29 17:20:29,445 | INFO | epoch=564 loss_total=5.948232 loss_w2=5.866712 loss_reg=0.081520
2026-01-29 17:20:33,102 | INFO | epoch=565 loss_total=5.944165 loss_w2=5.862565 loss_reg=0.081601
2026-01-29 17:20:36,938 | INFO | epoch=566 loss_total=5.940115 loss_w2=5.858434 loss_reg=0.081681
2026-01-29 17:20:40,192 | INFO | epoch=567 loss_total=5.936082 loss_w2=5.854321 loss_reg=0.081761
2026-01-29 17:20:44,647 | INFO | epoch=568 loss_total=5.932065 loss_w2=5.850224 loss_reg=0.081841
2026-01-29 17:20:49,552 | INFO | epoch=569 loss_total=5.928066 loss_w2=5.846145 loss_reg=0.081921
2026-01-29 17:20:53,293 | INFO | epoch=570 loss_total=5.924090 loss_w2=5.842089 loss_reg=0.082001
2026-01-29 17:20:56,816 | INFO | epoch=571 loss_total=5.920134 loss_w2=5.838053 loss_reg=0.082080
2026-01-29 17:21:00,454 | INFO | epoch=572 loss_total=5.916193 loss_w2=5.834033 loss_reg=0.082160
2026-01-29 17:21:03,805 | INFO | epoch=573 loss_total=5.912271 loss_w2=5.830032 loss_reg=0.082239
2026-01-29 17:21:07,167 | INFO | epoch=574 loss_total=5.908371 loss_w2=5.826053 loss_reg=0.082318
2026-01-29 17:21:10,357 | INFO | epoch=575 loss_total=5.904490 loss_w2=5.822093 loss_reg=0.082398
2026-01-29 17:21:13,896 | INFO | epoch=576 loss_total=5.900626 loss_w2=5.818150 loss_reg=0.082477
2026-01-29 17:21:17,043 | INFO | epoch=577 loss_total=5.896780 loss_w2=5.814225 loss_reg=0.082555
2026-01-29 17:21:20,503 | INFO | epoch=578 loss_total=5.892948 loss_w2=5.810314 loss_reg=0.082634
2026-01-29 17:21:23,715 | INFO | epoch=579 loss_total=5.889134 loss_w2=5.806421 loss_reg=0.082713
2026-01-29 17:21:27,530 | INFO | epoch=580 loss_total=5.885336 loss_w2=5.802545 loss_reg=0.082791
2026-01-29 17:21:32,103 | INFO | epoch=581 loss_total=5.881555 loss_w2=5.798685 loss_reg=0.082870
2026-01-29 17:21:36,355 | INFO | epoch=582 loss_total=5.877789 loss_w2=5.794841 loss_reg=0.082948
2026-01-29 17:21:40,139 | INFO | epoch=583 loss_total=5.874037 loss_w2=5.791011 loss_reg=0.083026
2026-01-29 17:21:43,640 | INFO | epoch=584 loss_total=5.870308 loss_w2=5.787204 loss_reg=0.083104
2026-01-29 17:21:48,064 | INFO | epoch=585 loss_total=5.866589 loss_w2=5.783407 loss_reg=0.083182
2026-01-29 17:21:51,938 | INFO | epoch=586 loss_total=5.862888 loss_w2=5.779629 loss_reg=0.083260
2026-01-29 17:21:56,294 | INFO | epoch=587 loss_total=5.859208 loss_w2=5.775871 loss_reg=0.083337
2026-01-29 17:21:59,835 | INFO | epoch=588 loss_total=5.855539 loss_w2=5.772124 loss_reg=0.083415
2026-01-29 17:22:03,026 | INFO | epoch=589 loss_total=5.851890 loss_w2=5.768397 loss_reg=0.083492
2026-01-29 17:22:06,643 | INFO | epoch=590 loss_total=5.848255 loss_w2=5.764686 loss_reg=0.083570
2026-01-29 17:22:09,884 | INFO | epoch=591 loss_total=5.844635 loss_w2=5.760988 loss_reg=0.083647
2026-01-29 17:22:13,915 | INFO | epoch=592 loss_total=5.841029 loss_w2=5.757305 loss_reg=0.083724
2026-01-29 17:22:17,078 | INFO | epoch=593 loss_total=5.837438 loss_w2=5.753637 loss_reg=0.083801
2026-01-29 17:22:20,616 | INFO | epoch=594 loss_total=5.833861 loss_w2=5.749984 loss_reg=0.083878
2026-01-29 17:22:23,975 | INFO | epoch=595 loss_total=5.830302 loss_w2=5.746348 loss_reg=0.083955
2026-01-29 17:22:27,920 | INFO | epoch=596 loss_total=5.826755 loss_w2=5.742723 loss_reg=0.084031
2026-01-29 17:22:31,243 | INFO | epoch=597 loss_total=5.823217 loss_w2=5.739110 loss_reg=0.084108
2026-01-29 17:22:37,371 | INFO | epoch=598 loss_total=5.819698 loss_w2=5.735515 loss_reg=0.084184
2026-01-29 17:22:41,091 | INFO | epoch=599 loss_total=5.816189 loss_w2=5.731929 loss_reg=0.084260
2026-01-29 17:22:44,652 | INFO | epoch=600 loss_total=5.812693 loss_w2=5.728357 loss_reg=0.084336
2026-01-29 17:22:51,143 | INFO | epoch=601 loss_total=5.809210 loss_w2=5.724798 loss_reg=0.084412
2026-01-29 17:22:55,674 | INFO | epoch=602 loss_total=5.805740 loss_w2=5.721252 loss_reg=0.084488
2026-01-29 17:22:58,992 | INFO | epoch=603 loss_total=5.802283 loss_w2=5.717720 loss_reg=0.084564
2026-01-29 17:23:05,058 | INFO | epoch=604 loss_total=5.798838 loss_w2=5.714198 loss_reg=0.084640
2026-01-29 17:23:09,037 | INFO | epoch=605 loss_total=5.795408 loss_w2=5.710693 loss_reg=0.084715
2026-01-29 17:23:12,535 | INFO | epoch=606 loss_total=5.791990 loss_w2=5.707200 loss_reg=0.084791
2026-01-29 17:23:16,440 | INFO | epoch=607 loss_total=5.788587 loss_w2=5.703721 loss_reg=0.084866
2026-01-29 17:23:20,777 | INFO | epoch=608 loss_total=5.785191 loss_w2=5.700250 loss_reg=0.084941
2026-01-29 17:23:30,183 | INFO | epoch=609 loss_total=5.781816 loss_w2=5.696800 loss_reg=0.085016
2026-01-29 17:23:33,991 | INFO | epoch=610 loss_total=5.778452 loss_w2=5.693361 loss_reg=0.085091
2026-01-29 17:23:37,692 | INFO | epoch=611 loss_total=5.775098 loss_w2=5.689932 loss_reg=0.085166
2026-01-29 17:23:41,365 | INFO | epoch=612 loss_total=5.771759 loss_w2=5.686518 loss_reg=0.085241
2026-01-29 17:23:45,485 | INFO | epoch=613 loss_total=5.768432 loss_w2=5.683116 loss_reg=0.085315
2026-01-29 17:23:49,795 | INFO | epoch=614 loss_total=5.765121 loss_w2=5.679731 loss_reg=0.085390
2026-01-29 17:23:55,759 | INFO | epoch=615 loss_total=5.761819 loss_w2=5.676355 loss_reg=0.085464
2026-01-29 17:23:59,146 | INFO | epoch=616 loss_total=5.758533 loss_w2=5.672995 loss_reg=0.085539
2026-01-29 17:24:02,715 | INFO | epoch=617 loss_total=5.755260 loss_w2=5.669647 loss_reg=0.085613
2026-01-29 17:24:05,790 | INFO | epoch=618 loss_total=5.751996 loss_w2=5.666308 loss_reg=0.085687
2026-01-29 17:24:09,652 | INFO | epoch=619 loss_total=5.748748 loss_w2=5.662987 loss_reg=0.085761
2026-01-29 17:24:13,865 | INFO | epoch=620 loss_total=5.745509 loss_w2=5.659674 loss_reg=0.085835
2026-01-29 17:24:17,788 | INFO | epoch=621 loss_total=5.742286 loss_w2=5.656377 loss_reg=0.085909
2026-01-29 17:24:21,066 | INFO | epoch=622 loss_total=5.739071 loss_w2=5.653089 loss_reg=0.085982
2026-01-29 17:24:24,494 | INFO | epoch=623 loss_total=5.735871 loss_w2=5.649816 loss_reg=0.086056
2026-01-29 17:24:28,285 | INFO | epoch=624 loss_total=5.732680 loss_w2=5.646551 loss_reg=0.086129
2026-01-29 17:24:31,689 | INFO | epoch=625 loss_total=5.729502 loss_w2=5.643300 loss_reg=0.086203
2026-01-29 17:24:35,077 | INFO | epoch=626 loss_total=5.726335 loss_w2=5.640059 loss_reg=0.086276
2026-01-29 17:24:38,503 | INFO | epoch=627 loss_total=5.723178 loss_w2=5.636829 loss_reg=0.086349
2026-01-29 17:24:42,854 | INFO | epoch=628 loss_total=5.720028 loss_w2=5.633606 loss_reg=0.086422
2026-01-29 17:24:46,312 | INFO | epoch=629 loss_total=5.716894 loss_w2=5.630399 loss_reg=0.086495
2026-01-29 17:24:49,928 | INFO | epoch=630 loss_total=5.713764 loss_w2=5.627196 loss_reg=0.086568
2026-01-29 17:24:54,589 | INFO | epoch=631 loss_total=5.710655 loss_w2=5.624015 loss_reg=0.086640
2026-01-29 17:24:58,239 | INFO | epoch=632 loss_total=5.707552 loss_w2=5.620839 loss_reg=0.086713
2026-01-29 17:25:02,851 | INFO | epoch=633 loss_total=5.704464 loss_w2=5.617679 loss_reg=0.086785
2026-01-29 17:25:06,610 | INFO | epoch=634 loss_total=5.701387 loss_w2=5.614530 loss_reg=0.086858
2026-01-29 17:25:10,196 | INFO | epoch=635 loss_total=5.698326 loss_w2=5.611396 loss_reg=0.086930
2026-01-29 17:25:13,965 | INFO | epoch=636 loss_total=5.695276 loss_w2=5.608274 loss_reg=0.087002
2026-01-29 17:25:17,801 | INFO | epoch=637 loss_total=5.692239 loss_w2=5.605165 loss_reg=0.087074
2026-01-29 17:25:21,371 | INFO | epoch=638 loss_total=5.689211 loss_w2=5.602066 loss_reg=0.087146
2026-01-29 17:25:25,156 | INFO | epoch=639 loss_total=5.686194 loss_w2=5.598976 loss_reg=0.087218
2026-01-29 17:25:29,172 | INFO | epoch=640 loss_total=5.683188 loss_w2=5.595899 loss_reg=0.087290
2026-01-29 17:25:33,055 | INFO | epoch=641 loss_total=5.680195 loss_w2=5.592834 loss_reg=0.087361
2026-01-29 17:25:37,406 | INFO | epoch=642 loss_total=5.677216 loss_w2=5.589783 loss_reg=0.087433
2026-01-29 17:25:43,056 | INFO | epoch=643 loss_total=5.674245 loss_w2=5.586741 loss_reg=0.087504
2026-01-29 17:25:47,797 | INFO | epoch=644 loss_total=5.671286 loss_w2=5.583710 loss_reg=0.087575
2026-01-29 17:25:53,192 | INFO | epoch=645 loss_total=5.668343 loss_w2=5.580696 loss_reg=0.087647
2026-01-29 17:25:56,569 | INFO | epoch=646 loss_total=5.665409 loss_w2=5.577692 loss_reg=0.087718
2026-01-29 17:26:00,929 | INFO | epoch=647 loss_total=5.662489 loss_w2=5.574700 loss_reg=0.087789
2026-01-29 17:26:05,396 | INFO | epoch=648 loss_total=5.659582 loss_w2=5.571722 loss_reg=0.087860
2026-01-29 17:26:10,356 | INFO | epoch=649 loss_total=5.656686 loss_w2=5.568756 loss_reg=0.087930
2026-01-29 17:26:14,445 | INFO | epoch=650 loss_total=5.653801 loss_w2=5.565800 loss_reg=0.088001
2026-01-29 17:26:22,515 | INFO | epoch=651 loss_total=5.650926 loss_w2=5.562855 loss_reg=0.088072
2026-01-29 17:26:26,434 | INFO | epoch=652 loss_total=5.648063 loss_w2=5.559921 loss_reg=0.088142
2026-01-29 17:26:31,461 | INFO | epoch=653 loss_total=5.645210 loss_w2=5.556997 loss_reg=0.088212
2026-01-29 17:26:35,126 | INFO | epoch=654 loss_total=5.642370 loss_w2=5.554087 loss_reg=0.088283
2026-01-29 17:26:38,859 | INFO | epoch=655 loss_total=5.639537 loss_w2=5.551184 loss_reg=0.088353
2026-01-29 17:26:42,001 | INFO | epoch=656 loss_total=5.636714 loss_w2=5.548291 loss_reg=0.088423
2026-01-29 17:26:45,161 | INFO | epoch=657 loss_total=5.633903 loss_w2=5.545410 loss_reg=0.088493
2026-01-29 17:26:48,497 | INFO | epoch=658 loss_total=5.631101 loss_w2=5.542538 loss_reg=0.088563
2026-01-29 17:26:52,419 | INFO | epoch=659 loss_total=5.628312 loss_w2=5.539680 loss_reg=0.088633
2026-01-29 17:26:57,627 | INFO | epoch=660 loss_total=5.625533 loss_w2=5.536830 loss_reg=0.088702
2026-01-29 17:27:01,128 | INFO | epoch=661 loss_total=5.622759 loss_w2=5.533988 loss_reg=0.088772
2026-01-29 17:27:04,467 | INFO | epoch=662 loss_total=5.619998 loss_w2=5.531157 loss_reg=0.088841
2026-01-29 17:27:07,744 | INFO | epoch=663 loss_total=5.617247 loss_w2=5.528336 loss_reg=0.088911
2026-01-29 17:27:10,870 | INFO | epoch=664 loss_total=5.614507 loss_w2=5.525527 loss_reg=0.088980
2026-01-29 17:27:14,509 | INFO | epoch=665 loss_total=5.611769 loss_w2=5.522720 loss_reg=0.089049
2026-01-29 17:27:18,323 | INFO | epoch=666 loss_total=5.609046 loss_w2=5.519928 loss_reg=0.089118
2026-01-29 17:27:22,202 | INFO | epoch=667 loss_total=5.606328 loss_w2=5.517141 loss_reg=0.089187
2026-01-29 17:27:25,549 | INFO | epoch=668 loss_total=5.603617 loss_w2=5.514361 loss_reg=0.089256
2026-01-29 17:27:29,105 | INFO | epoch=669 loss_total=5.600914 loss_w2=5.511589 loss_reg=0.089325
2026-01-29 17:27:32,867 | INFO | epoch=670 loss_total=5.598222 loss_w2=5.508829 loss_reg=0.089394
2026-01-29 17:27:36,409 | INFO | epoch=671 loss_total=5.595534 loss_w2=5.506072 loss_reg=0.089462
2026-01-29 17:27:40,182 | INFO | epoch=672 loss_total=5.592857 loss_w2=5.503327 loss_reg=0.089531
2026-01-29 17:27:43,803 | INFO | epoch=673 loss_total=5.590187 loss_w2=5.500588 loss_reg=0.089599
2026-01-29 17:27:47,909 | INFO | epoch=674 loss_total=5.587529 loss_w2=5.497862 loss_reg=0.089667
2026-01-29 17:27:51,609 | INFO | epoch=675 loss_total=5.584881 loss_w2=5.495146 loss_reg=0.089735
2026-01-29 17:27:55,324 | INFO | epoch=676 loss_total=5.582244 loss_w2=5.492440 loss_reg=0.089804
2026-01-29 17:27:59,847 | INFO | epoch=677 loss_total=5.579609 loss_w2=5.489738 loss_reg=0.089872
2026-01-29 17:28:03,973 | INFO | epoch=678 loss_total=5.576983 loss_w2=5.487043 loss_reg=0.089939
2026-01-29 17:28:07,271 | INFO | epoch=679 loss_total=5.574363 loss_w2=5.484356 loss_reg=0.090007
2026-01-29 17:28:15,457 | INFO | epoch=680 loss_total=5.571748 loss_w2=5.481673 loss_reg=0.090075
2026-01-29 17:28:19,236 | INFO | epoch=681 loss_total=5.569142 loss_w2=5.478999 loss_reg=0.090143
2026-01-29 17:28:22,800 | INFO | epoch=682 loss_total=5.566543 loss_w2=5.476333 loss_reg=0.090210
2026-01-29 17:28:26,596 | INFO | epoch=683 loss_total=5.563952 loss_w2=5.473675 loss_reg=0.090278
2026-01-29 17:28:30,426 | INFO | epoch=684 loss_total=5.561371 loss_w2=5.471026 loss_reg=0.090345
2026-01-29 17:28:34,259 | INFO | epoch=685 loss_total=5.558803 loss_w2=5.468390 loss_reg=0.090412
2026-01-29 17:28:39,472 | INFO | epoch=686 loss_total=5.556245 loss_w2=5.465765 loss_reg=0.090479
2026-01-29 17:28:43,291 | INFO | epoch=687 loss_total=5.553698 loss_w2=5.463151 loss_reg=0.090546
2026-01-29 17:28:47,438 | INFO | epoch=688 loss_total=5.551159 loss_w2=5.460546 loss_reg=0.090613
2026-01-29 17:28:51,536 | INFO | epoch=689 loss_total=5.548631 loss_w2=5.457951 loss_reg=0.090680
2026-01-29 17:28:56,015 | INFO | epoch=690 loss_total=5.546114 loss_w2=5.455368 loss_reg=0.090747
2026-01-29 17:28:59,936 | INFO | epoch=691 loss_total=5.543608 loss_w2=5.452794 loss_reg=0.090814
2026-01-29 17:29:05,580 | INFO | epoch=692 loss_total=5.541112 loss_w2=5.450232 loss_reg=0.090880
2026-01-29 17:29:09,514 | INFO | epoch=693 loss_total=5.538621 loss_w2=5.447674 loss_reg=0.090947
2026-01-29 17:29:13,611 | INFO | epoch=694 loss_total=5.536138 loss_w2=5.445125 loss_reg=0.091013
2026-01-29 17:29:17,284 | INFO | epoch=695 loss_total=5.533669 loss_w2=5.442590 loss_reg=0.091079
2026-01-29 17:29:21,942 | INFO | epoch=696 loss_total=5.531202 loss_w2=5.440057 loss_reg=0.091146
2026-01-29 17:29:26,320 | INFO | epoch=697 loss_total=5.528743 loss_w2=5.437531 loss_reg=0.091212
2026-01-29 17:29:29,857 | INFO | epoch=698 loss_total=5.526295 loss_w2=5.435017 loss_reg=0.091278
2026-01-29 17:29:33,949 | INFO | epoch=699 loss_total=5.523853 loss_w2=5.432509 loss_reg=0.091344
2026-01-29 17:29:37,501 | INFO | epoch=700 loss_total=5.521416 loss_w2=5.430006 loss_reg=0.091410
2026-01-29 17:29:46,578 | INFO | epoch=701 loss_total=5.518983 loss_w2=5.427507 loss_reg=0.091475
2026-01-29 17:29:50,158 | INFO | epoch=702 loss_total=5.516557 loss_w2=5.425016 loss_reg=0.091541
2026-01-29 17:29:53,527 | INFO | epoch=703 loss_total=5.514139 loss_w2=5.422533 loss_reg=0.091607
2026-01-29 17:29:57,003 | INFO | epoch=704 loss_total=5.511729 loss_w2=5.420057 loss_reg=0.091672
2026-01-29 17:30:00,567 | INFO | epoch=705 loss_total=5.509327 loss_w2=5.417590 loss_reg=0.091738
2026-01-29 17:30:04,708 | INFO | epoch=706 loss_total=5.506935 loss_w2=5.415132 loss_reg=0.091803
2026-01-29 17:30:08,315 | INFO | epoch=707 loss_total=5.504549 loss_w2=5.412681 loss_reg=0.091868
2026-01-29 17:30:12,161 | INFO | epoch=708 loss_total=5.502172 loss_w2=5.410239 loss_reg=0.091933
2026-01-29 17:30:16,317 | INFO | epoch=709 loss_total=5.499804 loss_w2=5.407805 loss_reg=0.091998
2026-01-29 17:30:22,995 | INFO | epoch=710 loss_total=5.497446 loss_w2=5.405383 loss_reg=0.092063
2026-01-29 17:30:26,949 | INFO | epoch=711 loss_total=5.495096 loss_w2=5.402967 loss_reg=0.092128
2026-01-29 17:30:31,008 | INFO | epoch=712 loss_total=5.492751 loss_w2=5.400558 loss_reg=0.092193
2026-01-29 17:30:34,326 | INFO | epoch=713 loss_total=5.490415 loss_w2=5.398157 loss_reg=0.092258
2026-01-29 17:30:38,908 | INFO | epoch=714 loss_total=5.488091 loss_w2=5.395768 loss_reg=0.092322
2026-01-29 17:30:43,122 | INFO | epoch=715 loss_total=5.485771 loss_w2=5.393384 loss_reg=0.092387
2026-01-29 17:30:46,576 | INFO | epoch=716 loss_total=5.483459 loss_w2=5.391008 loss_reg=0.092451
2026-01-29 17:30:51,657 | INFO | epoch=717 loss_total=5.481160 loss_w2=5.388644 loss_reg=0.092515
2026-01-29 17:30:56,259 | INFO | epoch=718 loss_total=5.478864 loss_w2=5.386284 loss_reg=0.092580
2026-01-29 17:31:00,983 | INFO | epoch=719 loss_total=5.476581 loss_w2=5.383937 loss_reg=0.092644
2026-01-29 17:31:05,032 | INFO | epoch=720 loss_total=5.474299 loss_w2=5.381591 loss_reg=0.092708
2026-01-29 17:31:08,846 | INFO | epoch=721 loss_total=5.472023 loss_w2=5.379251 loss_reg=0.092772
2026-01-29 17:31:13,204 | INFO | epoch=722 loss_total=5.469757 loss_w2=5.376921 loss_reg=0.092836
2026-01-29 17:31:18,017 | INFO | epoch=723 loss_total=5.467494 loss_w2=5.374594 loss_reg=0.092900
2026-01-29 17:31:23,187 | INFO | epoch=724 loss_total=5.465241 loss_w2=5.372278 loss_reg=0.092963
2026-01-29 17:31:26,662 | INFO | epoch=725 loss_total=5.462999 loss_w2=5.369972 loss_reg=0.093027
2026-01-29 17:31:30,733 | INFO | epoch=726 loss_total=5.460763 loss_w2=5.367672 loss_reg=0.093091
2026-01-29 17:31:34,158 | INFO | epoch=727 loss_total=5.458542 loss_w2=5.365388 loss_reg=0.093154
2026-01-29 17:31:38,260 | INFO | epoch=728 loss_total=5.456324 loss_w2=5.363107 loss_reg=0.093218
2026-01-29 17:31:41,840 | INFO | epoch=729 loss_total=5.454121 loss_w2=5.360840 loss_reg=0.093281
2026-01-29 17:31:45,732 | INFO | epoch=730 loss_total=5.451925 loss_w2=5.358581 loss_reg=0.093344
2026-01-29 17:31:49,301 | INFO | epoch=731 loss_total=5.449737 loss_w2=5.356330 loss_reg=0.093407
2026-01-29 17:31:53,127 | INFO | epoch=732 loss_total=5.447560 loss_w2=5.354090 loss_reg=0.093470
2026-01-29 17:31:57,609 | INFO | epoch=733 loss_total=5.445388 loss_w2=5.351855 loss_reg=0.093533
2026-01-29 17:32:01,369 | INFO | epoch=734 loss_total=5.443222 loss_w2=5.349626 loss_reg=0.093596
2026-01-29 17:32:04,777 | INFO | epoch=735 loss_total=5.441064 loss_w2=5.347405 loss_reg=0.093659
2026-01-29 17:32:10,660 | INFO | epoch=736 loss_total=5.438910 loss_w2=5.345189 loss_reg=0.093722
2026-01-29 17:32:14,070 | INFO | epoch=737 loss_total=5.436767 loss_w2=5.342983 loss_reg=0.093784
2026-01-29 17:32:18,169 | INFO | epoch=738 loss_total=5.434630 loss_w2=5.340784 loss_reg=0.093847
2026-01-29 17:32:22,962 | INFO | epoch=739 loss_total=5.432497 loss_w2=5.338587 loss_reg=0.093909
2026-01-29 17:32:26,773 | INFO | epoch=740 loss_total=5.430375 loss_w2=5.336403 loss_reg=0.093972
2026-01-29 17:32:30,041 | INFO | epoch=741 loss_total=5.428257 loss_w2=5.334223 loss_reg=0.094034
2026-01-29 17:32:36,051 | INFO | epoch=742 loss_total=5.426147 loss_w2=5.332050 loss_reg=0.094096
2026-01-29 17:32:40,251 | INFO | epoch=743 loss_total=5.424040 loss_w2=5.329882 loss_reg=0.094158
2026-01-29 17:32:44,658 | INFO | epoch=744 loss_total=5.421942 loss_w2=5.327722 loss_reg=0.094220
2026-01-29 17:32:48,934 | INFO | epoch=745 loss_total=5.419848 loss_w2=5.325566 loss_reg=0.094282
2026-01-29 17:32:53,313 | INFO | epoch=746 loss_total=5.417763 loss_w2=5.323419 loss_reg=0.094344
2026-01-29 17:32:58,745 | INFO | epoch=747 loss_total=5.415680 loss_w2=5.321274 loss_reg=0.094406
2026-01-29 17:33:02,310 | INFO | epoch=748 loss_total=5.413603 loss_w2=5.319136 loss_reg=0.094468
2026-01-29 17:33:05,630 | INFO | epoch=749 loss_total=5.411529 loss_w2=5.316999 loss_reg=0.094529
2026-01-29 17:33:10,307 | INFO | epoch=750 loss_total=5.409460 loss_w2=5.314869 loss_reg=0.094591
2026-01-29 17:33:18,269 | INFO | epoch=751 loss_total=5.407402 loss_w2=5.312750 loss_reg=0.094652
2026-01-29 17:33:23,773 | INFO | epoch=752 loss_total=5.405349 loss_w2=5.310636 loss_reg=0.094714
2026-01-29 17:33:28,602 | INFO | epoch=753 loss_total=5.403306 loss_w2=5.308532 loss_reg=0.094775
2026-01-29 17:33:32,446 | INFO | epoch=754 loss_total=5.401270 loss_w2=5.306434 loss_reg=0.094836
2026-01-29 17:33:36,737 | INFO | epoch=755 loss_total=5.399242 loss_w2=5.304345 loss_reg=0.094897
2026-01-29 17:33:40,839 | INFO | epoch=756 loss_total=5.397223 loss_w2=5.302264 loss_reg=0.094958
2026-01-29 17:33:44,827 | INFO | epoch=757 loss_total=5.395207 loss_w2=5.300188 loss_reg=0.095019
2026-01-29 17:33:48,271 | INFO | epoch=758 loss_total=5.393199 loss_w2=5.298119 loss_reg=0.095080
2026-01-29 17:33:56,181 | INFO | epoch=759 loss_total=5.391197 loss_w2=5.296056 loss_reg=0.095141
2026-01-29 17:34:00,210 | INFO | epoch=760 loss_total=5.389202 loss_w2=5.294000 loss_reg=0.095202
2026-01-29 17:34:03,613 | INFO | epoch=761 loss_total=5.387209 loss_w2=5.291946 loss_reg=0.095262
2026-01-29 17:34:07,628 | INFO | epoch=762 loss_total=5.385225 loss_w2=5.289902 loss_reg=0.095323
2026-01-29 17:34:10,891 | INFO | epoch=763 loss_total=5.383248 loss_w2=5.287865 loss_reg=0.095383
2026-01-29 17:34:15,715 | INFO | epoch=764 loss_total=5.381275 loss_w2=5.285831 loss_reg=0.095444
2026-01-29 17:34:19,708 | INFO | epoch=765 loss_total=5.379310 loss_w2=5.283806 loss_reg=0.095504
2026-01-29 17:34:24,169 | INFO | epoch=766 loss_total=5.377352 loss_w2=5.281788 loss_reg=0.095564
2026-01-29 17:34:27,666 | INFO | epoch=767 loss_total=5.375400 loss_w2=5.279775 loss_reg=0.095625
2026-01-29 17:34:31,669 | INFO | epoch=768 loss_total=5.373452 loss_w2=5.277767 loss_reg=0.095685
2026-01-29 17:34:35,274 | INFO | epoch=769 loss_total=5.371513 loss_w2=5.275768 loss_reg=0.095745
2026-01-29 17:34:40,671 | INFO | epoch=770 loss_total=5.369576 loss_w2=5.273771 loss_reg=0.095804
2026-01-29 17:34:44,385 | INFO | epoch=771 loss_total=5.367646 loss_w2=5.271782 loss_reg=0.095864
2026-01-29 17:34:48,017 | INFO | epoch=772 loss_total=5.365722 loss_w2=5.269797 loss_reg=0.095924
2026-01-29 17:34:51,433 | INFO | epoch=773 loss_total=5.363802 loss_w2=5.267818 loss_reg=0.095984
2026-01-29 17:34:55,373 | INFO | epoch=774 loss_total=5.361893 loss_w2=5.265849 loss_reg=0.096043
2026-01-29 17:34:58,860 | INFO | epoch=775 loss_total=5.359983 loss_w2=5.263881 loss_reg=0.096103
2026-01-29 17:35:03,802 | INFO | epoch=776 loss_total=5.358080 loss_w2=5.261918 loss_reg=0.096162
2026-01-29 17:35:07,682 | INFO | epoch=777 loss_total=5.356180 loss_w2=5.259958 loss_reg=0.096222
2026-01-29 17:35:11,520 | INFO | epoch=778 loss_total=5.354286 loss_w2=5.258005 loss_reg=0.096281
2026-01-29 17:35:15,143 | INFO | epoch=779 loss_total=5.352396 loss_w2=5.256056 loss_reg=0.096340
2026-01-29 17:35:18,797 | INFO | epoch=780 loss_total=5.350516 loss_w2=5.254117 loss_reg=0.096399
2026-01-29 17:35:22,888 | INFO | epoch=781 loss_total=5.348640 loss_w2=5.252182 loss_reg=0.096458
2026-01-29 17:35:28,404 | INFO | epoch=782 loss_total=5.346768 loss_w2=5.250251 loss_reg=0.096517
2026-01-29 17:35:31,940 | INFO | epoch=783 loss_total=5.344904 loss_w2=5.248328 loss_reg=0.096576
2026-01-29 17:35:35,677 | INFO | epoch=784 loss_total=5.343045 loss_w2=5.246410 loss_reg=0.096635
2026-01-29 17:35:39,617 | INFO | epoch=785 loss_total=5.341191 loss_w2=5.244497 loss_reg=0.096694
2026-01-29 17:35:44,540 | INFO | epoch=786 loss_total=5.339342 loss_w2=5.242590 loss_reg=0.096752
2026-01-29 17:35:48,110 | INFO | epoch=787 loss_total=5.337498 loss_w2=5.240687 loss_reg=0.096811
2026-01-29 17:35:54,713 | INFO | epoch=788 loss_total=5.335659 loss_w2=5.238789 loss_reg=0.096870
2026-01-29 17:35:58,148 | INFO | epoch=789 loss_total=5.333829 loss_w2=5.236901 loss_reg=0.096928
2026-01-29 17:36:01,967 | INFO | epoch=790 loss_total=5.332005 loss_w2=5.235019 loss_reg=0.096986
2026-01-29 17:36:05,451 | INFO | epoch=791 loss_total=5.330186 loss_w2=5.233142 loss_reg=0.097045
2026-01-29 17:36:10,025 | INFO | epoch=792 loss_total=5.328375 loss_w2=5.231273 loss_reg=0.097103
2026-01-29 17:36:13,515 | INFO | epoch=793 loss_total=5.326570 loss_w2=5.229409 loss_reg=0.097161
2026-01-29 17:36:18,940 | INFO | epoch=794 loss_total=5.324773 loss_w2=5.227554 loss_reg=0.097219
2026-01-29 17:36:24,018 | INFO | epoch=795 loss_total=5.322977 loss_w2=5.225699 loss_reg=0.097277
2026-01-29 17:36:28,150 | INFO | epoch=796 loss_total=5.321187 loss_w2=5.223852 loss_reg=0.097335
2026-01-29 17:36:31,911 | INFO | epoch=797 loss_total=5.319401 loss_w2=5.222009 loss_reg=0.097393
2026-01-29 17:36:36,620 | INFO | epoch=798 loss_total=5.317624 loss_w2=5.220173 loss_reg=0.097450
2026-01-29 17:36:43,102 | INFO | epoch=799 loss_total=5.315850 loss_w2=5.218342 loss_reg=0.097508
2026-01-29 17:36:47,318 | INFO | epoch=800 loss_total=5.314082 loss_w2=5.216516 loss_reg=0.097566
2026-01-29 17:36:55,154 | INFO | epoch=801 loss_total=5.312317 loss_w2=5.214694 loss_reg=0.097623
2026-01-29 17:37:02,016 | INFO | epoch=802 loss_total=5.310561 loss_w2=5.212881 loss_reg=0.097681
2026-01-29 17:37:11,830 | INFO | epoch=803 loss_total=5.308808 loss_w2=5.211070 loss_reg=0.097738
2026-01-29 17:37:15,979 | INFO | epoch=804 loss_total=5.307061 loss_w2=5.209265 loss_reg=0.097795
2026-01-29 17:37:21,092 | INFO | epoch=805 loss_total=5.305321 loss_w2=5.207468 loss_reg=0.097853
2026-01-29 17:37:25,649 | INFO | epoch=806 loss_total=5.303582 loss_w2=5.205672 loss_reg=0.097910
2026-01-29 17:37:30,296 | INFO | epoch=807 loss_total=5.301846 loss_w2=5.203879 loss_reg=0.097967
2026-01-29 17:37:37,068 | INFO | epoch=808 loss_total=5.300117 loss_w2=5.202094 loss_reg=0.098024
2026-01-29 17:37:40,984 | INFO | epoch=809 loss_total=5.298389 loss_w2=5.200309 loss_reg=0.098081
2026-01-29 17:37:44,692 | INFO | epoch=810 loss_total=5.296671 loss_w2=5.198533 loss_reg=0.098138
2026-01-29 17:37:49,083 | INFO | epoch=811 loss_total=5.294955 loss_w2=5.196760 loss_reg=0.098194
2026-01-29 17:37:55,205 | INFO | epoch=812 loss_total=5.293242 loss_w2=5.194990 loss_reg=0.098251
2026-01-29 17:37:59,345 | INFO | epoch=813 loss_total=5.291536 loss_w2=5.193228 loss_reg=0.098308
2026-01-29 17:38:04,060 | INFO | epoch=814 loss_total=5.289835 loss_w2=5.191471 loss_reg=0.098364
2026-01-29 17:38:08,201 | INFO | epoch=815 loss_total=5.288139 loss_w2=5.189718 loss_reg=0.098421
2026-01-29 17:38:13,128 | INFO | epoch=816 loss_total=5.286449 loss_w2=5.187972 loss_reg=0.098477
2026-01-29 17:38:17,595 | INFO | epoch=817 loss_total=5.284763 loss_w2=5.186229 loss_reg=0.098534
2026-01-29 17:38:22,298 | INFO | epoch=818 loss_total=5.283082 loss_w2=5.184492 loss_reg=0.098590
2026-01-29 17:38:26,430 | INFO | epoch=819 loss_total=5.281406 loss_w2=5.182760 loss_reg=0.098646
2026-01-29 17:38:30,162 | INFO | epoch=820 loss_total=5.279730 loss_w2=5.181027 loss_reg=0.098702
2026-01-29 17:38:33,840 | INFO | epoch=821 loss_total=5.278061 loss_w2=5.179303 loss_reg=0.098758
2026-01-29 17:38:37,972 | INFO | epoch=822 loss_total=5.276402 loss_w2=5.177588 loss_reg=0.098814
2026-01-29 17:38:43,050 | INFO | epoch=823 loss_total=5.274746 loss_w2=5.175876 loss_reg=0.098870
2026-01-29 17:38:46,371 | INFO | epoch=824 loss_total=5.273095 loss_w2=5.174169 loss_reg=0.098926
2026-01-29 17:38:50,655 | INFO | epoch=825 loss_total=5.271450 loss_w2=5.172468 loss_reg=0.098982
2026-01-29 17:38:54,242 | INFO | epoch=826 loss_total=5.269814 loss_w2=5.170776 loss_reg=0.099038
2026-01-29 17:38:59,004 | INFO | epoch=827 loss_total=5.268180 loss_w2=5.169086 loss_reg=0.099093
2026-01-29 17:39:02,655 | INFO | epoch=828 loss_total=5.266553 loss_w2=5.167404 loss_reg=0.099149
2026-01-29 17:39:10,583 | INFO | epoch=829 loss_total=5.264930 loss_w2=5.165726 loss_reg=0.099204
2026-01-29 17:39:14,450 | INFO | epoch=830 loss_total=5.263312 loss_w2=5.164052 loss_reg=0.099260
2026-01-29 17:39:17,918 | INFO | epoch=831 loss_total=5.261695 loss_w2=5.162380 loss_reg=0.099315
2026-01-29 17:39:22,054 | INFO | epoch=832 loss_total=5.260087 loss_w2=5.160717 loss_reg=0.099370
2026-01-29 17:39:26,324 | INFO | epoch=833 loss_total=5.258480 loss_w2=5.159055 loss_reg=0.099426
2026-01-29 17:39:30,668 | INFO | epoch=834 loss_total=5.256880 loss_w2=5.157399 loss_reg=0.099481
2026-01-29 17:39:34,240 | INFO | epoch=835 loss_total=5.255282 loss_w2=5.155747 loss_reg=0.099536
2026-01-29 17:39:38,177 | INFO | epoch=836 loss_total=5.253689 loss_w2=5.154099 loss_reg=0.099591
2026-01-29 17:39:41,711 | INFO | epoch=837 loss_total=5.252096 loss_w2=5.152451 loss_reg=0.099646
2026-01-29 17:39:46,284 | INFO | epoch=838 loss_total=5.250512 loss_w2=5.150812 loss_reg=0.099700
2026-01-29 17:39:50,525 | INFO | epoch=839 loss_total=5.248930 loss_w2=5.149175 loss_reg=0.099755
2026-01-29 17:39:54,422 | INFO | epoch=840 loss_total=5.247352 loss_w2=5.147542 loss_reg=0.099810
2026-01-29 17:39:58,326 | INFO | epoch=841 loss_total=5.245778 loss_w2=5.145913 loss_reg=0.099865
2026-01-29 17:40:01,873 | INFO | epoch=842 loss_total=5.244205 loss_w2=5.144286 loss_reg=0.099919
2026-01-29 17:40:05,699 | INFO | epoch=843 loss_total=5.242644 loss_w2=5.142671 loss_reg=0.099974
2026-01-29 17:40:09,235 | INFO | epoch=844 loss_total=5.241080 loss_w2=5.141052 loss_reg=0.100028
2026-01-29 17:40:13,771 | INFO | epoch=845 loss_total=5.239524 loss_w2=5.139441 loss_reg=0.100082
2026-01-29 17:40:17,739 | INFO | epoch=846 loss_total=5.237967 loss_w2=5.137830 loss_reg=0.100137
2026-01-29 17:40:21,541 | INFO | epoch=847 loss_total=5.236418 loss_w2=5.136227 loss_reg=0.100191
2026-01-29 17:40:25,192 | INFO | epoch=848 loss_total=5.234867 loss_w2=5.134622 loss_reg=0.100245
2026-01-29 17:40:28,537 | INFO | epoch=849 loss_total=5.233323 loss_w2=5.133024 loss_reg=0.100299
2026-01-29 17:40:31,952 | INFO | epoch=850 loss_total=5.231778 loss_w2=5.131425 loss_reg=0.100353
2026-01-29 17:40:39,830 | INFO | epoch=851 loss_total=5.230239 loss_w2=5.129832 loss_reg=0.100407
2026-01-29 17:40:45,349 | INFO | epoch=852 loss_total=5.228702 loss_w2=5.128241 loss_reg=0.100461
2026-01-29 17:40:54,645 | INFO | epoch=853 loss_total=5.227171 loss_w2=5.126657 loss_reg=0.100515
2026-01-29 17:40:58,384 | INFO | epoch=854 loss_total=5.225646 loss_w2=5.125077 loss_reg=0.100568
2026-01-29 17:41:04,388 | INFO | epoch=855 loss_total=5.224127 loss_w2=5.123505 loss_reg=0.100622
2026-01-29 17:41:08,658 | INFO | epoch=856 loss_total=5.222606 loss_w2=5.121930 loss_reg=0.100676
2026-01-29 17:41:13,583 | INFO | epoch=857 loss_total=5.221098 loss_w2=5.120368 loss_reg=0.100729
2026-01-29 17:41:18,120 | INFO | epoch=858 loss_total=5.219590 loss_w2=5.118807 loss_reg=0.100783
2026-01-29 17:41:23,022 | INFO | epoch=859 loss_total=5.218085 loss_w2=5.117249 loss_reg=0.100836
2026-01-29 17:41:27,837 | INFO | epoch=860 loss_total=5.216587 loss_w2=5.115697 loss_reg=0.100890
2026-01-29 17:41:31,780 | INFO | epoch=861 loss_total=5.215093 loss_w2=5.114151 loss_reg=0.100943
2026-01-29 17:41:36,055 | INFO | epoch=862 loss_total=5.213602 loss_w2=5.112606 loss_reg=0.100996
2026-01-29 17:41:39,763 | INFO | epoch=863 loss_total=5.212117 loss_w2=5.111068 loss_reg=0.101049
2026-01-29 17:41:47,621 | INFO | epoch=864 loss_total=5.210640 loss_w2=5.109538 loss_reg=0.101102
2026-01-29 17:41:51,412 | INFO | epoch=865 loss_total=5.209159 loss_w2=5.108004 loss_reg=0.101155
2026-01-29 17:41:56,032 | INFO | epoch=866 loss_total=5.207690 loss_w2=5.106482 loss_reg=0.101208
2026-01-29 17:41:59,984 | INFO | epoch=867 loss_total=5.206223 loss_w2=5.104961 loss_reg=0.101261
2026-01-29 17:42:04,733 | INFO | epoch=868 loss_total=5.204753 loss_w2=5.103439 loss_reg=0.101314
2026-01-29 17:42:09,346 | INFO | epoch=869 loss_total=5.203292 loss_w2=5.101925 loss_reg=0.101366
2026-01-29 17:42:13,041 | INFO | epoch=870 loss_total=5.201834 loss_w2=5.100415 loss_reg=0.101419
2026-01-29 17:42:17,177 | INFO | epoch=871 loss_total=5.200384 loss_w2=5.098912 loss_reg=0.101472
2026-01-29 17:42:21,274 | INFO | epoch=872 loss_total=5.198936 loss_w2=5.097412 loss_reg=0.101524
2026-01-29 17:42:25,074 | INFO | epoch=873 loss_total=5.197495 loss_w2=5.095918 loss_reg=0.101577
2026-01-29 17:42:28,876 | INFO | epoch=874 loss_total=5.196058 loss_w2=5.094429 loss_reg=0.101629
2026-01-29 17:42:35,535 | INFO | epoch=875 loss_total=5.194626 loss_w2=5.092945 loss_reg=0.101681
2026-01-29 17:42:39,152 | INFO | epoch=876 loss_total=5.193198 loss_w2=5.091464 loss_reg=0.101734
2026-01-29 17:42:42,912 | INFO | epoch=877 loss_total=5.191774 loss_w2=5.089988 loss_reg=0.101786
2026-01-29 17:42:48,184 | INFO | epoch=878 loss_total=5.190352 loss_w2=5.088514 loss_reg=0.101838
2026-01-29 17:42:52,437 | INFO | epoch=879 loss_total=5.188940 loss_w2=5.087049 loss_reg=0.101890
2026-01-29 17:42:57,944 | INFO | epoch=880 loss_total=5.187530 loss_w2=5.085588 loss_reg=0.101942
2026-01-29 17:43:04,543 | INFO | epoch=881 loss_total=5.186124 loss_w2=5.084130 loss_reg=0.101994
2026-01-29 17:43:09,794 | INFO | epoch=882 loss_total=5.184724 loss_w2=5.082678 loss_reg=0.102046
2026-01-29 17:43:13,674 | INFO | epoch=883 loss_total=5.183326 loss_w2=5.081228 loss_reg=0.102098
2026-01-29 17:43:18,530 | INFO | epoch=884 loss_total=5.181932 loss_w2=5.079783 loss_reg=0.102149
2026-01-29 17:43:22,421 | INFO | epoch=885 loss_total=5.180545 loss_w2=5.078344 loss_reg=0.102201
2026-01-29 17:43:27,498 | INFO | epoch=886 loss_total=5.179159 loss_w2=5.076907 loss_reg=0.102253
2026-01-29 17:43:31,425 | INFO | epoch=887 loss_total=5.177777 loss_w2=5.075473 loss_reg=0.102304
2026-01-29 17:43:36,074 | INFO | epoch=888 loss_total=5.176399 loss_w2=5.074043 loss_reg=0.102356
2026-01-29 17:43:39,758 | INFO | epoch=889 loss_total=5.175026 loss_w2=5.072619 loss_reg=0.102407
2026-01-29 17:43:44,437 | INFO | epoch=890 loss_total=5.173655 loss_w2=5.071196 loss_reg=0.102458
2026-01-29 17:43:48,500 | INFO | epoch=891 loss_total=5.172286 loss_w2=5.069776 loss_reg=0.102510
2026-01-29 17:43:54,200 | INFO | epoch=892 loss_total=5.170924 loss_w2=5.068363 loss_reg=0.102561
2026-01-29 17:43:58,683 | INFO | epoch=893 loss_total=5.169561 loss_w2=5.066949 loss_reg=0.102612
2026-01-29 17:44:02,772 | INFO | epoch=894 loss_total=5.168206 loss_w2=5.065543 loss_reg=0.102663
2026-01-29 17:44:06,399 | INFO | epoch=895 loss_total=5.166852 loss_w2=5.064138 loss_reg=0.102714
2026-01-29 17:44:10,557 | INFO | epoch=896 loss_total=5.165503 loss_w2=5.062737 loss_reg=0.102765
2026-01-29 17:44:15,813 | INFO | epoch=897 loss_total=5.164156 loss_w2=5.061340 loss_reg=0.102816
2026-01-29 17:44:20,656 | INFO | epoch=898 loss_total=5.162814 loss_w2=5.059947 loss_reg=0.102867
2026-01-29 17:44:25,088 | INFO | epoch=899 loss_total=5.161475 loss_w2=5.058558 loss_reg=0.102918
2026-01-29 17:44:29,662 | INFO | epoch=900 loss_total=5.160140 loss_w2=5.057172 loss_reg=0.102968
2026-01-29 17:44:37,605 | INFO | epoch=901 loss_total=5.158807 loss_w2=5.055789 loss_reg=0.103019
2026-01-29 17:44:41,684 | INFO | epoch=902 loss_total=5.157480 loss_w2=5.054410 loss_reg=0.103070
2026-01-29 17:44:50,569 | INFO | epoch=903 loss_total=5.156154 loss_w2=5.053034 loss_reg=0.103120
2026-01-29 17:44:58,174 | INFO | epoch=904 loss_total=5.154831 loss_w2=5.051661 loss_reg=0.103170
2026-01-29 17:45:01,682 | INFO | epoch=905 loss_total=5.153515 loss_w2=5.050294 loss_reg=0.103221
2026-01-29 17:45:06,448 | INFO | epoch=906 loss_total=5.152196 loss_w2=5.048925 loss_reg=0.103271
2026-01-29 17:45:11,277 | INFO | epoch=907 loss_total=5.150884 loss_w2=5.047563 loss_reg=0.103321
2026-01-29 17:45:14,628 | INFO | epoch=908 loss_total=5.149581 loss_w2=5.046210 loss_reg=0.103372
2026-01-29 17:45:19,498 | INFO | epoch=909 loss_total=5.148276 loss_w2=5.044855 loss_reg=0.103422
2026-01-29 17:45:23,292 | INFO | epoch=910 loss_total=5.146978 loss_w2=5.043507 loss_reg=0.103472
2026-01-29 17:45:27,422 | INFO | epoch=911 loss_total=5.145681 loss_w2=5.042160 loss_reg=0.103522
2026-01-29 17:45:32,040 | INFO | epoch=912 loss_total=5.144389 loss_w2=5.040817 loss_reg=0.103572
2026-01-29 17:45:36,823 | INFO | epoch=913 loss_total=5.143098 loss_w2=5.039476 loss_reg=0.103622
2026-01-29 17:45:41,290 | INFO | epoch=914 loss_total=5.141811 loss_w2=5.038140 loss_reg=0.103672
2026-01-29 17:45:45,510 | INFO | epoch=915 loss_total=5.140528 loss_w2=5.036807 loss_reg=0.103721
2026-01-29 17:45:49,575 | INFO | epoch=916 loss_total=5.139249 loss_w2=5.035478 loss_reg=0.103771
2026-01-29 17:45:53,730 | INFO | epoch=917 loss_total=5.137971 loss_w2=5.034150 loss_reg=0.103821
2026-01-29 17:45:57,460 | INFO | epoch=918 loss_total=5.136695 loss_w2=5.032825 loss_reg=0.103870
2026-01-29 17:46:00,982 | INFO | epoch=919 loss_total=5.135421 loss_w2=5.031501 loss_reg=0.103920
2026-01-29 17:46:05,659 | INFO | epoch=920 loss_total=5.134152 loss_w2=5.030183 loss_reg=0.103969
2026-01-29 17:46:09,052 | INFO | epoch=921 loss_total=5.132883 loss_w2=5.028864 loss_reg=0.104019
2026-01-29 17:46:12,957 | INFO | epoch=922 loss_total=5.131616 loss_w2=5.027548 loss_reg=0.104068
2026-01-29 17:46:16,872 | INFO | epoch=923 loss_total=5.130353 loss_w2=5.026236 loss_reg=0.104117
2026-01-29 17:46:21,312 | INFO | epoch=924 loss_total=5.129092 loss_w2=5.024926 loss_reg=0.104166
2026-01-29 17:46:25,096 | INFO | epoch=925 loss_total=5.127836 loss_w2=5.023621 loss_reg=0.104216
2026-01-29 17:46:29,388 | INFO | epoch=926 loss_total=5.126583 loss_w2=5.022318 loss_reg=0.104265
2026-01-29 17:46:33,605 | INFO | epoch=927 loss_total=5.125334 loss_w2=5.021020 loss_reg=0.104314
2026-01-29 17:46:37,031 | INFO | epoch=928 loss_total=5.124087 loss_w2=5.019725 loss_reg=0.104363
2026-01-29 17:46:41,058 | INFO | epoch=929 loss_total=5.122844 loss_w2=5.018433 loss_reg=0.104412
2026-01-29 17:46:44,659 | INFO | epoch=930 loss_total=5.121610 loss_w2=5.017150 loss_reg=0.104460
2026-01-29 17:46:48,902 | INFO | epoch=931 loss_total=5.120376 loss_w2=5.015866 loss_reg=0.104509
2026-01-29 17:46:53,260 | INFO | epoch=932 loss_total=5.119144 loss_w2=5.014586 loss_reg=0.104558
2026-01-29 17:46:56,998 | INFO | epoch=933 loss_total=5.117919 loss_w2=5.013312 loss_reg=0.104607
2026-01-29 17:47:01,357 | INFO | epoch=934 loss_total=5.116694 loss_w2=5.012039 loss_reg=0.104655
2026-01-29 17:47:05,843 | INFO | epoch=935 loss_total=5.115475 loss_w2=5.010771 loss_reg=0.104704
2026-01-29 17:47:10,482 | INFO | epoch=936 loss_total=5.114256 loss_w2=5.009504 loss_reg=0.104752
2026-01-29 17:47:14,732 | INFO | epoch=937 loss_total=5.113044 loss_w2=5.008243 loss_reg=0.104801
2026-01-29 17:47:19,018 | INFO | epoch=938 loss_total=5.111829 loss_w2=5.006980 loss_reg=0.104849
2026-01-29 17:47:22,322 | INFO | epoch=939 loss_total=5.110623 loss_w2=5.005725 loss_reg=0.104897
2026-01-29 17:47:25,818 | INFO | epoch=940 loss_total=5.109419 loss_w2=5.004473 loss_reg=0.104946
2026-01-29 17:47:30,592 | INFO | epoch=941 loss_total=5.108215 loss_w2=5.003222 loss_reg=0.104994
2026-01-29 17:47:34,926 | INFO | epoch=942 loss_total=5.107015 loss_w2=5.001973 loss_reg=0.105042
2026-01-29 17:47:40,293 | INFO | epoch=943 loss_total=5.105818 loss_w2=5.000728 loss_reg=0.105090
2026-01-29 17:47:45,238 | INFO | epoch=944 loss_total=5.104627 loss_w2=4.999489 loss_reg=0.105138
2026-01-29 17:47:49,321 | INFO | epoch=945 loss_total=5.103436 loss_w2=4.998250 loss_reg=0.105186
2026-01-29 17:47:52,882 | INFO | epoch=946 loss_total=5.102247 loss_w2=4.997013 loss_reg=0.105234
2026-01-29 17:47:56,513 | INFO | epoch=947 loss_total=5.101058 loss_w2=4.995776 loss_reg=0.105282
2026-01-29 17:48:01,955 | INFO | epoch=948 loss_total=5.099875 loss_w2=4.994545 loss_reg=0.105330
2026-01-29 17:48:06,203 | INFO | epoch=949 loss_total=5.098698 loss_w2=4.993320 loss_reg=0.105377
2026-01-29 17:48:10,342 | INFO | epoch=950 loss_total=5.097519 loss_w2=4.992095 loss_reg=0.105425
2026-01-29 17:48:16,798 | INFO | epoch=951 loss_total=5.096344 loss_w2=4.990871 loss_reg=0.105472
2026-01-29 17:48:20,055 | INFO | epoch=952 loss_total=5.095174 loss_w2=4.989654 loss_reg=0.105520
2026-01-29 17:48:24,962 | INFO | epoch=953 loss_total=5.094006 loss_w2=4.988438 loss_reg=0.105567
2026-01-29 17:48:30,545 | INFO | epoch=954 loss_total=5.092840 loss_w2=4.987226 loss_reg=0.105615
2026-01-29 17:48:34,047 | INFO | epoch=955 loss_total=5.091677 loss_w2=4.986014 loss_reg=0.105662
2026-01-29 17:48:38,450 | INFO | epoch=956 loss_total=5.090519 loss_w2=4.984810 loss_reg=0.105710
2026-01-29 17:48:42,063 | INFO | epoch=957 loss_total=5.089364 loss_w2=4.983607 loss_reg=0.105757
2026-01-29 17:48:45,504 | INFO | epoch=958 loss_total=5.088212 loss_w2=4.982409 loss_reg=0.105804
2026-01-29 17:48:55,790 | INFO | epoch=959 loss_total=5.087062 loss_w2=4.981211 loss_reg=0.105851
2026-01-29 17:49:01,432 | INFO | epoch=960 loss_total=5.085914 loss_w2=4.980016 loss_reg=0.105898
2026-01-29 17:49:06,324 | INFO | epoch=961 loss_total=5.084771 loss_w2=4.978826 loss_reg=0.105945
2026-01-29 17:49:10,149 | INFO | epoch=962 loss_total=5.083632 loss_w2=4.977640 loss_reg=0.105992
2026-01-29 17:49:13,624 | INFO | epoch=963 loss_total=5.082497 loss_w2=4.976458 loss_reg=0.106039
2026-01-29 17:49:17,423 | INFO | epoch=964 loss_total=5.081360 loss_w2=4.975275 loss_reg=0.106086
2026-01-29 17:49:21,415 | INFO | epoch=965 loss_total=5.080231 loss_w2=4.974099 loss_reg=0.106133
2026-01-29 17:49:26,089 | INFO | epoch=966 loss_total=5.079102 loss_w2=4.972923 loss_reg=0.106179
2026-01-29 17:49:30,874 | INFO | epoch=967 loss_total=5.077976 loss_w2=4.971750 loss_reg=0.106226
2026-01-29 17:49:35,924 | INFO | epoch=968 loss_total=5.076851 loss_w2=4.970579 loss_reg=0.106273
2026-01-29 17:49:39,980 | INFO | epoch=969 loss_total=5.075736 loss_w2=4.969417 loss_reg=0.106319
2026-01-29 17:49:45,537 | INFO | epoch=970 loss_total=5.074615 loss_w2=4.968250 loss_reg=0.106366
2026-01-29 17:49:49,515 | INFO | epoch=971 loss_total=5.073499 loss_w2=4.967087 loss_reg=0.106412
2026-01-29 17:49:53,383 | INFO | epoch=972 loss_total=5.072387 loss_w2=4.965929 loss_reg=0.106458
2026-01-29 17:49:57,179 | INFO | epoch=973 loss_total=5.071278 loss_w2=4.964773 loss_reg=0.106505
2026-01-29 17:50:02,128 | INFO | epoch=974 loss_total=5.070171 loss_w2=4.963620 loss_reg=0.106551
2026-01-29 17:50:06,147 | INFO | epoch=975 loss_total=5.069065 loss_w2=4.962468 loss_reg=0.106597
2026-01-29 17:50:10,999 | INFO | epoch=976 loss_total=5.067960 loss_w2=4.961317 loss_reg=0.106643
2026-01-29 17:50:14,736 | INFO | epoch=977 loss_total=5.066863 loss_w2=4.960173 loss_reg=0.106689
2026-01-29 17:50:17,293 | INFO | 早停触发: 波动小于阈值，停止训练。
